<?xml version="1.0" encoding="UTF-8"?>
<robot generator="Robot 7.3.2 (Python 3.11.14 on linux)" generated="2025-11-07T05:50:38.569166" rpa="false" schemaversion="5">
<suite id="s1" name="INT PS-CSSUser CreditMemoRequest" source="/home/runner/work/Copado-Test/Copado-Test/test/PS-CSSUser/INT_PS-CSSUser_CreditMemoRequest.robot">
<test id="s1-t1" name="INT_PS-CSSUser_Approve_Credit Memo Request(T18)" line="7">
<kw name="Test startup" owner="common" type="SETUP">
<kw name="Open Browser" owner="QWeb">
<msg time="2025-11-07T05:50:39.230995" level="INFO">QWeb version number: 3.6.1</msg>
<msg time="2025-11-07T05:50:39.511596" level="INFO">Browser: chrome</msg>
<msg time="2025-11-07T05:50:39.511675" level="INFO">Browser version: 142.0.7444.134</msg>
<msg time="2025-11-07T05:50:39.511711" level="INFO">Chromedriver version: 142.0.7444.59 (4b8153ab58d3c3f4c9f7e4baad9616ecf80db5fa-refs/branch-heads/7444_52@{#4})</msg>
<arg>about:blank</arg>
<arg>chrome</arg>
<arg>headless=True</arg>
<tag>Browser</tag>
<tag>Interaction</tag>
<doc>Open new browser to given url.</doc>
<status status="PASS" start="2025-11-07T05:50:39.229226" elapsed="0.303201"/>
</kw>
<kw name="Set Config" owner="QWeb">
<arg>LineBreak</arg>
<arg>${EMPTY}</arg>
<tag>Config</tag>
<doc>Set configuration parameter to given value. Return previous value.</doc>
<status status="PASS" start="2025-11-07T05:50:39.532875" elapsed="0.000778"/>
</kw>
<kw name="Set Config" owner="QWeb">
<arg>DefaultTimeout</arg>
<arg>60s</arg>
<tag>Config</tag>
<doc>Set configuration parameter to given value. Return previous value.</doc>
<status status="PASS" start="2025-11-07T05:50:39.533862" elapsed="0.000360"/>
</kw>
<kw name="Set Variables" owner="common">
<kw name="Get Current Date" owner="DateTime">
<msg time="2025-11-07T05:50:39.535155" level="INFO">${current_date} = 2025-11-07 05:50:40</msg>
<var>${current_date}</var>
<arg>exclude_millis=True</arg>
<doc>Returns current local or UTC time with an optional increment.</doc>
<status status="PASS" start="2025-11-07T05:50:39.534834" elapsed="0.000361"/>
</kw>
<kw name="Set Suite Variable" owner="BuiltIn">
<msg time="2025-11-07T05:50:39.535690" level="INFO">${current_date} = 2025-11-07 05:50:40</msg>
<arg>${current_date}</arg>
<doc>Makes a variable available everywhere within the scope of the current suite.</doc>
<status status="PASS" start="2025-11-07T05:50:39.535368" elapsed="0.000381"/>
</kw>
<doc>Set dynamic suite variables</doc>
<status status="PASS" start="2025-11-07T05:50:39.534447" elapsed="0.001379"/>
</kw>
<status status="PASS" start="2025-11-07T05:50:39.228230" elapsed="0.307670"/>
</kw>
<kw name="Profile User Common Steps" owner="common">
<kw name="Fetching TestData" owner="common">
<kw name="Log" owner="BuiltIn">
<msg time="2025-11-07T05:50:39.537596" level="INFO">INT_PS-CSSUser_Approve_Credit Memo Request(T18)</msg>
<arg>${TEST_NAME}</arg>
<doc>Logs the given message with the given level.</doc>
<status status="PASS" start="2025-11-07T05:50:39.537460" elapsed="0.000214"/>
</kw>
<kw name="Get File" owner="OperatingSystem">
<msg time="2025-11-07T05:50:39.537980" level="INFO" html="true">Getting file '&lt;a href="file:///home/runner/work/Copado-Test/Copado-Test/test/TestData/TestData.csv"&gt;/home/runner/work/Copado-Test/Copado-Test/test/TestData/TestData.csv&lt;/a&gt;'.</msg>
<msg time="2025-11-07T05:50:39.538136" level="INFO">${File_Content} = TestCaseName;Profileuser;Contact;salesorderID;ApprovalStatus;Value;user
INT_PS-CSSUser_Approve_Replacement-FOC(T10);itas_r2r_PS-CSS User;Dinesh Ramakrishn;3000009077;Approve;Replacement - FOC;itas_r2r...</msg>
<var>${File_Content}</var>
<arg>${FileName}</arg>
<doc>Returns the contents of a specified file.</doc>
<status status="PASS" start="2025-11-07T05:50:39.537830" elapsed="0.000330"/>
</kw>
<kw name="Convert To String" owner="BuiltIn">
<msg time="2025-11-07T05:50:39.538448" level="INFO">${File_String} = TestCaseName;Profileuser;Contact;salesorderID;ApprovalStatus;Value;user
INT_PS-CSSUser_Approve_Replacement-FOC(T10);itas_r2r_PS-CSS User;Dinesh Ramakrishn;3000009077;Approve;Replacement - FOC;itas_r2r...</msg>
<var>${File_String}</var>
<arg>${File_Content}</arg>
<doc>Converts the given item to a Unicode string.</doc>
<status status="PASS" start="2025-11-07T05:50:39.538259" elapsed="0.000214"/>
</kw>
<kw name="Split String" owner="String">
<msg time="2025-11-07T05:50:39.538825" level="INFO">@{File_Lines} = [ TestCaseName;Profileuser;Contact;salesorderID;ApprovalStatus;Value;user | INT_PS-CSSUser_Approve_Replacement-FOC(T10);itas_r2r_PS-CSS User;Dinesh Ramakrishn;3000009077;Approve;Replacement - FOC;itas...</msg>
<var>@{File_Lines}</var>
<arg>${File_String}</arg>
<arg>separator=\n</arg>
<doc>Splits the ``string`` using ``separator`` as a delimiter string.</doc>
<status status="PASS" start="2025-11-07T05:50:39.538586" elapsed="0.000262"/>
</kw>
<for flavor="IN">
<iter>
<kw name="Split String" owner="String">
<msg time="2025-11-07T05:50:39.539351" level="INFO">@{ROWS} = [ TestCaseName | Profileuser | Contact | salesorderID | ApprovalStatus | Value | user ]</msg>
<var>@{ROWS}</var>
<arg>${Lines}</arg>
<arg>separator=;</arg>
<doc>Splits the ``string`` using ``separator`` as a delimiter string.</doc>
<status status="PASS" start="2025-11-07T05:50:39.539195" elapsed="0.000178"/>
</kw>
<kw name="Get From List" owner="Collections">
<msg time="2025-11-07T05:50:39.539626" level="INFO">${TCName} = TestCaseName</msg>
<var>${TCName}</var>
<arg>${ROWS}</arg>
<arg>0</arg>
<doc>Returns the value specified with an ``index`` from ``list``.</doc>
<status status="PASS" start="2025-11-07T05:50:39.539459" elapsed="0.000188"/>
</kw>
<if>
<branch type="IF" condition="'${TCName}' == '${TEST_NAME}'">
<kw name="Get From List" owner="Collections">
<var>${Profileuser}</var>
<arg>${ROWS}</arg>
<arg>1</arg>
<doc>Returns the value specified with an ``index`` from ``list``.</doc>
<status status="NOT RUN" start="2025-11-07T05:50:39.539918" elapsed="0.000017"/>
</kw>
<kw name="Get From List" owner="Collections">
<var>${Contact}</var>
<arg>${ROWS}</arg>
<arg>2</arg>
<doc>Returns the value specified with an ``index`` from ``list``.</doc>
<status status="NOT RUN" start="2025-11-07T05:50:39.540025" elapsed="0.000017"/>
</kw>
<kw name="Get From List" owner="Collections">
<var>${salesorderID}</var>
<arg>${ROWS}</arg>
<arg>3</arg>
<doc>Returns the value specified with an ``index`` from ``list``.</doc>
<status status="NOT RUN" start="2025-11-07T05:50:39.540121" elapsed="0.000015"/>
</kw>
<kw name="Get From List" owner="Collections">
<var>${ApprovalStatus}</var>
<arg>${ROWS}</arg>
<arg>4</arg>
<doc>Returns the value specified with an ``index`` from ``list``.</doc>
<status status="NOT RUN" start="2025-11-07T05:50:39.540212" elapsed="0.000014"/>
</kw>
<kw name="Get From List" owner="Collections">
<var>${Value}</var>
<arg>${ROWS}</arg>
<arg>5</arg>
<doc>Returns the value specified with an ``index`` from ``list``.</doc>
<status status="NOT RUN" start="2025-11-07T05:50:39.540307" elapsed="0.000014"/>
</kw>
<kw name="Get From List" owner="Collections">
<var>${user}</var>
<arg>${ROWS}</arg>
<arg>6</arg>
<doc>Returns the value specified with an ``index`` from ``list``.</doc>
<status status="NOT RUN" start="2025-11-07T05:50:39.540395" elapsed="0.000014"/>
</kw>
<kw name="Append To List" owner="Collections">
<arg>${TestdataList}</arg>
<arg>${Profileuser}</arg>
<doc>Adds ``values`` to the end of ``list``.</doc>
<status status="NOT RUN" start="2025-11-07T05:50:39.540482" elapsed="0.000014"/>
</kw>
<kw name="Append To List" owner="Collections">
<arg>${TestdataList}</arg>
<arg>${Contact}</arg>
<doc>Adds ``values`` to the end of ``list``.</doc>
<status status="NOT RUN" start="2025-11-07T05:50:39.540590" elapsed="0.000018"/>
</kw>
<kw name="Append To List" owner="Collections">
<arg>${TestdataList}</arg>
<arg>${salesorderID}</arg>
<doc>Adds ``values`` to the end of ``list``.</doc>
<status status="NOT RUN" start="2025-11-07T05:50:39.540685" elapsed="0.000016"/>
</kw>
<kw name="Append To List" owner="Collections">
<arg>${TestdataList}</arg>
<arg>${ApprovalStatus}</arg>
<doc>Adds ``values`` to the end of ``list``.</doc>
<status status="NOT RUN" start="2025-11-07T05:50:39.540778" elapsed="0.000016"/>
</kw>
<kw name="Append To List" owner="Collections">
<arg>${TestdataList}</arg>
<arg>${Value}</arg>
<doc>Adds ``values`` to the end of ``list``.</doc>
<status status="NOT RUN" start="2025-11-07T05:50:39.540916" elapsed="0.000015"/>
</kw>
<kw name="Append To List" owner="Collections">
<arg>${TestdataList}</arg>
<arg>${user}</arg>
<doc>Adds ``values`` to the end of ``list``.</doc>
<status status="NOT RUN" start="2025-11-07T05:50:39.541006" elapsed="0.000015"/>
</kw>
<status status="NOT RUN" start="2025-11-07T05:50:39.539725" elapsed="0.001321"/>
</branch>
<status status="PASS" start="2025-11-07T05:50:39.539702" elapsed="0.001372"/>
</if>
<var name="${Lines}">TestCaseName;Profileuser;Contact;salesorderID;ApprovalStatus;Value;user</var>
<status status="PASS" start="2025-11-07T05:50:39.539119" elapsed="0.001977"/>
</iter>
<iter>
<kw name="Split String" owner="String">
<msg time="2025-11-07T05:50:39.541470" level="INFO">@{ROWS} = [ INT_PS-CSSUser_Approve_Replacement-FOC(T10) | itas_r2r_PS-CSS User | Dinesh Ramakrishn | 3000009077 | Approve | Replacement - FOC | itas_r2r_PS-CSS ]</msg>
<var>@{ROWS}</var>
<arg>${Lines}</arg>
<arg>separator=;</arg>
<doc>Splits the ``string`` using ``separator`` as a delimiter string.</doc>
<status status="PASS" start="2025-11-07T05:50:39.541311" elapsed="0.000180"/>
</kw>
<kw name="Get From List" owner="Collections">
<msg time="2025-11-07T05:50:39.541736" level="INFO">${TCName} = INT_PS-CSSUser_Approve_Replacement-FOC(T10)</msg>
<var>${TCName}</var>
<arg>${ROWS}</arg>
<arg>0</arg>
<doc>Returns the value specified with an ``index`` from ``list``.</doc>
<status status="PASS" start="2025-11-07T05:50:39.541604" elapsed="0.000153"/>
</kw>
<if>
<branch type="IF" condition="'${TCName}' == '${TEST_NAME}'">
<kw name="Get From List" owner="Collections">
<var>${Profileuser}</var>
<arg>${ROWS}</arg>
<arg>1</arg>
<doc>Returns the value specified with an ``index`` from ``list``.</doc>
<status status="NOT RUN" start="2025-11-07T05:50:39.541973" elapsed="0.000015"/>
</kw>
<kw name="Get From List" owner="Collections">
<var>${Contact}</var>
<arg>${ROWS}</arg>
<arg>2</arg>
<doc>Returns the value specified with an ``index`` from ``list``.</doc>
<status status="NOT RUN" start="2025-11-07T05:50:39.542066" elapsed="0.000014"/>
</kw>
<kw name="Get From List" owner="Collections">
<var>${salesorderID}</var>
<arg>${ROWS}</arg>
<arg>3</arg>
<doc>Returns the value specified with an ``index`` from ``list``.</doc>
<status status="NOT RUN" start="2025-11-07T05:50:39.542156" elapsed="0.000014"/>
</kw>
<kw name="Get From List" owner="Collections">
<var>${ApprovalStatus}</var>
<arg>${ROWS}</arg>
<arg>4</arg>
<doc>Returns the value specified with an ``index`` from ``list``.</doc>
<status status="NOT RUN" start="2025-11-07T05:50:39.542244" elapsed="0.000014"/>
</kw>
<kw name="Get From List" owner="Collections">
<var>${Value}</var>
<arg>${ROWS}</arg>
<arg>5</arg>
<doc>Returns the value specified with an ``index`` from ``list``.</doc>
<status status="NOT RUN" start="2025-11-07T05:50:39.542334" elapsed="0.000013"/>
</kw>
<kw name="Get From List" owner="Collections">
<var>${user}</var>
<arg>${ROWS}</arg>
<arg>6</arg>
<doc>Returns the value specified with an ``index`` from ``list``.</doc>
<status status="NOT RUN" start="2025-11-07T05:50:39.542419" elapsed="0.000014"/>
</kw>
<kw name="Append To List" owner="Collections">
<arg>${TestdataList}</arg>
<arg>${Profileuser}</arg>
<doc>Adds ``values`` to the end of ``list``.</doc>
<status status="NOT RUN" start="2025-11-07T05:50:39.542505" elapsed="0.000024"/>
</kw>
<kw name="Append To List" owner="Collections">
<arg>${TestdataList}</arg>
<arg>${Contact}</arg>
<doc>Adds ``values`` to the end of ``list``.</doc>
<status status="NOT RUN" start="2025-11-07T05:50:39.542633" elapsed="0.000016"/>
</kw>
<kw name="Append To List" owner="Collections">
<arg>${TestdataList}</arg>
<arg>${salesorderID}</arg>
<doc>Adds ``values`` to the end of ``list``.</doc>
<status status="NOT RUN" start="2025-11-07T05:50:39.542725" elapsed="0.000014"/>
</kw>
<kw name="Append To List" owner="Collections">
<arg>${TestdataList}</arg>
<arg>${ApprovalStatus}</arg>
<doc>Adds ``values`` to the end of ``list``.</doc>
<status status="NOT RUN" start="2025-11-07T05:50:39.542810" elapsed="0.000018"/>
</kw>
<kw name="Append To List" owner="Collections">
<arg>${TestdataList}</arg>
<arg>${Value}</arg>
<doc>Adds ``values`` to the end of ``list``.</doc>
<status status="NOT RUN" start="2025-11-07T05:50:39.542900" elapsed="0.000014"/>
</kw>
<kw name="Append To List" owner="Collections">
<arg>${TestdataList}</arg>
<arg>${user}</arg>
<doc>Adds ``values`` to the end of ``list``.</doc>
<status status="NOT RUN" start="2025-11-07T05:50:39.542984" elapsed="0.000013"/>
</kw>
<status status="NOT RUN" start="2025-11-07T05:50:39.541815" elapsed="0.001206"/>
</branch>
<status status="PASS" start="2025-11-07T05:50:39.541799" elapsed="0.001242"/>
</if>
<var name="${Lines}">INT_PS-CSSUser_Approve_Replacement-FOC(T10);itas_r2r_PS-CSS User;Dinesh Ramakrishn;3000009077;Approve;Replacement - FOC;itas_r2r_PS-CSS</var>
<status status="PASS" start="2025-11-07T05:50:39.541243" elapsed="0.001817"/>
</iter>
<iter>
<kw name="Split String" owner="String">
<msg time="2025-11-07T05:50:39.543424" level="INFO">@{ROWS} = [ INT_PS-CSSUser_Reject_Replacement-FOC(T10) | itas_r2r_PS-CSS User | Dinesh Ramakrishn | 3000009077 | Approve | Replacement - FOC | itas_r2r_PS-CSS ]</msg>
<var>@{ROWS}</var>
<arg>${Lines}</arg>
<arg>separator=;</arg>
<doc>Splits the ``string`` using ``separator`` as a delimiter string.</doc>
<status status="PASS" start="2025-11-07T05:50:39.543268" elapsed="0.000178"/>
</kw>
<kw name="Get From List" owner="Collections">
<msg time="2025-11-07T05:50:39.543686" level="INFO">${TCName} = INT_PS-CSSUser_Reject_Replacement-FOC(T10)</msg>
<var>${TCName}</var>
<arg>${ROWS}</arg>
<arg>0</arg>
<doc>Returns the value specified with an ``index`` from ``list``.</doc>
<status status="PASS" start="2025-11-07T05:50:39.543526" elapsed="0.000181"/>
</kw>
<if>
<branch type="IF" condition="'${TCName}' == '${TEST_NAME}'">
<kw name="Get From List" owner="Collections">
<var>${Profileuser}</var>
<arg>${ROWS}</arg>
<arg>1</arg>
<doc>Returns the value specified with an ``index`` from ``list``.</doc>
<status status="NOT RUN" start="2025-11-07T05:50:39.543920" elapsed="0.000015"/>
</kw>
<kw name="Get From List" owner="Collections">
<var>${Contact}</var>
<arg>${ROWS}</arg>
<arg>2</arg>
<doc>Returns the value specified with an ``index`` from ``list``.</doc>
<status status="NOT RUN" start="2025-11-07T05:50:39.544015" elapsed="0.000014"/>
</kw>
<kw name="Get From List" owner="Collections">
<var>${salesorderID}</var>
<arg>${ROWS}</arg>
<arg>3</arg>
<doc>Returns the value specified with an ``index`` from ``list``.</doc>
<status status="NOT RUN" start="2025-11-07T05:50:39.544104" elapsed="0.000013"/>
</kw>
<kw name="Get From List" owner="Collections">
<var>${ApprovalStatus}</var>
<arg>${ROWS}</arg>
<arg>4</arg>
<doc>Returns the value specified with an ``index`` from ``list``.</doc>
<status status="NOT RUN" start="2025-11-07T05:50:39.544197" elapsed="0.000015"/>
</kw>
<kw name="Get From List" owner="Collections">
<var>${Value}</var>
<arg>${ROWS}</arg>
<arg>5</arg>
<doc>Returns the value specified with an ``index`` from ``list``.</doc>
<status status="NOT RUN" start="2025-11-07T05:50:39.544286" elapsed="0.000013"/>
</kw>
<kw name="Get From List" owner="Collections">
<var>${user}</var>
<arg>${ROWS}</arg>
<arg>6</arg>
<doc>Returns the value specified with an ``index`` from ``list``.</doc>
<status status="NOT RUN" start="2025-11-07T05:50:39.544371" elapsed="0.000014"/>
</kw>
<kw name="Append To List" owner="Collections">
<arg>${TestdataList}</arg>
<arg>${Profileuser}</arg>
<doc>Adds ``values`` to the end of ``list``.</doc>
<status status="NOT RUN" start="2025-11-07T05:50:39.544455" elapsed="0.000014"/>
</kw>
<kw name="Append To List" owner="Collections">
<arg>${TestdataList}</arg>
<arg>${Contact}</arg>
<doc>Adds ``values`` to the end of ``list``.</doc>
<status status="NOT RUN" start="2025-11-07T05:50:39.544538" elapsed="0.000028"/>
</kw>
<kw name="Append To List" owner="Collections">
<arg>${TestdataList}</arg>
<arg>${salesorderID}</arg>
<doc>Adds ``values`` to the end of ``list``.</doc>
<status status="NOT RUN" start="2025-11-07T05:50:39.544641" elapsed="0.000013"/>
</kw>
<kw name="Append To List" owner="Collections">
<arg>${TestdataList}</arg>
<arg>${ApprovalStatus}</arg>
<doc>Adds ``values`` to the end of ``list``.</doc>
<status status="NOT RUN" start="2025-11-07T05:50:39.544766" elapsed="0.000016"/>
</kw>
<kw name="Append To List" owner="Collections">
<arg>${TestdataList}</arg>
<arg>${Value}</arg>
<doc>Adds ``values`` to the end of ``list``.</doc>
<status status="NOT RUN" start="2025-11-07T05:50:39.544855" elapsed="0.000014"/>
</kw>
<kw name="Append To List" owner="Collections">
<arg>${TestdataList}</arg>
<arg>${user}</arg>
<doc>Adds ``values`` to the end of ``list``.</doc>
<status status="NOT RUN" start="2025-11-07T05:50:39.544938" elapsed="0.000014"/>
</kw>
<status status="NOT RUN" start="2025-11-07T05:50:39.543765" elapsed="0.001210"/>
</branch>
<status status="PASS" start="2025-11-07T05:50:39.543749" elapsed="0.001247"/>
</if>
<var name="${Lines}">INT_PS-CSSUser_Reject_Replacement-FOC(T10);itas_r2r_PS-CSS User;Dinesh Ramakrishn;3000009077;Approve;Replacement - FOC;itas_r2r_PS-CSS</var>
<status status="PASS" start="2025-11-07T05:50:39.543202" elapsed="0.001813"/>
</iter>
<iter>
<kw name="Split String" owner="String">
<msg time="2025-11-07T05:50:39.545381" level="INFO">@{ROWS} = [ INT_PS-CSSUser_Approve_Debit Memo Request(T11) | itas_r2r_PS-CSS User | Dinesh Ramakrishn | 3000009077 | Approve | Debit Memo Request | itas_r2r_PS-CSS ]</msg>
<var>@{ROWS}</var>
<arg>${Lines}</arg>
<arg>separator=;</arg>
<doc>Splits the ``string`` using ``separator`` as a delimiter string.</doc>
<status status="PASS" start="2025-11-07T05:50:39.545229" elapsed="0.000173"/>
</kw>
<kw name="Get From List" owner="Collections">
<msg time="2025-11-07T05:50:39.545630" level="INFO">${TCName} = INT_PS-CSSUser_Approve_Debit Memo Request(T11)</msg>
<var>${TCName}</var>
<arg>${ROWS}</arg>
<arg>0</arg>
<doc>Returns the value specified with an ``index`` from ``list``.</doc>
<status status="PASS" start="2025-11-07T05:50:39.545483" elapsed="0.000167"/>
</kw>
<if>
<branch type="IF" condition="'${TCName}' == '${TEST_NAME}'">
<kw name="Get From List" owner="Collections">
<var>${Profileuser}</var>
<arg>${ROWS}</arg>
<arg>1</arg>
<doc>Returns the value specified with an ``index`` from ``list``.</doc>
<status status="NOT RUN" start="2025-11-07T05:50:39.545960" elapsed="0.000016"/>
</kw>
<kw name="Get From List" owner="Collections">
<var>${Contact}</var>
<arg>${ROWS}</arg>
<arg>2</arg>
<doc>Returns the value specified with an ``index`` from ``list``.</doc>
<status status="NOT RUN" start="2025-11-07T05:50:39.546058" elapsed="0.000014"/>
</kw>
<kw name="Get From List" owner="Collections">
<var>${salesorderID}</var>
<arg>${ROWS}</arg>
<arg>3</arg>
<doc>Returns the value specified with an ``index`` from ``list``.</doc>
<status status="NOT RUN" start="2025-11-07T05:50:39.546153" elapsed="0.000015"/>
</kw>
<kw name="Get From List" owner="Collections">
<var>${ApprovalStatus}</var>
<arg>${ROWS}</arg>
<arg>4</arg>
<doc>Returns the value specified with an ``index`` from ``list``.</doc>
<status status="NOT RUN" start="2025-11-07T05:50:39.546244" elapsed="0.000014"/>
</kw>
<kw name="Get From List" owner="Collections">
<var>${Value}</var>
<arg>${ROWS}</arg>
<arg>5</arg>
<doc>Returns the value specified with an ``index`` from ``list``.</doc>
<status status="NOT RUN" start="2025-11-07T05:50:39.546336" elapsed="0.000014"/>
</kw>
<kw name="Get From List" owner="Collections">
<var>${user}</var>
<arg>${ROWS}</arg>
<arg>6</arg>
<doc>Returns the value specified with an ``index`` from ``list``.</doc>
<status status="NOT RUN" start="2025-11-07T05:50:39.546424" elapsed="0.000014"/>
</kw>
<kw name="Append To List" owner="Collections">
<arg>${TestdataList}</arg>
<arg>${Profileuser}</arg>
<doc>Adds ``values`` to the end of ``list``.</doc>
<status status="NOT RUN" start="2025-11-07T05:50:39.546508" elapsed="0.000014"/>
</kw>
<kw name="Append To List" owner="Collections">
<arg>${TestdataList}</arg>
<arg>${Contact}</arg>
<doc>Adds ``values`` to the end of ``list``.</doc>
<status status="NOT RUN" start="2025-11-07T05:50:39.546611" elapsed="0.000016"/>
</kw>
<kw name="Append To List" owner="Collections">
<arg>${TestdataList}</arg>
<arg>${salesorderID}</arg>
<doc>Adds ``values`` to the end of ``list``.</doc>
<status status="NOT RUN" start="2025-11-07T05:50:39.546697" elapsed="0.000015"/>
</kw>
<kw name="Append To List" owner="Collections">
<arg>${TestdataList}</arg>
<arg>${ApprovalStatus}</arg>
<doc>Adds ``values`` to the end of ``list``.</doc>
<status status="NOT RUN" start="2025-11-07T05:50:39.546782" elapsed="0.000013"/>
</kw>
<kw name="Append To List" owner="Collections">
<arg>${TestdataList}</arg>
<arg>${Value}</arg>
<doc>Adds ``values`` to the end of ``list``.</doc>
<status status="NOT RUN" start="2025-11-07T05:50:39.546864" elapsed="0.000013"/>
</kw>
<kw name="Append To List" owner="Collections">
<arg>${TestdataList}</arg>
<arg>${user}</arg>
<doc>Adds ``values`` to the end of ``list``.</doc>
<status status="NOT RUN" start="2025-11-07T05:50:39.546945" elapsed="0.000014"/>
</kw>
<status status="NOT RUN" start="2025-11-07T05:50:39.545801" elapsed="0.001181"/>
</branch>
<status status="PASS" start="2025-11-07T05:50:39.545689" elapsed="0.001314"/>
</if>
<var name="${Lines}">INT_PS-CSSUser_Approve_Debit Memo Request(T11);itas_r2r_PS-CSS User;Dinesh Ramakrishn;3000009077;Approve;Debit Memo Request;itas_r2r_PS-CSS</var>
<status status="PASS" start="2025-11-07T05:50:39.545163" elapsed="0.001859"/>
</iter>
<iter>
<kw name="Split String" owner="String">
<msg time="2025-11-07T05:50:39.547381" level="INFO">@{ROWS} = [ INT_PS-CSSUser_Reject_Debit Memo Request(T11) | itas_r2r_PS-CSS User | Dinesh Ramakrishn | 3000009077 | Approve | Debit Memo Request | itas_r2r_PS-CSS ]</msg>
<var>@{ROWS}</var>
<arg>${Lines}</arg>
<arg>separator=;</arg>
<doc>Splits the ``string`` using ``separator`` as a delimiter string.</doc>
<status status="PASS" start="2025-11-07T05:50:39.547226" elapsed="0.000176"/>
</kw>
<kw name="Get From List" owner="Collections">
<msg time="2025-11-07T05:50:39.547616" level="INFO">${TCName} = INT_PS-CSSUser_Reject_Debit Memo Request(T11)</msg>
<var>${TCName}</var>
<arg>${ROWS}</arg>
<arg>0</arg>
<doc>Returns the value specified with an ``index`` from ``list``.</doc>
<status status="PASS" start="2025-11-07T05:50:39.547481" elapsed="0.000156"/>
</kw>
<if>
<branch type="IF" condition="'${TCName}' == '${TEST_NAME}'">
<kw name="Get From List" owner="Collections">
<var>${Profileuser}</var>
<arg>${ROWS}</arg>
<arg>1</arg>
<doc>Returns the value specified with an ``index`` from ``list``.</doc>
<status status="NOT RUN" start="2025-11-07T05:50:39.547846" elapsed="0.000016"/>
</kw>
<kw name="Get From List" owner="Collections">
<var>${Contact}</var>
<arg>${ROWS}</arg>
<arg>2</arg>
<doc>Returns the value specified with an ``index`` from ``list``.</doc>
<status status="NOT RUN" start="2025-11-07T05:50:39.547940" elapsed="0.000014"/>
</kw>
<kw name="Get From List" owner="Collections">
<var>${salesorderID}</var>
<arg>${ROWS}</arg>
<arg>3</arg>
<doc>Returns the value specified with an ``index`` from ``list``.</doc>
<status status="NOT RUN" start="2025-11-07T05:50:39.548027" elapsed="0.000013"/>
</kw>
<kw name="Get From List" owner="Collections">
<var>${ApprovalStatus}</var>
<arg>${ROWS}</arg>
<arg>4</arg>
<doc>Returns the value specified with an ``index`` from ``list``.</doc>
<status status="NOT RUN" start="2025-11-07T05:50:39.548113" elapsed="0.000014"/>
</kw>
<kw name="Get From List" owner="Collections">
<var>${Value}</var>
<arg>${ROWS}</arg>
<arg>5</arg>
<doc>Returns the value specified with an ``index`` from ``list``.</doc>
<status status="NOT RUN" start="2025-11-07T05:50:39.548199" elapsed="0.000018"/>
</kw>
<kw name="Get From List" owner="Collections">
<var>${user}</var>
<arg>${ROWS}</arg>
<arg>6</arg>
<doc>Returns the value specified with an ``index`` from ``list``.</doc>
<status status="NOT RUN" start="2025-11-07T05:50:39.548292" elapsed="0.000014"/>
</kw>
<kw name="Append To List" owner="Collections">
<arg>${TestdataList}</arg>
<arg>${Profileuser}</arg>
<doc>Adds ``values`` to the end of ``list``.</doc>
<status status="NOT RUN" start="2025-11-07T05:50:39.548381" elapsed="0.000014"/>
</kw>
<kw name="Append To List" owner="Collections">
<arg>${TestdataList}</arg>
<arg>${Contact}</arg>
<doc>Adds ``values`` to the end of ``list``.</doc>
<status status="NOT RUN" start="2025-11-07T05:50:39.548505" elapsed="0.000015"/>
</kw>
<kw name="Append To List" owner="Collections">
<arg>${TestdataList}</arg>
<arg>${salesorderID}</arg>
<doc>Adds ``values`` to the end of ``list``.</doc>
<status status="NOT RUN" start="2025-11-07T05:50:39.548610" elapsed="0.000015"/>
</kw>
<kw name="Append To List" owner="Collections">
<arg>${TestdataList}</arg>
<arg>${ApprovalStatus}</arg>
<doc>Adds ``values`` to the end of ``list``.</doc>
<status status="NOT RUN" start="2025-11-07T05:50:39.548702" elapsed="0.000014"/>
</kw>
<kw name="Append To List" owner="Collections">
<arg>${TestdataList}</arg>
<arg>${Value}</arg>
<doc>Adds ``values`` to the end of ``list``.</doc>
<status status="NOT RUN" start="2025-11-07T05:50:39.548787" elapsed="0.000013"/>
</kw>
<kw name="Append To List" owner="Collections">
<arg>${TestdataList}</arg>
<arg>${user}</arg>
<doc>Adds ``values`` to the end of ``list``.</doc>
<status status="NOT RUN" start="2025-11-07T05:50:39.548869" elapsed="0.000014"/>
</kw>
<status status="NOT RUN" start="2025-11-07T05:50:39.547691" elapsed="0.001214"/>
</branch>
<status status="PASS" start="2025-11-07T05:50:39.547676" elapsed="0.001248"/>
</if>
<var name="${Lines}">INT_PS-CSSUser_Reject_Debit Memo Request(T11);itas_r2r_PS-CSS User;Dinesh Ramakrishn;3000009077;Approve;Debit Memo Request;itas_r2r_PS-CSS</var>
<status status="PASS" start="2025-11-07T05:50:39.547161" elapsed="0.001781"/>
</iter>
<iter>
<kw name="Split String" owner="String">
<msg time="2025-11-07T05:50:39.549368" level="INFO">@{ROWS} = [ INT_PS-CSSUser_Approve_Returns-Credit(T12) | itas_r2r_PS-CSS User | Dinesh Ramakrishn | 3000009077 | Approve | Returns - Credit | itas_r2r_PS-CSS ]</msg>
<var>@{ROWS}</var>
<arg>${Lines}</arg>
<arg>separator=;</arg>
<doc>Splits the ``string`` using ``separator`` as a delimiter string.</doc>
<status status="PASS" start="2025-11-07T05:50:39.549212" elapsed="0.000178"/>
</kw>
<kw name="Get From List" owner="Collections">
<msg time="2025-11-07T05:50:39.549623" level="INFO">${TCName} = INT_PS-CSSUser_Approve_Returns-Credit(T12)</msg>
<var>${TCName}</var>
<arg>${ROWS}</arg>
<arg>0</arg>
<doc>Returns the value specified with an ``index`` from ``list``.</doc>
<status status="PASS" start="2025-11-07T05:50:39.549471" elapsed="0.000175"/>
</kw>
<if>
<branch type="IF" condition="'${TCName}' == '${TEST_NAME}'">
<kw name="Get From List" owner="Collections">
<var>${Profileuser}</var>
<arg>${ROWS}</arg>
<arg>1</arg>
<doc>Returns the value specified with an ``index`` from ``list``.</doc>
<status status="NOT RUN" start="2025-11-07T05:50:39.549862" elapsed="0.000016"/>
</kw>
<kw name="Get From List" owner="Collections">
<var>${Contact}</var>
<arg>${ROWS}</arg>
<arg>2</arg>
<doc>Returns the value specified with an ``index`` from ``list``.</doc>
<status status="NOT RUN" start="2025-11-07T05:50:39.549956" elapsed="0.000014"/>
</kw>
<kw name="Get From List" owner="Collections">
<var>${salesorderID}</var>
<arg>${ROWS}</arg>
<arg>3</arg>
<doc>Returns the value specified with an ``index`` from ``list``.</doc>
<status status="NOT RUN" start="2025-11-07T05:50:39.550050" elapsed="0.000013"/>
</kw>
<kw name="Get From List" owner="Collections">
<var>${ApprovalStatus}</var>
<arg>${ROWS}</arg>
<arg>4</arg>
<doc>Returns the value specified with an ``index`` from ``list``.</doc>
<status status="NOT RUN" start="2025-11-07T05:50:39.550136" elapsed="0.000013"/>
</kw>
<kw name="Get From List" owner="Collections">
<var>${Value}</var>
<arg>${ROWS}</arg>
<arg>5</arg>
<doc>Returns the value specified with an ``index`` from ``list``.</doc>
<status status="NOT RUN" start="2025-11-07T05:50:39.550223" elapsed="0.000013"/>
</kw>
<kw name="Get From List" owner="Collections">
<var>${user}</var>
<arg>${ROWS}</arg>
<arg>6</arg>
<doc>Returns the value specified with an ``index`` from ``list``.</doc>
<status status="NOT RUN" start="2025-11-07T05:50:39.550308" elapsed="0.000013"/>
</kw>
<kw name="Append To List" owner="Collections">
<arg>${TestdataList}</arg>
<arg>${Profileuser}</arg>
<doc>Adds ``values`` to the end of ``list``.</doc>
<status status="NOT RUN" start="2025-11-07T05:50:39.550391" elapsed="0.000013"/>
</kw>
<kw name="Append To List" owner="Collections">
<arg>${TestdataList}</arg>
<arg>${Contact}</arg>
<doc>Adds ``values`` to the end of ``list``.</doc>
<status status="NOT RUN" start="2025-11-07T05:50:39.550488" elapsed="0.000023"/>
</kw>
<kw name="Append To List" owner="Collections">
<arg>${TestdataList}</arg>
<arg>${salesorderID}</arg>
<doc>Adds ``values`` to the end of ``list``.</doc>
<status status="NOT RUN" start="2025-11-07T05:50:39.550644" elapsed="0.000021"/>
</kw>
<kw name="Append To List" owner="Collections">
<arg>${TestdataList}</arg>
<arg>${ApprovalStatus}</arg>
<doc>Adds ``values`` to the end of ``list``.</doc>
<status status="NOT RUN" start="2025-11-07T05:50:39.550767" elapsed="0.000021"/>
</kw>
<kw name="Append To List" owner="Collections">
<arg>${TestdataList}</arg>
<arg>${Value}</arg>
<doc>Adds ``values`` to the end of ``list``.</doc>
<status status="NOT RUN" start="2025-11-07T05:50:39.550897" elapsed="0.000022"/>
</kw>
<kw name="Append To List" owner="Collections">
<arg>${TestdataList}</arg>
<arg>${user}</arg>
<doc>Adds ``values`` to the end of ``list``.</doc>
<status status="NOT RUN" start="2025-11-07T05:50:39.551034" elapsed="0.000022"/>
</kw>
<status status="NOT RUN" start="2025-11-07T05:50:39.549703" elapsed="0.001391"/>
</branch>
<status status="PASS" start="2025-11-07T05:50:39.549689" elapsed="0.001438"/>
</if>
<var name="${Lines}">INT_PS-CSSUser_Approve_Returns-Credit(T12);itas_r2r_PS-CSS User;Dinesh Ramakrishn;3000009077;Approve;Returns - Credit;itas_r2r_PS-CSS</var>
<status status="PASS" start="2025-11-07T05:50:39.549140" elapsed="0.002022"/>
</iter>
<iter>
<kw name="Split String" owner="String">
<msg time="2025-11-07T05:50:39.551627" level="INFO">@{ROWS} = [ INT_PS-CSSUser_Reject_Returns-Credit(T12) | itas_r2r_PS-CSS User | Dinesh Ramakrishn | 3000009077 | Approve | Returns - Credit | itas_r2r_PS-CSS ]</msg>
<var>@{ROWS}</var>
<arg>${Lines}</arg>
<arg>separator=;</arg>
<doc>Splits the ``string`` using ``separator`` as a delimiter string.</doc>
<status status="PASS" start="2025-11-07T05:50:39.551428" elapsed="0.000223"/>
</kw>
<kw name="Get From List" owner="Collections">
<msg time="2025-11-07T05:50:39.551918" level="INFO">${TCName} = INT_PS-CSSUser_Reject_Returns-Credit(T12)</msg>
<var>${TCName}</var>
<arg>${ROWS}</arg>
<arg>0</arg>
<doc>Returns the value specified with an ``index`` from ``list``.</doc>
<status status="PASS" start="2025-11-07T05:50:39.551774" elapsed="0.000166"/>
</kw>
<if>
<branch type="IF" condition="'${TCName}' == '${TEST_NAME}'">
<kw name="Get From List" owner="Collections">
<var>${Profileuser}</var>
<arg>${ROWS}</arg>
<arg>1</arg>
<doc>Returns the value specified with an ``index`` from ``list``.</doc>
<status status="NOT RUN" start="2025-11-07T05:50:39.552171" elapsed="0.000016"/>
</kw>
<kw name="Get From List" owner="Collections">
<var>${Contact}</var>
<arg>${ROWS}</arg>
<arg>2</arg>
<doc>Returns the value specified with an ``index`` from ``list``.</doc>
<status status="NOT RUN" start="2025-11-07T05:50:39.552266" elapsed="0.000014"/>
</kw>
<kw name="Get From List" owner="Collections">
<var>${salesorderID}</var>
<arg>${ROWS}</arg>
<arg>3</arg>
<doc>Returns the value specified with an ``index`` from ``list``.</doc>
<status status="NOT RUN" start="2025-11-07T05:50:39.552355" elapsed="0.000014"/>
</kw>
<kw name="Get From List" owner="Collections">
<var>${ApprovalStatus}</var>
<arg>${ROWS}</arg>
<arg>4</arg>
<doc>Returns the value specified with an ``index`` from ``list``.</doc>
<status status="NOT RUN" start="2025-11-07T05:50:39.552510" elapsed="0.000027"/>
</kw>
<kw name="Get From List" owner="Collections">
<var>${Value}</var>
<arg>${ROWS}</arg>
<arg>5</arg>
<doc>Returns the value specified with an ``index`` from ``list``.</doc>
<status status="NOT RUN" start="2025-11-07T05:50:39.552661" elapsed="0.000016"/>
</kw>
<kw name="Get From List" owner="Collections">
<var>${user}</var>
<arg>${ROWS}</arg>
<arg>6</arg>
<doc>Returns the value specified with an ``index`` from ``list``.</doc>
<status status="NOT RUN" start="2025-11-07T05:50:39.552789" elapsed="0.000015"/>
</kw>
<kw name="Append To List" owner="Collections">
<arg>${TestdataList}</arg>
<arg>${Profileuser}</arg>
<doc>Adds ``values`` to the end of ``list``.</doc>
<status status="NOT RUN" start="2025-11-07T05:50:39.552899" elapsed="0.000028"/>
</kw>
<kw name="Append To List" owner="Collections">
<arg>${TestdataList}</arg>
<arg>${Contact}</arg>
<doc>Adds ``values`` to the end of ``list``.</doc>
<status status="NOT RUN" start="2025-11-07T05:50:39.553023" elapsed="0.000015"/>
</kw>
<kw name="Append To List" owner="Collections">
<arg>${TestdataList}</arg>
<arg>${salesorderID}</arg>
<doc>Adds ``values`` to the end of ``list``.</doc>
<status status="NOT RUN" start="2025-11-07T05:50:39.553109" elapsed="0.000018"/>
</kw>
<kw name="Append To List" owner="Collections">
<arg>${TestdataList}</arg>
<arg>${ApprovalStatus}</arg>
<doc>Adds ``values`` to the end of ``list``.</doc>
<status status="NOT RUN" start="2025-11-07T05:50:39.553198" elapsed="0.000014"/>
</kw>
<kw name="Append To List" owner="Collections">
<arg>${TestdataList}</arg>
<arg>${Value}</arg>
<doc>Adds ``values`` to the end of ``list``.</doc>
<status status="NOT RUN" start="2025-11-07T05:50:39.553280" elapsed="0.000013"/>
</kw>
<kw name="Append To List" owner="Collections">
<arg>${TestdataList}</arg>
<arg>${user}</arg>
<doc>Adds ``values`` to the end of ``list``.</doc>
<status status="NOT RUN" start="2025-11-07T05:50:39.553360" elapsed="0.000013"/>
</kw>
<status status="NOT RUN" start="2025-11-07T05:50:39.551996" elapsed="0.001401"/>
</branch>
<status status="PASS" start="2025-11-07T05:50:39.551981" elapsed="0.001436"/>
</if>
<var name="${Lines}">INT_PS-CSSUser_Reject_Returns-Credit(T12);itas_r2r_PS-CSS User;Dinesh Ramakrishn;3000009077;Approve;Returns - Credit;itas_r2r_PS-CSS</var>
<status status="PASS" start="2025-11-07T05:50:39.551355" elapsed="0.002141"/>
</iter>
<iter>
<kw name="Split String" owner="String">
<msg time="2025-11-07T05:50:39.554215" level="INFO">@{ROWS} = [ INT_PS-CSSUser_Approve_Returns-No Credit(T13) | itas_r2r_PS-CSS User | Dinesh Ramakrishn | 3000009077 | Approve | Return - No Credit | itas_r2r_PS-CSS ]</msg>
<var>@{ROWS}</var>
<arg>${Lines}</arg>
<arg>separator=;</arg>
<doc>Splits the ``string`` using ``separator`` as a delimiter string.</doc>
<status status="PASS" start="2025-11-07T05:50:39.553985" elapsed="0.000262"/>
</kw>
<kw name="Get From List" owner="Collections">
<msg time="2025-11-07T05:50:39.554548" level="INFO">${TCName} = INT_PS-CSSUser_Approve_Returns-No Credit(T13)</msg>
<var>${TCName}</var>
<arg>${ROWS}</arg>
<arg>0</arg>
<doc>Returns the value specified with an ``index`` from ``list``.</doc>
<status status="PASS" start="2025-11-07T05:50:39.554374" elapsed="0.000226"/>
</kw>
<if>
<branch type="IF" condition="'${TCName}' == '${TEST_NAME}'">
<kw name="Get From List" owner="Collections">
<var>${Profileuser}</var>
<arg>${ROWS}</arg>
<arg>1</arg>
<doc>Returns the value specified with an ``index`` from ``list``.</doc>
<status status="NOT RUN" start="2025-11-07T05:50:39.554959" elapsed="0.000028"/>
</kw>
<kw name="Get From List" owner="Collections">
<var>${Contact}</var>
<arg>${ROWS}</arg>
<arg>2</arg>
<doc>Returns the value specified with an ``index`` from ``list``.</doc>
<status status="NOT RUN" start="2025-11-07T05:50:39.555115" elapsed="0.000021"/>
</kw>
<kw name="Get From List" owner="Collections">
<var>${salesorderID}</var>
<arg>${ROWS}</arg>
<arg>3</arg>
<doc>Returns the value specified with an ``index`` from ``list``.</doc>
<status status="NOT RUN" start="2025-11-07T05:50:39.555249" elapsed="0.000019"/>
</kw>
<kw name="Get From List" owner="Collections">
<var>${ApprovalStatus}</var>
<arg>${ROWS}</arg>
<arg>4</arg>
<doc>Returns the value specified with an ``index`` from ``list``.</doc>
<status status="NOT RUN" start="2025-11-07T05:50:39.555377" elapsed="0.000020"/>
</kw>
<kw name="Get From List" owner="Collections">
<var>${Value}</var>
<arg>${ROWS}</arg>
<arg>5</arg>
<doc>Returns the value specified with an ``index`` from ``list``.</doc>
<status status="NOT RUN" start="2025-11-07T05:50:39.555514" elapsed="0.000025"/>
</kw>
<kw name="Get From List" owner="Collections">
<var>${user}</var>
<arg>${ROWS}</arg>
<arg>6</arg>
<doc>Returns the value specified with an ``index`` from ``list``.</doc>
<status status="NOT RUN" start="2025-11-07T05:50:39.555686" elapsed="0.000024"/>
</kw>
<kw name="Append To List" owner="Collections">
<arg>${TestdataList}</arg>
<arg>${Profileuser}</arg>
<doc>Adds ``values`` to the end of ``list``.</doc>
<status status="NOT RUN" start="2025-11-07T05:50:39.555833" elapsed="0.000024"/>
</kw>
<kw name="Append To List" owner="Collections">
<arg>${TestdataList}</arg>
<arg>${Contact}</arg>
<doc>Adds ``values`` to the end of ``list``.</doc>
<status status="NOT RUN" start="2025-11-07T05:50:39.555981" elapsed="0.000024"/>
</kw>
<kw name="Append To List" owner="Collections">
<arg>${TestdataList}</arg>
<arg>${salesorderID}</arg>
<doc>Adds ``values`` to the end of ``list``.</doc>
<status status="NOT RUN" start="2025-11-07T05:50:39.556129" elapsed="0.000023"/>
</kw>
<kw name="Append To List" owner="Collections">
<arg>${TestdataList}</arg>
<arg>${ApprovalStatus}</arg>
<doc>Adds ``values`` to the end of ``list``.</doc>
<status status="NOT RUN" start="2025-11-07T05:50:39.556265" elapsed="0.000022"/>
</kw>
<kw name="Append To List" owner="Collections">
<arg>${TestdataList}</arg>
<arg>${Value}</arg>
<doc>Adds ``values`` to the end of ``list``.</doc>
<status status="NOT RUN" start="2025-11-07T05:50:39.556398" elapsed="0.000021"/>
</kw>
<kw name="Append To List" owner="Collections">
<arg>${TestdataList}</arg>
<arg>${user}</arg>
<doc>Adds ``values`` to the end of ``list``.</doc>
<status status="NOT RUN" start="2025-11-07T05:50:39.556532" elapsed="0.000018"/>
</kw>
<status status="NOT RUN" start="2025-11-07T05:50:39.554687" elapsed="0.001919"/>
</branch>
<status status="PASS" start="2025-11-07T05:50:39.554662" elapsed="0.001976"/>
</if>
<var name="${Lines}">INT_PS-CSSUser_Approve_Returns-No Credit(T13);itas_r2r_PS-CSS User;Dinesh Ramakrishn;3000009077;Approve;Return - No Credit;itas_r2r_PS-CSS</var>
<status status="PASS" start="2025-11-07T05:50:39.553872" elapsed="0.002788"/>
</iter>
<iter>
<kw name="Split String" owner="String">
<msg time="2025-11-07T05:50:39.557034" level="INFO">@{ROWS} = [ INT_PS-CSSUser_Reject_Returns-No Credit(T13) | itas_r2r_PS-CSS User | Dinesh Ramakrishn | 3000009077 | Approve | Return - No Credit | itas_r2r_PS-CSS ]</msg>
<var>@{ROWS}</var>
<arg>${Lines}</arg>
<arg>separator=;</arg>
<doc>Splits the ``string`` using ``separator`` as a delimiter string.</doc>
<status status="PASS" start="2025-11-07T05:50:39.556877" elapsed="0.000179"/>
</kw>
<kw name="Get From List" owner="Collections">
<msg time="2025-11-07T05:50:39.557252" level="INFO">${TCName} = INT_PS-CSSUser_Reject_Returns-No Credit(T13)</msg>
<var>${TCName}</var>
<arg>${ROWS}</arg>
<arg>0</arg>
<doc>Returns the value specified with an ``index`` from ``list``.</doc>
<status status="PASS" start="2025-11-07T05:50:39.557137" elapsed="0.000134"/>
</kw>
<if>
<branch type="IF" condition="'${TCName}' == '${TEST_NAME}'">
<kw name="Get From List" owner="Collections">
<var>${Profileuser}</var>
<arg>${ROWS}</arg>
<arg>1</arg>
<doc>Returns the value specified with an ``index`` from ``list``.</doc>
<status status="NOT RUN" start="2025-11-07T05:50:39.558888" elapsed="0.000017"/>
</kw>
<kw name="Get From List" owner="Collections">
<var>${Contact}</var>
<arg>${ROWS}</arg>
<arg>2</arg>
<doc>Returns the value specified with an ``index`` from ``list``.</doc>
<status status="NOT RUN" start="2025-11-07T05:50:39.558995" elapsed="0.000016"/>
</kw>
<kw name="Get From List" owner="Collections">
<var>${salesorderID}</var>
<arg>${ROWS}</arg>
<arg>3</arg>
<doc>Returns the value specified with an ``index`` from ``list``.</doc>
<status status="NOT RUN" start="2025-11-07T05:50:39.559090" elapsed="0.000015"/>
</kw>
<kw name="Get From List" owner="Collections">
<var>${ApprovalStatus}</var>
<arg>${ROWS}</arg>
<arg>4</arg>
<doc>Returns the value specified with an ``index`` from ``list``.</doc>
<status status="NOT RUN" start="2025-11-07T05:50:39.559243" elapsed="0.000027"/>
</kw>
<kw name="Get From List" owner="Collections">
<var>${Value}</var>
<arg>${ROWS}</arg>
<arg>5</arg>
<doc>Returns the value specified with an ``index`` from ``list``.</doc>
<status status="NOT RUN" start="2025-11-07T05:50:39.559391" elapsed="0.000022"/>
</kw>
<kw name="Get From List" owner="Collections">
<var>${user}</var>
<arg>${ROWS}</arg>
<arg>6</arg>
<doc>Returns the value specified with an ``index`` from ``list``.</doc>
<status status="NOT RUN" start="2025-11-07T05:50:39.559531" elapsed="0.000042"/>
</kw>
<kw name="Append To List" owner="Collections">
<arg>${TestdataList}</arg>
<arg>${Profileuser}</arg>
<doc>Adds ``values`` to the end of ``list``.</doc>
<status status="NOT RUN" start="2025-11-07T05:50:39.559704" elapsed="0.000024"/>
</kw>
<kw name="Append To List" owner="Collections">
<arg>${TestdataList}</arg>
<arg>${Contact}</arg>
<doc>Adds ``values`` to the end of ``list``.</doc>
<status status="NOT RUN" start="2025-11-07T05:50:39.559847" elapsed="0.000022"/>
</kw>
<kw name="Append To List" owner="Collections">
<arg>${TestdataList}</arg>
<arg>${salesorderID}</arg>
<doc>Adds ``values`` to the end of ``list``.</doc>
<status status="NOT RUN" start="2025-11-07T05:50:39.559987" elapsed="0.000021"/>
</kw>
<kw name="Append To List" owner="Collections">
<arg>${TestdataList}</arg>
<arg>${ApprovalStatus}</arg>
<doc>Adds ``values`` to the end of ``list``.</doc>
<status status="NOT RUN" start="2025-11-07T05:50:39.560125" elapsed="0.000020"/>
</kw>
<kw name="Append To List" owner="Collections">
<arg>${TestdataList}</arg>
<arg>${Value}</arg>
<doc>Adds ``values`` to the end of ``list``.</doc>
<status status="NOT RUN" start="2025-11-07T05:50:39.560247" elapsed="0.000020"/>
</kw>
<kw name="Append To List" owner="Collections">
<arg>${TestdataList}</arg>
<arg>${user}</arg>
<doc>Adds ``values`` to the end of ``list``.</doc>
<status status="NOT RUN" start="2025-11-07T05:50:39.560379" elapsed="0.000021"/>
</kw>
<status status="NOT RUN" start="2025-11-07T05:50:39.558703" elapsed="0.001736"/>
</branch>
<status status="PASS" start="2025-11-07T05:50:39.557310" elapsed="0.003161"/>
</if>
<var name="${Lines}">INT_PS-CSSUser_Reject_Returns-No Credit(T13);itas_r2r_PS-CSS User;Dinesh Ramakrishn;3000009077;Approve;Return - No Credit;itas_r2r_PS-CSS</var>
<status status="PASS" start="2025-11-07T05:50:39.556808" elapsed="0.003693"/>
</iter>
<iter>
<kw name="Split String" owner="String">
<msg time="2025-11-07T05:50:39.561071" level="INFO">@{ROWS} = [ INT_PS-CSSUser_Approve_Replacement-Charge(T14) | itas_r2r_PS-CSS User | Dinesh Ramakrishn | 3000009077 | Approve | Replacement - Charge | itas_r2r_PS-CSS ]</msg>
<var>@{ROWS}</var>
<arg>${Lines}</arg>
<arg>separator=;</arg>
<doc>Splits the ``string`` using ``separator`` as a delimiter string.</doc>
<status status="PASS" start="2025-11-07T05:50:39.560839" elapsed="0.000269"/>
</kw>
<kw name="Get From List" owner="Collections">
<msg time="2025-11-07T05:50:39.561440" level="INFO">${TCName} = INT_PS-CSSUser_Approve_Replacement-Charge(T14)</msg>
<var>${TCName}</var>
<arg>${ROWS}</arg>
<arg>0</arg>
<doc>Returns the value specified with an ``index`` from ``list``.</doc>
<status status="PASS" start="2025-11-07T05:50:39.561245" elapsed="0.000228"/>
</kw>
<if>
<branch type="IF" condition="'${TCName}' == '${TEST_NAME}'">
<kw name="Get From List" owner="Collections">
<var>${Profileuser}</var>
<arg>${ROWS}</arg>
<arg>1</arg>
<doc>Returns the value specified with an ``index`` from ``list``.</doc>
<status status="NOT RUN" start="2025-11-07T05:50:39.561827" elapsed="0.000026"/>
</kw>
<kw name="Get From List" owner="Collections">
<var>${Contact}</var>
<arg>${ROWS}</arg>
<arg>2</arg>
<doc>Returns the value specified with an ``index`` from ``list``.</doc>
<status status="NOT RUN" start="2025-11-07T05:50:39.561984" elapsed="0.000052"/>
</kw>
<kw name="Get From List" owner="Collections">
<var>${salesorderID}</var>
<arg>${ROWS}</arg>
<arg>3</arg>
<doc>Returns the value specified with an ``index`` from ``list``.</doc>
<status status="NOT RUN" start="2025-11-07T05:50:39.562174" elapsed="0.000026"/>
</kw>
<kw name="Get From List" owner="Collections">
<var>${ApprovalStatus}</var>
<arg>${ROWS}</arg>
<arg>4</arg>
<doc>Returns the value specified with an ``index`` from ``list``.</doc>
<status status="NOT RUN" start="2025-11-07T05:50:39.562330" elapsed="0.000024"/>
</kw>
<kw name="Get From List" owner="Collections">
<var>${Value}</var>
<arg>${ROWS}</arg>
<arg>5</arg>
<doc>Returns the value specified with an ``index`` from ``list``.</doc>
<status status="NOT RUN" start="2025-11-07T05:50:39.562485" elapsed="0.000024"/>
</kw>
<kw name="Get From List" owner="Collections">
<var>${user}</var>
<arg>${ROWS}</arg>
<arg>6</arg>
<doc>Returns the value specified with an ``index`` from ``list``.</doc>
<status status="NOT RUN" start="2025-11-07T05:50:39.562657" elapsed="0.000023"/>
</kw>
<kw name="Append To List" owner="Collections">
<arg>${TestdataList}</arg>
<arg>${Profileuser}</arg>
<doc>Adds ``values`` to the end of ``list``.</doc>
<status status="NOT RUN" start="2025-11-07T05:50:39.562805" elapsed="0.000025"/>
</kw>
<kw name="Append To List" owner="Collections">
<arg>${TestdataList}</arg>
<arg>${Contact}</arg>
<doc>Adds ``values`` to the end of ``list``.</doc>
<status status="NOT RUN" start="2025-11-07T05:50:39.562947" elapsed="0.000024"/>
</kw>
<kw name="Append To List" owner="Collections">
<arg>${TestdataList}</arg>
<arg>${salesorderID}</arg>
<doc>Adds ``values`` to the end of ``list``.</doc>
<status status="NOT RUN" start="2025-11-07T05:50:39.563090" elapsed="0.000024"/>
</kw>
<kw name="Append To List" owner="Collections">
<arg>${TestdataList}</arg>
<arg>${ApprovalStatus}</arg>
<doc>Adds ``values`` to the end of ``list``.</doc>
<status status="NOT RUN" start="2025-11-07T05:50:39.563236" elapsed="0.000023"/>
</kw>
<kw name="Append To List" owner="Collections">
<arg>${TestdataList}</arg>
<arg>${Value}</arg>
<doc>Adds ``values`` to the end of ``list``.</doc>
<status status="NOT RUN" start="2025-11-07T05:50:39.563372" elapsed="0.000024"/>
</kw>
<kw name="Append To List" owner="Collections">
<arg>${TestdataList}</arg>
<arg>${user}</arg>
<doc>Adds ``values`` to the end of ``list``.</doc>
<status status="NOT RUN" start="2025-11-07T05:50:39.563512" elapsed="0.000024"/>
</kw>
<status status="NOT RUN" start="2025-11-07T05:50:39.561575" elapsed="0.002027"/>
</branch>
<status status="PASS" start="2025-11-07T05:50:39.561531" elapsed="0.002111"/>
</if>
<var name="${Lines}">INT_PS-CSSUser_Approve_Replacement-Charge(T14);itas_r2r_PS-CSS User;Dinesh Ramakrishn;3000009077;Approve;Replacement - Charge;itas_r2r_PS-CSS</var>
<status status="PASS" start="2025-11-07T05:50:39.560735" elapsed="0.002939"/>
</iter>
<iter>
<kw name="Split String" owner="String">
<msg time="2025-11-07T05:50:39.564253" level="INFO">@{ROWS} = [ INT_PS-CSSUser_Reject_Replacement-Charge(T14) | itas_r2r_PS-CSS User | Dinesh Ramakrishn | 3000009077 | Approve | Replacement - Charge | itas_r2r_PS-CSS ]</msg>
<var>@{ROWS}</var>
<arg>${Lines}</arg>
<arg>separator=;</arg>
<doc>Splits the ``string`` using ``separator`` as a delimiter string.</doc>
<status status="PASS" start="2025-11-07T05:50:39.564002" elapsed="0.000284"/>
</kw>
<kw name="Get From List" owner="Collections">
<msg time="2025-11-07T05:50:39.564624" level="INFO">${TCName} = INT_PS-CSSUser_Reject_Replacement-Charge(T14)</msg>
<var>${TCName}</var>
<arg>${ROWS}</arg>
<arg>0</arg>
<doc>Returns the value specified with an ``index`` from ``list``.</doc>
<status status="PASS" start="2025-11-07T05:50:39.564417" elapsed="0.000239"/>
</kw>
<if>
<branch type="IF" condition="'${TCName}' == '${TEST_NAME}'">
<kw name="Get From List" owner="Collections">
<var>${Profileuser}</var>
<arg>${ROWS}</arg>
<arg>1</arg>
<doc>Returns the value specified with an ``index`` from ``list``.</doc>
<status status="NOT RUN" start="2025-11-07T05:50:39.564997" elapsed="0.000025"/>
</kw>
<kw name="Get From List" owner="Collections">
<var>${Contact}</var>
<arg>${ROWS}</arg>
<arg>2</arg>
<doc>Returns the value specified with an ``index`` from ``list``.</doc>
<status status="NOT RUN" start="2025-11-07T05:50:39.565148" elapsed="0.000066"/>
</kw>
<kw name="Get From List" owner="Collections">
<var>${salesorderID}</var>
<arg>${ROWS}</arg>
<arg>3</arg>
<doc>Returns the value specified with an ``index`` from ``list``.</doc>
<status status="NOT RUN" start="2025-11-07T05:50:39.565345" elapsed="0.000022"/>
</kw>
<kw name="Get From List" owner="Collections">
<var>${ApprovalStatus}</var>
<arg>${ROWS}</arg>
<arg>4</arg>
<doc>Returns the value specified with an ``index`` from ``list``.</doc>
<status status="NOT RUN" start="2025-11-07T05:50:39.565486" elapsed="0.000022"/>
</kw>
<kw name="Get From List" owner="Collections">
<var>${Value}</var>
<arg>${ROWS}</arg>
<arg>5</arg>
<doc>Returns the value specified with an ``index`` from ``list``.</doc>
<status status="NOT RUN" start="2025-11-07T05:50:39.565671" elapsed="0.000024"/>
</kw>
<kw name="Get From List" owner="Collections">
<var>${user}</var>
<arg>${ROWS}</arg>
<arg>6</arg>
<doc>Returns the value specified with an ``index`` from ``list``.</doc>
<status status="NOT RUN" start="2025-11-07T05:50:39.565827" elapsed="0.000024"/>
</kw>
<kw name="Append To List" owner="Collections">
<arg>${TestdataList}</arg>
<arg>${Profileuser}</arg>
<doc>Adds ``values`` to the end of ``list``.</doc>
<status status="NOT RUN" start="2025-11-07T05:50:39.565974" elapsed="0.000022"/>
</kw>
<kw name="Append To List" owner="Collections">
<arg>${TestdataList}</arg>
<arg>${Contact}</arg>
<doc>Adds ``values`` to the end of ``list``.</doc>
<status status="NOT RUN" start="2025-11-07T05:50:39.566113" elapsed="0.000022"/>
</kw>
<kw name="Append To List" owner="Collections">
<arg>${TestdataList}</arg>
<arg>${salesorderID}</arg>
<doc>Adds ``values`` to the end of ``list``.</doc>
<status status="NOT RUN" start="2025-11-07T05:50:39.566251" elapsed="0.000022"/>
</kw>
<kw name="Append To List" owner="Collections">
<arg>${TestdataList}</arg>
<arg>${ApprovalStatus}</arg>
<doc>Adds ``values`` to the end of ``list``.</doc>
<status status="NOT RUN" start="2025-11-07T05:50:39.566393" elapsed="0.000023"/>
</kw>
<kw name="Append To List" owner="Collections">
<arg>${TestdataList}</arg>
<arg>${Value}</arg>
<doc>Adds ``values`` to the end of ``list``.</doc>
<status status="NOT RUN" start="2025-11-07T05:50:39.566534" elapsed="0.000044"/>
</kw>
<kw name="Append To List" owner="Collections">
<arg>${TestdataList}</arg>
<arg>${user}</arg>
<doc>Adds ``values`` to the end of ``list``.</doc>
<status status="NOT RUN" start="2025-11-07T05:50:39.566703" elapsed="0.000023"/>
</kw>
<status status="NOT RUN" start="2025-11-07T05:50:39.564741" elapsed="0.002025"/>
</branch>
<status status="PASS" start="2025-11-07T05:50:39.564719" elapsed="0.002078"/>
</if>
<var name="${Lines}">INT_PS-CSSUser_Reject_Replacement-Charge(T14);itas_r2r_PS-CSS User;Dinesh Ramakrishn;3000009077;Approve;Replacement - Charge;itas_r2r_PS-CSS</var>
<status status="PASS" start="2025-11-07T05:50:39.563897" elapsed="0.002931"/>
</iter>
<iter>
<kw name="Split String" owner="String">
<msg time="2025-11-07T05:50:39.567388" level="INFO">@{ROWS} = [ INT_PS-CSSUser_Approve_Partial Credit Memo Request(T15) | itas_r2r_PS-CSS User | Dinesh Ramakrishn | 3000009077 | Approve | Partial Credit Memo Request | itas_r2r_PS-CSS ]</msg>
<var>@{ROWS}</var>
<arg>${Lines}</arg>
<arg>separator=;</arg>
<doc>Splits the ``string`` using ``separator`` as a delimiter string.</doc>
<status status="PASS" start="2025-11-07T05:50:39.567153" elapsed="0.000267"/>
</kw>
<kw name="Get From List" owner="Collections">
<msg time="2025-11-07T05:50:39.567764" level="INFO">${TCName} = INT_PS-CSSUser_Approve_Partial Credit Memo Request(T15)</msg>
<var>${TCName}</var>
<arg>${ROWS}</arg>
<arg>0</arg>
<doc>Returns the value specified with an ``index`` from ``list``.</doc>
<status status="PASS" start="2025-11-07T05:50:39.567576" elapsed="0.000216"/>
</kw>
<if>
<branch type="IF" condition="'${TCName}' == '${TEST_NAME}'">
<kw name="Get From List" owner="Collections">
<var>${Profileuser}</var>
<arg>${ROWS}</arg>
<arg>1</arg>
<doc>Returns the value specified with an ``index`` from ``list``.</doc>
<status status="NOT RUN" start="2025-11-07T05:50:39.568100" elapsed="0.000022"/>
</kw>
<kw name="Get From List" owner="Collections">
<var>${Contact}</var>
<arg>${ROWS}</arg>
<arg>2</arg>
<doc>Returns the value specified with an ``index`` from ``list``.</doc>
<status status="NOT RUN" start="2025-11-07T05:50:39.568256" elapsed="0.000024"/>
</kw>
<kw name="Get From List" owner="Collections">
<var>${salesorderID}</var>
<arg>${ROWS}</arg>
<arg>3</arg>
<doc>Returns the value specified with an ``index`` from ``list``.</doc>
<status status="NOT RUN" start="2025-11-07T05:50:39.568413" elapsed="0.000024"/>
</kw>
<kw name="Get From List" owner="Collections">
<var>${ApprovalStatus}</var>
<arg>${ROWS}</arg>
<arg>4</arg>
<doc>Returns the value specified with an ``index`` from ``list``.</doc>
<status status="NOT RUN" start="2025-11-07T05:50:39.568585" elapsed="0.000025"/>
</kw>
<kw name="Get From List" owner="Collections">
<var>${Value}</var>
<arg>${ROWS}</arg>
<arg>5</arg>
<doc>Returns the value specified with an ``index`` from ``list``.</doc>
<status status="NOT RUN" start="2025-11-07T05:50:39.568734" elapsed="0.000023"/>
</kw>
<kw name="Get From List" owner="Collections">
<var>${user}</var>
<arg>${ROWS}</arg>
<arg>6</arg>
<doc>Returns the value specified with an ``index`` from ``list``.</doc>
<status status="NOT RUN" start="2025-11-07T05:50:39.568879" elapsed="0.000027"/>
</kw>
<kw name="Append To List" owner="Collections">
<arg>${TestdataList}</arg>
<arg>${Profileuser}</arg>
<doc>Adds ``values`` to the end of ``list``.</doc>
<status status="NOT RUN" start="2025-11-07T05:50:39.569026" elapsed="0.000023"/>
</kw>
<kw name="Append To List" owner="Collections">
<arg>${TestdataList}</arg>
<arg>${Contact}</arg>
<doc>Adds ``values`` to the end of ``list``.</doc>
<status status="NOT RUN" start="2025-11-07T05:50:39.569166" elapsed="0.000022"/>
</kw>
<kw name="Append To List" owner="Collections">
<arg>${TestdataList}</arg>
<arg>${salesorderID}</arg>
<doc>Adds ``values`` to the end of ``list``.</doc>
<status status="NOT RUN" start="2025-11-07T05:50:39.569304" elapsed="0.000022"/>
</kw>
<kw name="Append To List" owner="Collections">
<arg>${TestdataList}</arg>
<arg>${ApprovalStatus}</arg>
<doc>Adds ``values`` to the end of ``list``.</doc>
<status status="NOT RUN" start="2025-11-07T05:50:39.569442" elapsed="0.000027"/>
</kw>
<kw name="Append To List" owner="Collections">
<arg>${TestdataList}</arg>
<arg>${Value}</arg>
<doc>Adds ``values`` to the end of ``list``.</doc>
<status status="NOT RUN" start="2025-11-07T05:50:39.569610" elapsed="0.000024"/>
</kw>
<kw name="Append To List" owner="Collections">
<arg>${TestdataList}</arg>
<arg>${user}</arg>
<doc>Adds ``values`` to the end of ``list``.</doc>
<status status="NOT RUN" start="2025-11-07T05:50:39.569752" elapsed="0.000022"/>
</kw>
<status status="NOT RUN" start="2025-11-07T05:50:39.567870" elapsed="0.001944"/>
</branch>
<status status="PASS" start="2025-11-07T05:50:39.567849" elapsed="0.001997"/>
</if>
<var name="${Lines}">INT_PS-CSSUser_Approve_Partial Credit Memo Request(T15);itas_r2r_PS-CSS User;Dinesh Ramakrishn;3000009077;Approve;Partial Credit Memo Request;itas_r2r_PS-CSS</var>
<status status="PASS" start="2025-11-07T05:50:39.567050" elapsed="0.002828"/>
</iter>
<iter>
<kw name="Split String" owner="String">
<msg time="2025-11-07T05:50:39.570449" level="INFO">@{ROWS} = [ INT_PS-CSSUser_Reject_Partial Credit Memo Request(T15) | itas_r2r_PS-CSS User | Dinesh Ramakrishn | 3000009077 | Approve | Partial Credit Memo Request | itas_r2r_PS-CSS ]</msg>
<var>@{ROWS}</var>
<arg>${Lines}</arg>
<arg>separator=;</arg>
<doc>Splits the ``string`` using ``separator`` as a delimiter string.</doc>
<status status="PASS" start="2025-11-07T05:50:39.570209" elapsed="0.000274"/>
</kw>
<kw name="Get From List" owner="Collections">
<msg time="2025-11-07T05:50:39.570831" level="INFO">${TCName} = INT_PS-CSSUser_Reject_Partial Credit Memo Request(T15)</msg>
<var>${TCName}</var>
<arg>${ROWS}</arg>
<arg>0</arg>
<doc>Returns the value specified with an ``index`` from ``list``.</doc>
<status status="PASS" start="2025-11-07T05:50:39.570640" elapsed="0.000222"/>
</kw>
<if>
<branch type="IF" condition="'${TCName}' == '${TEST_NAME}'">
<kw name="Get From List" owner="Collections">
<var>${Profileuser}</var>
<arg>${ROWS}</arg>
<arg>1</arg>
<doc>Returns the value specified with an ``index`` from ``list``.</doc>
<status status="NOT RUN" start="2025-11-07T05:50:39.571217" elapsed="0.000021"/>
</kw>
<kw name="Get From List" owner="Collections">
<var>${Contact}</var>
<arg>${ROWS}</arg>
<arg>2</arg>
<doc>Returns the value specified with an ``index`` from ``list``.</doc>
<status status="NOT RUN" start="2025-11-07T05:50:39.571349" elapsed="0.000020"/>
</kw>
<kw name="Get From List" owner="Collections">
<var>${salesorderID}</var>
<arg>${ROWS}</arg>
<arg>3</arg>
<doc>Returns the value specified with an ``index`` from ``list``.</doc>
<status status="NOT RUN" start="2025-11-07T05:50:39.571481" elapsed="0.000020"/>
</kw>
<kw name="Get From List" owner="Collections">
<var>${ApprovalStatus}</var>
<arg>${ROWS}</arg>
<arg>4</arg>
<doc>Returns the value specified with an ``index`` from ``list``.</doc>
<status status="NOT RUN" start="2025-11-07T05:50:39.571643" elapsed="0.000024"/>
</kw>
<kw name="Get From List" owner="Collections">
<var>${Value}</var>
<arg>${ROWS}</arg>
<arg>5</arg>
<doc>Returns the value specified with an ``index`` from ``list``.</doc>
<status status="NOT RUN" start="2025-11-07T05:50:39.571800" elapsed="0.000024"/>
</kw>
<kw name="Get From List" owner="Collections">
<var>${user}</var>
<arg>${ROWS}</arg>
<arg>6</arg>
<doc>Returns the value specified with an ``index`` from ``list``.</doc>
<status status="NOT RUN" start="2025-11-07T05:50:39.571948" elapsed="0.000024"/>
</kw>
<kw name="Append To List" owner="Collections">
<arg>${TestdataList}</arg>
<arg>${Profileuser}</arg>
<doc>Adds ``values`` to the end of ``list``.</doc>
<status status="NOT RUN" start="2025-11-07T05:50:39.572097" elapsed="0.000023"/>
</kw>
<kw name="Append To List" owner="Collections">
<arg>${TestdataList}</arg>
<arg>${Contact}</arg>
<doc>Adds ``values`` to the end of ``list``.</doc>
<status status="NOT RUN" start="2025-11-07T05:50:39.572243" elapsed="0.000025"/>
</kw>
<kw name="Append To List" owner="Collections">
<arg>${TestdataList}</arg>
<arg>${salesorderID}</arg>
<doc>Adds ``values`` to the end of ``list``.</doc>
<status status="NOT RUN" start="2025-11-07T05:50:39.572393" elapsed="0.000024"/>
</kw>
<kw name="Append To List" owner="Collections">
<arg>${TestdataList}</arg>
<arg>${ApprovalStatus}</arg>
<doc>Adds ``values`` to the end of ``list``.</doc>
<status status="NOT RUN" start="2025-11-07T05:50:39.572538" elapsed="0.000086"/>
</kw>
<kw name="Append To List" owner="Collections">
<arg>${TestdataList}</arg>
<arg>${Value}</arg>
<doc>Adds ``values`` to the end of ``list``.</doc>
<status status="NOT RUN" start="2025-11-07T05:50:39.572767" elapsed="0.000027"/>
</kw>
<kw name="Append To List" owner="Collections">
<arg>${TestdataList}</arg>
<arg>${user}</arg>
<doc>Adds ``values`` to the end of ``list``.</doc>
<status status="NOT RUN" start="2025-11-07T05:50:39.572924" elapsed="0.000026"/>
</kw>
<status status="NOT RUN" start="2025-11-07T05:50:39.570991" elapsed="0.002001"/>
</branch>
<status status="PASS" start="2025-11-07T05:50:39.570968" elapsed="0.002057"/>
</if>
<var name="${Lines}">INT_PS-CSSUser_Reject_Partial Credit Memo Request(T15);itas_r2r_PS-CSS User;Dinesh Ramakrishn;3000009077;Approve;Partial Credit Memo Request;itas_r2r_PS-CSS</var>
<status status="PASS" start="2025-11-07T05:50:39.570101" elapsed="0.002956"/>
</iter>
<iter>
<kw name="Split String" owner="String">
<msg time="2025-11-07T05:50:39.573670" level="INFO">@{ROWS} = [ INT_PS-CSSUser_Approve_Credit and Debit(T16) | itas_r2r_PS-CSS User | Dinesh Ramakrishn | 3000009077 | Approve |  | itas_r2r_PS-CSS ]</msg>
<var>@{ROWS}</var>
<arg>${Lines}</arg>
<arg>separator=;</arg>
<doc>Splits the ``string`` using ``separator`` as a delimiter string.</doc>
<status status="PASS" start="2025-11-07T05:50:39.573388" elapsed="0.000318"/>
</kw>
<kw name="Get From List" owner="Collections">
<msg time="2025-11-07T05:50:39.574048" level="INFO">${TCName} = INT_PS-CSSUser_Approve_Credit and Debit(T16)</msg>
<var>${TCName}</var>
<arg>${ROWS}</arg>
<arg>0</arg>
<doc>Returns the value specified with an ``index`` from ``list``.</doc>
<status status="PASS" start="2025-11-07T05:50:39.573842" elapsed="0.000242"/>
</kw>
<if>
<branch type="IF" condition="'${TCName}' == '${TEST_NAME}'">
<kw name="Get From List" owner="Collections">
<var>${Profileuser}</var>
<arg>${ROWS}</arg>
<arg>1</arg>
<doc>Returns the value specified with an ``index`` from ``list``.</doc>
<status status="NOT RUN" start="2025-11-07T05:50:39.574605" elapsed="0.000029"/>
</kw>
<kw name="Get From List" owner="Collections">
<var>${Contact}</var>
<arg>${ROWS}</arg>
<arg>2</arg>
<doc>Returns the value specified with an ``index`` from ``list``.</doc>
<status status="NOT RUN" start="2025-11-07T05:50:39.574785" elapsed="0.000025"/>
</kw>
<kw name="Get From List" owner="Collections">
<var>${salesorderID}</var>
<arg>${ROWS}</arg>
<arg>3</arg>
<doc>Returns the value specified with an ``index`` from ``list``.</doc>
<status status="NOT RUN" start="2025-11-07T05:50:39.574944" elapsed="0.000027"/>
</kw>
<kw name="Get From List" owner="Collections">
<var>${ApprovalStatus}</var>
<arg>${ROWS}</arg>
<arg>4</arg>
<doc>Returns the value specified with an ``index`` from ``list``.</doc>
<status status="NOT RUN" start="2025-11-07T05:50:39.575105" elapsed="0.000024"/>
</kw>
<kw name="Get From List" owner="Collections">
<var>${Value}</var>
<arg>${ROWS}</arg>
<arg>5</arg>
<doc>Returns the value specified with an ``index`` from ``list``.</doc>
<status status="NOT RUN" start="2025-11-07T05:50:39.575261" elapsed="0.000026"/>
</kw>
<kw name="Get From List" owner="Collections">
<var>${user}</var>
<arg>${ROWS}</arg>
<arg>6</arg>
<doc>Returns the value specified with an ``index`` from ``list``.</doc>
<status status="NOT RUN" start="2025-11-07T05:50:39.575427" elapsed="0.000025"/>
</kw>
<kw name="Append To List" owner="Collections">
<arg>${TestdataList}</arg>
<arg>${Profileuser}</arg>
<doc>Adds ``values`` to the end of ``list``.</doc>
<status status="NOT RUN" start="2025-11-07T05:50:39.575601" elapsed="0.000025"/>
</kw>
<kw name="Append To List" owner="Collections">
<arg>${TestdataList}</arg>
<arg>${Contact}</arg>
<doc>Adds ``values`` to the end of ``list``.</doc>
<status status="NOT RUN" start="2025-11-07T05:50:39.575754" elapsed="0.000025"/>
</kw>
<kw name="Append To List" owner="Collections">
<arg>${TestdataList}</arg>
<arg>${salesorderID}</arg>
<doc>Adds ``values`` to the end of ``list``.</doc>
<status status="NOT RUN" start="2025-11-07T05:50:39.575907" elapsed="0.000023"/>
</kw>
<kw name="Append To List" owner="Collections">
<arg>${TestdataList}</arg>
<arg>${ApprovalStatus}</arg>
<doc>Adds ``values`` to the end of ``list``.</doc>
<status status="NOT RUN" start="2025-11-07T05:50:39.576049" elapsed="0.000022"/>
</kw>
<kw name="Append To List" owner="Collections">
<arg>${TestdataList}</arg>
<arg>${Value}</arg>
<doc>Adds ``values`` to the end of ``list``.</doc>
<status status="NOT RUN" start="2025-11-07T05:50:39.576183" elapsed="0.000020"/>
</kw>
<kw name="Append To List" owner="Collections">
<arg>${TestdataList}</arg>
<arg>${user}</arg>
<doc>Adds ``values`` to the end of ``list``.</doc>
<status status="NOT RUN" start="2025-11-07T05:50:39.576317" elapsed="0.000025"/>
</kw>
<status status="NOT RUN" start="2025-11-07T05:50:39.574315" elapsed="0.002084"/>
</branch>
<status status="PASS" start="2025-11-07T05:50:39.574151" elapsed="0.002289"/>
</if>
<var name="${Lines}">INT_PS-CSSUser_Approve_Credit and Debit(T16);itas_r2r_PS-CSS User;Dinesh Ramakrishn;3000009077;Approve;;itas_r2r_PS-CSS</var>
<status status="PASS" start="2025-11-07T05:50:39.573277" elapsed="0.003198"/>
</iter>
<iter>
<kw name="Split String" owner="String">
<msg time="2025-11-07T05:50:39.576905" level="INFO">@{ROWS} = [ INT_PS-CSSUser_Reject_Credit and Debit(T16) | itas_r2r_PS-CSS User | Dinesh Ramakrishn | 3000009077 | Approve |  | itas_r2r_PS-CSS ]</msg>
<var>@{ROWS}</var>
<arg>${Lines}</arg>
<arg>separator=;</arg>
<doc>Splits the ``string`` using ``separator`` as a delimiter string.</doc>
<status status="PASS" start="2025-11-07T05:50:39.576740" elapsed="0.000222"/>
</kw>
<kw name="Get From List" owner="Collections">
<msg time="2025-11-07T05:50:39.577179" level="INFO">${TCName} = INT_PS-CSSUser_Reject_Credit and Debit(T16)</msg>
<var>${TCName}</var>
<arg>${ROWS}</arg>
<arg>0</arg>
<doc>Returns the value specified with an ``index`` from ``list``.</doc>
<status status="PASS" start="2025-11-07T05:50:39.577057" elapsed="0.000143"/>
</kw>
<if>
<branch type="IF" condition="'${TCName}' == '${TEST_NAME}'">
<kw name="Get From List" owner="Collections">
<var>${Profileuser}</var>
<arg>${ROWS}</arg>
<arg>1</arg>
<doc>Returns the value specified with an ``index`` from ``list``.</doc>
<status status="NOT RUN" start="2025-11-07T05:50:39.577411" elapsed="0.000017"/>
</kw>
<kw name="Get From List" owner="Collections">
<var>${Contact}</var>
<arg>${ROWS}</arg>
<arg>2</arg>
<doc>Returns the value specified with an ``index`` from ``list``.</doc>
<status status="NOT RUN" start="2025-11-07T05:50:39.577508" elapsed="0.000014"/>
</kw>
<kw name="Get From List" owner="Collections">
<var>${salesorderID}</var>
<arg>${ROWS}</arg>
<arg>3</arg>
<doc>Returns the value specified with an ``index`` from ``list``.</doc>
<status status="NOT RUN" start="2025-11-07T05:50:39.577635" elapsed="0.000017"/>
</kw>
<kw name="Get From List" owner="Collections">
<var>${ApprovalStatus}</var>
<arg>${ROWS}</arg>
<arg>4</arg>
<doc>Returns the value specified with an ``index`` from ``list``.</doc>
<status status="NOT RUN" start="2025-11-07T05:50:39.577734" elapsed="0.000014"/>
</kw>
<kw name="Get From List" owner="Collections">
<var>${Value}</var>
<arg>${ROWS}</arg>
<arg>5</arg>
<doc>Returns the value specified with an ``index`` from ``list``.</doc>
<status status="NOT RUN" start="2025-11-07T05:50:39.577825" elapsed="0.000013"/>
</kw>
<kw name="Get From List" owner="Collections">
<var>${user}</var>
<arg>${ROWS}</arg>
<arg>6</arg>
<doc>Returns the value specified with an ``index`` from ``list``.</doc>
<status status="NOT RUN" start="2025-11-07T05:50:39.577912" elapsed="0.000014"/>
</kw>
<kw name="Append To List" owner="Collections">
<arg>${TestdataList}</arg>
<arg>${Profileuser}</arg>
<doc>Adds ``values`` to the end of ``list``.</doc>
<status status="NOT RUN" start="2025-11-07T05:50:39.577997" elapsed="0.000013"/>
</kw>
<kw name="Append To List" owner="Collections">
<arg>${TestdataList}</arg>
<arg>${Contact}</arg>
<doc>Adds ``values`` to the end of ``list``.</doc>
<status status="NOT RUN" start="2025-11-07T05:50:39.578080" elapsed="0.000013"/>
</kw>
<kw name="Append To List" owner="Collections">
<arg>${TestdataList}</arg>
<arg>${salesorderID}</arg>
<doc>Adds ``values`` to the end of ``list``.</doc>
<status status="NOT RUN" start="2025-11-07T05:50:39.578162" elapsed="0.000013"/>
</kw>
<kw name="Append To List" owner="Collections">
<arg>${TestdataList}</arg>
<arg>${ApprovalStatus}</arg>
<doc>Adds ``values`` to the end of ``list``.</doc>
<status status="NOT RUN" start="2025-11-07T05:50:39.578243" elapsed="0.000013"/>
</kw>
<kw name="Append To List" owner="Collections">
<arg>${TestdataList}</arg>
<arg>${Value}</arg>
<doc>Adds ``values`` to the end of ``list``.</doc>
<status status="NOT RUN" start="2025-11-07T05:50:39.578323" elapsed="0.000013"/>
</kw>
<kw name="Append To List" owner="Collections">
<arg>${TestdataList}</arg>
<arg>${user}</arg>
<doc>Adds ``values`` to the end of ``list``.</doc>
<status status="NOT RUN" start="2025-11-07T05:50:39.578411" elapsed="0.000021"/>
</kw>
<status status="NOT RUN" start="2025-11-07T05:50:39.577255" elapsed="0.001201"/>
</branch>
<status status="PASS" start="2025-11-07T05:50:39.577240" elapsed="0.001235"/>
</if>
<var name="${Lines}">INT_PS-CSSUser_Reject_Credit and Debit(T16);itas_r2r_PS-CSS User;Dinesh Ramakrishn;3000009077;Approve;;itas_r2r_PS-CSS</var>
<status status="PASS" start="2025-11-07T05:50:39.576665" elapsed="0.001828"/>
</iter>
<iter>
<kw name="Split String" owner="String">
<msg time="2025-11-07T05:50:39.578869" level="INFO">@{ROWS} = [ INT_PS-CSSUser_Approve_Partial Debit Memo Request(T17) | itas_r2r_PS-CSS User | Dinesh Ramakrishn | 3000009077 | Approve | Partial Debit Memo Request | itas_r2r_PS-CSS ]</msg>
<var>@{ROWS}</var>
<arg>${Lines}</arg>
<arg>separator=;</arg>
<doc>Splits the ``string`` using ``separator`` as a delimiter string.</doc>
<status status="PASS" start="2025-11-07T05:50:39.578716" elapsed="0.000175"/>
</kw>
<kw name="Get From List" owner="Collections">
<msg time="2025-11-07T05:50:39.579086" level="INFO">${TCName} = INT_PS-CSSUser_Approve_Partial Debit Memo Request(T17)</msg>
<var>${TCName}</var>
<arg>${ROWS}</arg>
<arg>0</arg>
<doc>Returns the value specified with an ``index`` from ``list``.</doc>
<status status="PASS" start="2025-11-07T05:50:39.578970" elapsed="0.000135"/>
</kw>
<if>
<branch type="IF" condition="'${TCName}' == '${TEST_NAME}'">
<kw name="Get From List" owner="Collections">
<var>${Profileuser}</var>
<arg>${ROWS}</arg>
<arg>1</arg>
<doc>Returns the value specified with an ``index`` from ``list``.</doc>
<status status="NOT RUN" start="2025-11-07T05:50:39.579303" elapsed="0.000015"/>
</kw>
<kw name="Get From List" owner="Collections">
<var>${Contact}</var>
<arg>${ROWS}</arg>
<arg>2</arg>
<doc>Returns the value specified with an ``index`` from ``list``.</doc>
<status status="NOT RUN" start="2025-11-07T05:50:39.579395" elapsed="0.000014"/>
</kw>
<kw name="Get From List" owner="Collections">
<var>${salesorderID}</var>
<arg>${ROWS}</arg>
<arg>3</arg>
<doc>Returns the value specified with an ``index`` from ``list``.</doc>
<status status="NOT RUN" start="2025-11-07T05:50:39.579486" elapsed="0.000015"/>
</kw>
<kw name="Get From List" owner="Collections">
<var>${ApprovalStatus}</var>
<arg>${ROWS}</arg>
<arg>4</arg>
<doc>Returns the value specified with an ``index`` from ``list``.</doc>
<status status="NOT RUN" start="2025-11-07T05:50:39.579595" elapsed="0.000015"/>
</kw>
<kw name="Get From List" owner="Collections">
<var>${Value}</var>
<arg>${ROWS}</arg>
<arg>5</arg>
<doc>Returns the value specified with an ``index`` from ``list``.</doc>
<status status="NOT RUN" start="2025-11-07T05:50:39.579688" elapsed="0.000014"/>
</kw>
<kw name="Get From List" owner="Collections">
<var>${user}</var>
<arg>${ROWS}</arg>
<arg>6</arg>
<doc>Returns the value specified with an ``index`` from ``list``.</doc>
<status status="NOT RUN" start="2025-11-07T05:50:39.579773" elapsed="0.000014"/>
</kw>
<kw name="Append To List" owner="Collections">
<arg>${TestdataList}</arg>
<arg>${Profileuser}</arg>
<doc>Adds ``values`` to the end of ``list``.</doc>
<status status="NOT RUN" start="2025-11-07T05:50:39.579857" elapsed="0.000014"/>
</kw>
<kw name="Append To List" owner="Collections">
<arg>${TestdataList}</arg>
<arg>${Contact}</arg>
<doc>Adds ``values`` to the end of ``list``.</doc>
<status status="NOT RUN" start="2025-11-07T05:50:39.579939" elapsed="0.000014"/>
</kw>
<kw name="Append To List" owner="Collections">
<arg>${TestdataList}</arg>
<arg>${salesorderID}</arg>
<doc>Adds ``values`` to the end of ``list``.</doc>
<status status="NOT RUN" start="2025-11-07T05:50:39.580021" elapsed="0.000014"/>
</kw>
<kw name="Append To List" owner="Collections">
<arg>${TestdataList}</arg>
<arg>${ApprovalStatus}</arg>
<doc>Adds ``values`` to the end of ``list``.</doc>
<status status="NOT RUN" start="2025-11-07T05:50:39.580101" elapsed="0.000014"/>
</kw>
<kw name="Append To List" owner="Collections">
<arg>${TestdataList}</arg>
<arg>${Value}</arg>
<doc>Adds ``values`` to the end of ``list``.</doc>
<status status="NOT RUN" start="2025-11-07T05:50:39.580189" elapsed="0.000015"/>
</kw>
<kw name="Append To List" owner="Collections">
<arg>${TestdataList}</arg>
<arg>${user}</arg>
<doc>Adds ``values`` to the end of ``list``.</doc>
<status status="NOT RUN" start="2025-11-07T05:50:39.580274" elapsed="0.000014"/>
</kw>
<status status="NOT RUN" start="2025-11-07T05:50:39.579156" elapsed="0.001156"/>
</branch>
<status status="PASS" start="2025-11-07T05:50:39.579142" elapsed="0.001189"/>
</if>
<var name="${Lines}">INT_PS-CSSUser_Approve_Partial Debit Memo Request(T17);itas_r2r_PS-CSS User;Dinesh Ramakrishn;3000009077;Approve;Partial Debit Memo Request;itas_r2r_PS-CSS</var>
<status status="PASS" start="2025-11-07T05:50:39.578649" elapsed="0.001699"/>
</iter>
<iter>
<kw name="Split String" owner="String">
<msg time="2025-11-07T05:50:39.580758" level="INFO">@{ROWS} = [ INT_PS-CSSUser_Reject_Partial Debit Memo Request(T17) | itas_r2r_PS-CSS User | Dinesh Ramakrishn | 3000009077 | Approve | Partial Debit Memo Request | itas_r2r_PS-CSS ]</msg>
<var>@{ROWS}</var>
<arg>${Lines}</arg>
<arg>separator=;</arg>
<doc>Splits the ``string`` using ``separator`` as a delimiter string.</doc>
<status status="PASS" start="2025-11-07T05:50:39.580603" elapsed="0.000177"/>
</kw>
<kw name="Get From List" owner="Collections">
<msg time="2025-11-07T05:50:39.580975" level="INFO">${TCName} = INT_PS-CSSUser_Reject_Partial Debit Memo Request(T17)</msg>
<var>${TCName}</var>
<arg>${ROWS}</arg>
<arg>0</arg>
<doc>Returns the value specified with an ``index`` from ``list``.</doc>
<status status="PASS" start="2025-11-07T05:50:39.580861" elapsed="0.000134"/>
</kw>
<if>
<branch type="IF" condition="'${TCName}' == '${TEST_NAME}'">
<kw name="Get From List" owner="Collections">
<var>${Profileuser}</var>
<arg>${ROWS}</arg>
<arg>1</arg>
<doc>Returns the value specified with an ``index`` from ``list``.</doc>
<status status="NOT RUN" start="2025-11-07T05:50:39.581209" elapsed="0.000015"/>
</kw>
<kw name="Get From List" owner="Collections">
<var>${Contact}</var>
<arg>${ROWS}</arg>
<arg>2</arg>
<doc>Returns the value specified with an ``index`` from ``list``.</doc>
<status status="NOT RUN" start="2025-11-07T05:50:39.581305" elapsed="0.000014"/>
</kw>
<kw name="Get From List" owner="Collections">
<var>${salesorderID}</var>
<arg>${ROWS}</arg>
<arg>3</arg>
<doc>Returns the value specified with an ``index`` from ``list``.</doc>
<status status="NOT RUN" start="2025-11-07T05:50:39.581399" elapsed="0.000014"/>
</kw>
<kw name="Get From List" owner="Collections">
<var>${ApprovalStatus}</var>
<arg>${ROWS}</arg>
<arg>4</arg>
<doc>Returns the value specified with an ``index`` from ``list``.</doc>
<status status="NOT RUN" start="2025-11-07T05:50:39.581487" elapsed="0.000014"/>
</kw>
<kw name="Get From List" owner="Collections">
<var>${Value}</var>
<arg>${ROWS}</arg>
<arg>5</arg>
<doc>Returns the value specified with an ``index`` from ``list``.</doc>
<status status="NOT RUN" start="2025-11-07T05:50:39.581618" elapsed="0.000016"/>
</kw>
<kw name="Get From List" owner="Collections">
<var>${user}</var>
<arg>${ROWS}</arg>
<arg>6</arg>
<doc>Returns the value specified with an ``index`` from ``list``.</doc>
<status status="NOT RUN" start="2025-11-07T05:50:39.581716" elapsed="0.000015"/>
</kw>
<kw name="Append To List" owner="Collections">
<arg>${TestdataList}</arg>
<arg>${Profileuser}</arg>
<doc>Adds ``values`` to the end of ``list``.</doc>
<status status="NOT RUN" start="2025-11-07T05:50:39.581803" elapsed="0.000017"/>
</kw>
<kw name="Append To List" owner="Collections">
<arg>${TestdataList}</arg>
<arg>${Contact}</arg>
<doc>Adds ``values`` to the end of ``list``.</doc>
<status status="NOT RUN" start="2025-11-07T05:50:39.581891" elapsed="0.000014"/>
</kw>
<kw name="Append To List" owner="Collections">
<arg>${TestdataList}</arg>
<arg>${salesorderID}</arg>
<doc>Adds ``values`` to the end of ``list``.</doc>
<status status="NOT RUN" start="2025-11-07T05:50:39.581972" elapsed="0.000014"/>
</kw>
<kw name="Append To List" owner="Collections">
<arg>${TestdataList}</arg>
<arg>${ApprovalStatus}</arg>
<doc>Adds ``values`` to the end of ``list``.</doc>
<status status="NOT RUN" start="2025-11-07T05:50:39.582053" elapsed="0.000013"/>
</kw>
<kw name="Append To List" owner="Collections">
<arg>${TestdataList}</arg>
<arg>${Value}</arg>
<doc>Adds ``values`` to the end of ``list``.</doc>
<status status="NOT RUN" start="2025-11-07T05:50:39.582133" elapsed="0.000014"/>
</kw>
<kw name="Append To List" owner="Collections">
<arg>${TestdataList}</arg>
<arg>${user}</arg>
<doc>Adds ``values`` to the end of ``list``.</doc>
<status status="NOT RUN" start="2025-11-07T05:50:39.582215" elapsed="0.000013"/>
</kw>
<status status="NOT RUN" start="2025-11-07T05:50:39.581051" elapsed="0.001200"/>
</branch>
<status status="PASS" start="2025-11-07T05:50:39.581037" elapsed="0.001232"/>
</if>
<var name="${Lines}">INT_PS-CSSUser_Reject_Partial Debit Memo Request(T17);itas_r2r_PS-CSS User;Dinesh Ramakrishn;3000009077;Approve;Partial Debit Memo Request;itas_r2r_PS-CSS</var>
<status status="PASS" start="2025-11-07T05:50:39.580520" elapsed="0.001767"/>
</iter>
<iter>
<kw name="Split String" owner="String">
<msg time="2025-11-07T05:50:39.582648" level="INFO">@{ROWS} = [ INT_PS-CSSUser_Approve_Credit Memo Request(T18) | itas_r2r_PS-CSS User | Dinesh Ramakrishn | 3000009077 | Approve | Credit Memo Request | itas_r2r_PS-CSS ]</msg>
<var>@{ROWS}</var>
<arg>${Lines}</arg>
<arg>separator=;</arg>
<doc>Splits the ``string`` using ``separator`` as a delimiter string.</doc>
<status status="PASS" start="2025-11-07T05:50:39.582484" elapsed="0.000186"/>
</kw>
<kw name="Get From List" owner="Collections">
<msg time="2025-11-07T05:50:39.582864" level="INFO">${TCName} = INT_PS-CSSUser_Approve_Credit Memo Request(T18)</msg>
<var>${TCName}</var>
<arg>${ROWS}</arg>
<arg>0</arg>
<doc>Returns the value specified with an ``index`` from ``list``.</doc>
<status status="PASS" start="2025-11-07T05:50:39.582749" elapsed="0.000135"/>
</kw>
<if>
<branch type="IF" condition="'${TCName}' == '${TEST_NAME}'">
<kw name="Get From List" owner="Collections">
<msg time="2025-11-07T05:50:39.583194" level="INFO">${Profileuser} = itas_r2r_PS-CSS User</msg>
<var>${Profileuser}</var>
<arg>${ROWS}</arg>
<arg>1</arg>
<doc>Returns the value specified with an ``index`` from ``list``.</doc>
<status status="PASS" start="2025-11-07T05:50:39.583079" elapsed="0.000134"/>
</kw>
<kw name="Get From List" owner="Collections">
<msg time="2025-11-07T05:50:39.583412" level="INFO">${Contact} = Dinesh Ramakrishn</msg>
<var>${Contact}</var>
<arg>${ROWS}</arg>
<arg>2</arg>
[...]
<var>@{ROWS}</var>
<arg>${Lines}</arg>
<arg>separator=;</arg>
<doc>Splits the ``string`` using ``separator`` as a delimiter string.</doc>
<status status="PASS" start="2025-11-07T05:50:39.791768" elapsed="0.000167"/>
</kw>
<kw name="Get From List" owner="Collections">
<msg time="2025-11-07T05:50:39.792121" level="INFO">${TCName} = INT_Research EMEA - Sales_Reject_Credit Memo Request(T18)</msg>
<var>${TCName}</var>
<arg>${ROWS}</arg>
<arg>0</arg>
<doc>Returns the value specified with an ``index`` from ``list``.</doc>
<status status="PASS" start="2025-11-07T05:50:39.792012" elapsed="0.000128"/>
</kw>
<if>
<branch type="IF" condition="'${TCName}' == '${TEST_NAME}'">
<kw name="Get From List" owner="Collections">
<var>${Profileuser}</var>
<arg>${ROWS}</arg>
<arg>1</arg>
<doc>Returns the value specified with an ``index`` from ``list``.</doc>
<status status="NOT RUN" start="2025-11-07T05:50:39.792337" elapsed="0.000015"/>
</kw>
<kw name="Get From List" owner="Collections">
<var>${Contact}</var>
<arg>${ROWS}</arg>
<arg>2</arg>
<doc>Returns the value specified with an ``index`` from ``list``.</doc>
<status status="NOT RUN" start="2025-11-07T05:50:39.792428" elapsed="0.000014"/>
</kw>
<kw name="Get From List" owner="Collections">
<var>${salesorderID}</var>
<arg>${ROWS}</arg>
<arg>3</arg>
<doc>Returns the value specified with an ``index`` from ``list``.</doc>
<status status="NOT RUN" start="2025-11-07T05:50:39.792513" elapsed="0.000013"/>
</kw>
<kw name="Get From List" owner="Collections">
<var>${ApprovalStatus}</var>
<arg>${ROWS}</arg>
<arg>4</arg>
<doc>Returns the value specified with an ``index`` from ``list``.</doc>
<status status="NOT RUN" start="2025-11-07T05:50:39.792616" elapsed="0.000014"/>
</kw>
<kw name="Get From List" owner="Collections">
<var>${Value}</var>
<arg>${ROWS}</arg>
<arg>5</arg>
<doc>Returns the value specified with an ``index`` from ``list``.</doc>
<status status="NOT RUN" start="2025-11-07T05:50:39.792701" elapsed="0.000014"/>
</kw>
<kw name="Get From List" owner="Collections">
<var>${user}</var>
<arg>${ROWS}</arg>
<arg>6</arg>
<doc>Returns the value specified with an ``index`` from ``list``.</doc>
<status status="NOT RUN" start="2025-11-07T05:50:39.792790" elapsed="0.000014"/>
</kw>
<kw name="Append To List" owner="Collections">
<arg>${TestdataList}</arg>
<arg>${Profileuser}</arg>
<doc>Adds ``values`` to the end of ``list``.</doc>
<status status="NOT RUN" start="2025-11-07T05:50:39.792873" elapsed="0.000013"/>
</kw>
<kw name="Append To List" owner="Collections">
<arg>${TestdataList}</arg>
<arg>${Contact}</arg>
<doc>Adds ``values`` to the end of ``list``.</doc>
<status status="NOT RUN" start="2025-11-07T05:50:39.792953" elapsed="0.000016"/>
</kw>
<kw name="Append To List" owner="Collections">
<arg>${TestdataList}</arg>
<arg>${salesorderID}</arg>
<doc>Adds ``values`` to the end of ``list``.</doc>
<status status="NOT RUN" start="2025-11-07T05:50:39.793036" elapsed="0.000013"/>
</kw>
<kw name="Append To List" owner="Collections">
<arg>${TestdataList}</arg>
<arg>${ApprovalStatus}</arg>
<doc>Adds ``values`` to the end of ``list``.</doc>
<status status="NOT RUN" start="2025-11-07T05:50:39.793150" elapsed="0.000015"/>
</kw>
<kw name="Append To List" owner="Collections">
<arg>${TestdataList}</arg>
<arg>${Value}</arg>
<doc>Adds ``values`` to the end of ``list``.</doc>
<status status="NOT RUN" start="2025-11-07T05:50:39.793234" elapsed="0.000013"/>
</kw>
<kw name="Append To List" owner="Collections">
<arg>${TestdataList}</arg>
<arg>${user}</arg>
<doc>Adds ``values`` to the end of ``list``.</doc>
<status status="NOT RUN" start="2025-11-07T05:50:39.793315" elapsed="0.000013"/>
</kw>
<status status="NOT RUN" start="2025-11-07T05:50:39.792193" elapsed="0.001158"/>
</branch>
<status status="PASS" start="2025-11-07T05:50:39.792176" elapsed="0.001193"/>
</if>
<var name="${Lines}">INT_Research EMEA - Sales_Reject_Credit Memo Request(T18);itas_r2r_EMEA Research - Sales;Dinesh Ramakrishn;3000009077;Approve;Credit Memo Request;itas_r2r_EMEAResearchSales</var>
<status status="PASS" start="2025-11-07T05:50:39.791707" elapsed="0.001679"/>
</iter>
<var>${Lines}</var>
<value>@{File_Lines}</value>
<status status="PASS" start="2025-11-07T05:50:39.538910" elapsed="0.254499"/>
</for>
<return>
<value>${TestdataList}</value>
<status status="PASS" start="2025-11-07T05:50:39.793458" elapsed="0.000046"/>
</return>
<var>${OutputValue}</var>
<arg>${TEST_NAME}</arg>
<status status="PASS" start="2025-11-07T05:50:39.537215" elapsed="0.256437"/>
</kw>
<kw name="Set Variable" owner="BuiltIn">
<msg time="2025-11-07T05:50:39.793874" level="INFO">${Profileuser} = itas_r2r_PS-CSS User</msg>
<var>${Profileuser}</var>
<arg>${OutputValue}[0]</arg>
<doc>Returns the given values which can then be assigned to a variables.</doc>
<status status="PASS" start="2025-11-07T05:50:39.793741" elapsed="0.000152"/>
</kw>
<kw name="Set Variable" owner="BuiltIn">
<msg time="2025-11-07T05:50:39.794087" level="INFO">${Contact} = Dinesh Ramakrishn</msg>
<var>${Contact}</var>
<arg>${OutputValue}[1]</arg>
<doc>Returns the given values which can then be assigned to a variables.</doc>
<status status="PASS" start="2025-11-07T05:50:39.793972" elapsed="0.000134"/>
</kw>
<kw name="Set Variable" owner="BuiltIn">
<msg time="2025-11-07T05:50:39.794291" level="INFO">${salesorderID} = 3000009077</msg>
<var>${salesorderID}</var>
<arg>${OutputValue}[2]</arg>
<doc>Returns the given values which can then be assigned to a variables.</doc>
<status status="PASS" start="2025-11-07T05:50:39.794182" elapsed="0.000128"/>
</kw>
<kw name="Set Variable" owner="BuiltIn">
<msg time="2025-11-07T05:50:39.795715" level="INFO">${Value} = Credit Memo Request</msg>
<var>${Value}</var>
<arg>${OutputValue}[4]</arg>
<doc>Returns the given values which can then be assigned to a variables.</doc>
<status status="PASS" start="2025-11-07T05:50:39.794385" elapsed="0.001354"/>
</kw>
<kw name="Set Variable" owner="BuiltIn">
<msg time="2025-11-07T05:50:39.795950" level="INFO">${user} = itas_r2r_PS-CSS</msg>
<var>${user}</var>
<arg>${OutputValue}[5]</arg>
<doc>Returns the given values which can then be assigned to a variables.</doc>
<status status="PASS" start="2025-11-07T05:50:39.795827" elapsed="0.000143"/>
</kw>
<kw name="LoginToSalesforce" owner="common">
<kw name="Go To" owner="QWeb">
<arg>${TestData_Uat.Url}</arg>
<tag>Browser</tag>
<tag>Interaction</tag>
<doc>Switch current page to given url.</doc>
<status status="PASS" start="2025-11-07T05:50:39.796318" elapsed="0.847710"/>
</kw>
<kw name="Click Text" owner="QWeb">
<arg>Log in with</arg>
<tag>Interaction</tag>
<tag>Text</tag>
<doc>Click text on web page.</doc>
<status status="PASS" start="2025-11-07T05:50:40.644224" elapsed="5.427631"/>
</kw>
<kw name="Sleep" owner="BuiltIn">
<msg time="2025-11-07T05:50:47.072363" level="INFO">Slept 1 second.</msg>
<arg>1s</arg>
<doc>Pauses the test executed for the given time.</doc>
<status status="PASS" start="2025-11-07T05:50:46.072040" elapsed="1.000458"/>
</kw>
<doc>Login to Salesforce instance</doc>
<status status="PASS" start="2025-11-07T05:50:39.796107" elapsed="7.276528"/>
</kw>
<if>
<branch type="IF" condition="'${CSSUser}' in '${TEST_NAME}'">
<kw name="Log into Profile" owner="common">
<kw name="Sleep" owner="BuiltIn">
<msg time="2025-11-07T05:50:50.073755" level="INFO">Slept 3 seconds.</msg>
<arg>3s</arg>
<doc>Pauses the test executed for the given time.</doc>
<status status="PASS" start="2025-11-07T05:50:47.073455" elapsed="3.000431"/>
</kw>
<kw name="Click Element" owner="QWeb">
<kw name="Log Screenshot" owner="QWeb">
<msg time="2025-11-07T05:51:50.278155" level="INFO">Saved screenshot to /home/runner/work/Copado-Test/Copado-Test/reports/screenshots/screenshot-INT_PS-CSSUser_Approve_Credit_Memo_Request(T18)-a1bb60c0-5e05-403e-8dd9-df2c40f4a8ef.png</msg>
<msg time="2025-11-07T05:51:50.282292" level="INFO">Current url is: https://fs.merckgroup.com/adfs/ls/?client-request-id=c9c49a82-aea9-4360-839e-afce144bd6ac&amp;username=&amp;wa=wsignin1.0&amp;wtrealm=urn%3afederation%3aMicrosoftOnline&amp;wctx=estsredirect%3d2%26estsrequest%3drQQIARAAlVE9b9NQALT7CRWtGuAnsCDhxI7tOC6qkJM4dvPh5ouk9RLs917jxI4dPzupmxEGWJBYyYAQEyDUIhYQE0IM0AF1YkBCQp0QC4iFjqQrW0930kl3uuWWiLW4FYaDYC2R6BsoCLFHUUMjjAeGC00vivf3ptZBwY6HAYoDr48vLq3ennz49Gz_VvbOo4PPl4tfXkzIlT7CwO5gbzg4LT0nE2dbTbwnn860k1lpCh2HsiShck7a_V_TNCNZPbpcM7f9dsWvoQwI807a2mwMsYpDDtk-qGcLrQE0Ku1KRkdNNHA5CkFeDWw9oBuuybMMX204fhToURV2W2GY0-xeVcCKXkxLY99vttRG1euaGy7Kcym92C1Fiq-qZVtT0uGWVRsVZTnJpTFqayXV0LZqJRZU6ioD5E42AyxWKXQUBvVKQMmUHFsMgu52yubbWsNx6JFBj-QtHRZxoWW7bJRP9ti608ndrMo1Y1djx44aZt30NgOLnqaWNukWhmN9040kpd8Zb2Q7yrBWPSLJHyT5dWa-bvSd5GSWTLyavQJNIbVj8iJlsIJAcUySpkzAcxQvQmRAAbIiEI_mLvycm6HPncyRT-anP1qvL8Ue_7km3d-_evyNuU4czicAdmC0V2DTYA9UhkMoNKyBYnMjKcjz4zAldzUnkiribiFXXhfXmAcLy4cLxO8F8t4iMVkk3p6Xzvb7jcBbp-mcWKZPoQhBs_lumThZ-Xv88eDhm7u_1JerxPcpY8RJjPgH0#</msg>
<msg time="2025-11-07T05:51:50.282433" level="INFO" html="true">&lt;a href="screenshots/screenshot-INT_PS-CSSUser_Approve_Credit_Memo_Request%28T18%29-a1bb60c0-5e05-403e-8dd9-df2c40f4a8ef.png"&gt;&lt;img src="screenshots/screenshot-INT_PS-CSSUser_Approve_Credit_Memo_Request%28T18%29-a1bb60c0-5e05-403e-8dd9-df2c40f4a8ef.png" width="800px"&gt;&lt;/a&gt;</msg>
<tag>Logging</tag>
<doc>Log screenshot to Robot Framework log.</doc>
<status status="PASS" start="2025-11-07T05:51:50.248213" elapsed="0.034282"/>
</kw>
<arg>//lightning-icon[contains(@class,'slds-icon-utility-setup slds-button__icon slds-global-header__icon forceIcon slds-icon_container')]</arg>
<arg>anchor=Notifications</arg>
<tag>Interaction</tag>
<doc>Click element specified by xpath.</doc>
<status status="FAIL" start="2025-11-07T05:50:50.074103" elapsed="60.210096">QWebElementNotFoundError: Unable to find element for locator //lightning-icon[contains(@class,'slds-icon-utility-setup slds-button__icon slds-global-header__icon forceIcon slds-icon_container')] in 60.0 sec</status>
</kw>
<kw name="Click Text" owner="QWeb">
<arg>Opens in a new tab</arg>
<tag>Interaction</tag>
<tag>Text</tag>
<doc>Click text on web page.</doc>
<status status="NOT RUN" start="2025-11-07T05:51:50.284371" elapsed="0.000024"/>
</kw>
<kw name="Switch Window" owner="QWeb">
<arg>NEW</arg>
<tag>Browser</tag>
<tag>Interaction</tag>
<tag>Window</tag>
<doc>Switch to another tab.</doc>
<status status="NOT RUN" start="2025-11-07T05:51:50.284478" elapsed="0.000014"/>
</kw>
<kw name="Switch Window" owner="QWeb">
<arg>2</arg>
<tag>Browser</tag>
<tag>Interaction</tag>
<tag>Window</tag>
<doc>Switch to another tab.</doc>
<status status="NOT RUN" start="2025-11-07T05:51:50.284593" elapsed="0.000018"/>
</kw>
<kw name="Click Text" owner="QWeb">
<arg>User</arg>
<tag>Interaction</tag>
<tag>Text</tag>
<doc>Click text on web page.</doc>
<status status="NOT RUN" start="2025-11-07T05:51:50.284704" elapsed="0.000013"/>
</kw>
<kw name="Type Text" owner="QWeb">
<arg>Search Setup</arg>
<arg>${Profileuser}</arg>
<tag>Input</tag>
<tag>Interaction</tag>
<doc>Type given text to a text field.</doc>
<status status="NOT RUN" start="2025-11-07T05:51:50.284806" elapsed="0.000014"/>
</kw>
<kw name="Sleep" owner="BuiltIn">
<arg>5s</arg>
<doc>Pauses the test executed for the given time.</doc>
<status status="NOT RUN" start="2025-11-07T05:51:50.284949" elapsed="0.000016"/>
</kw>
<kw name="Click Text" owner="QWeb">
<arg>in Setup</arg>
<tag>Interaction</tag>
<tag>Text</tag>
<doc>Click text on web page.</doc>
<status status="NOT RUN" start="2025-11-07T05:51:50.285044" elapsed="0.000014"/>
</kw>
<kw name="Sleep" owner="BuiltIn">
<arg>3s</arg>
<doc>Pauses the test executed for the given time.</doc>
<status status="NOT RUN" start="2025-11-07T05:51:50.285132" elapsed="0.000014"/>
</kw>
<kw name="Click Text" owner="QWeb">
<arg>Top Results</arg>
<tag>Interaction</tag>
<tag>Text</tag>
<doc>Click text on web page.</doc>
<status status="NOT RUN" start="2025-11-07T05:51:50.285219" elapsed="0.000019"/>
</kw>
<kw name="Sleep" owner="BuiltIn">
<arg>5s</arg>
<doc>Pauses the test executed for the given time.</doc>
<status status="NOT RUN" start="2025-11-07T05:51:50.285308" elapsed="0.000014"/>
</kw>
<kw name="Click Text" owner="QWeb">
<arg>//span[text()\='Users']</arg>
<arg>anchor=Top Results</arg>
<tag>Interaction</tag>
<tag>Text</tag>
<doc>Click text on web page.</doc>
<status status="NOT RUN" start="2025-11-07T05:51:50.285394" elapsed="0.000013"/>
</kw>
<kw name="Sleep" owner="BuiltIn">
<arg>4s</arg>
<doc>Pauses the test executed for the given time.</doc>
<status status="NOT RUN" start="2025-11-07T05:51:50.285478" elapsed="0.000014"/>
</kw>
<kw name="Use Table" owner="QWeb">
<arg>//table[@class\='slds-table slds-table_cell-buffer slds-table_bordered uiVirtualDataGrid--default uiVirtualDataGrid'][1]</arg>
<tag>Tables</tag>
<doc>Define table for all other table keywords.</doc>
<status status="NOT RUN" start="2025-11-07T05:51:50.285584" elapsed="0.000016"/>
</kw>
<kw name="Sleep" owner="BuiltIn">
<arg>3s</arg>
<doc>Pauses the test executed for the given time.</doc>
<status status="NOT RUN" start="2025-11-07T05:51:50.285674" elapsed="0.000013"/>
</kw>
<kw name="Click Text" owner="QWeb">
<arg>${Profileuser}</arg>
<tag>Interaction</tag>
<tag>Text</tag>
<doc>Click text on web page.</doc>
<status status="NOT RUN" start="2025-11-07T05:51:50.285758" elapsed="0.000013"/>
</kw>
<kw name="Sleep" owner="BuiltIn">
<arg>5s</arg>
<doc>Pauses the test executed for the given time.</doc>
<status status="NOT RUN" start="2025-11-07T05:51:50.285840" elapsed="0.000142"/>
</kw>
<kw name="Click Text" owner="QWeb">
<arg>Login</arg>
<tag>Interaction</tag>
<tag>Text</tag>
<doc>Click text on web page.</doc>
<status status="NOT RUN" start="2025-11-07T05:51:50.286060" elapsed="0.000014"/>
</kw>
<kw name="Sleep" owner="BuiltIn">
<arg>8s</arg>
<doc>Pauses the test executed for the given time.</doc>
<status status="NOT RUN" start="2025-11-07T05:51:50.286144" elapsed="0.000013"/>
</kw>
<arg>${Profileuser}</arg>
<status status="FAIL" start="2025-11-07T05:50:47.073154" elapsed="63.213107">QWebElementNotFoundError: Unable to find element for locator //lightning-icon[contains(@class,'slds-icon-utility-setup slds-button__icon slds-global-header__icon forceIcon slds-icon_container')] in 60.0 sec</status>
</kw>
<status status="FAIL" start="2025-11-07T05:50:47.072737" elapsed="63.213587">QWebElementNotFoundError: Unable to find element for locator //lightning-icon[contains(@class,'slds-icon-utility-setup slds-button__icon slds-global-header__icon forceIcon slds-icon_container')] in 60.0 sec</status>
</branch>
<branch type="ELSE IF" condition="'${Export}' in '${TEST_NAME}'">
<kw name="Log into Profile" owner="common">
<arg>${Profileuser}</arg>
<status status="NOT RUN" start="2025-11-07T05:51:50.286587" elapsed="0.000025"/>
</kw>
<status status="NOT RUN" start="2025-11-07T05:51:50.286360" elapsed="0.000278"/>
</branch>
<branch type="ELSE IF" condition="'${Commercial}' in '${TEST_NAME}'">
<kw name="Log into Profile" owner="common">
<arg>${Profileuser}</arg>
<status status="NOT RUN" start="2025-11-07T05:51:50.286814" elapsed="0.000020"/>
</kw>
<status status="NOT RUN" start="2025-11-07T05:51:50.286658" elapsed="0.000198"/>
</branch>
<branch type="ELSE IF" condition="'${Customer}' in '${TEST_NAME}'">
<kw name="Log into Profile" owner="common">
<arg>${Profileuser}</arg>
<status status="NOT RUN" start="2025-11-07T05:51:50.287011" elapsed="0.000018"/>
</kw>
<status status="NOT RUN" start="2025-11-07T05:51:50.286874" elapsed="0.000176"/>
</branch>
<branch type="ELSE IF" condition="'${SuperUser}' in '${TEST_NAME}'">
<kw name="Log into Profile" owner="common">
<arg>${Profileuser}</arg>
<status status="NOT RUN" start="2025-11-07T05:51:50.287204" elapsed="0.000017"/>
</kw>
<status status="NOT RUN" start="2025-11-07T05:51:50.287068" elapsed="0.000174"/>
</branch>
<branch type="ELSE IF" condition="'${SalesandService}' in '${TEST_NAME}'">
<kw name="Log into Profile" owner="common">
<arg>${Profileuser}</arg>
<status status="NOT RUN" start="2025-11-07T05:51:50.287393" elapsed="0.000016"/>
</kw>
<status status="NOT RUN" start="2025-11-07T05:51:50.287259" elapsed="0.000171"/>
</branch>
<branch type="ELSE IF" condition="'${Sales}' in '${TEST_NAME}'">
<kw name="Log into Profile" owner="common">
<arg>${Profileuser}</arg>
<status status="NOT RUN" start="2025-11-07T05:51:50.287615" elapsed="0.000020"/>
</kw>
<status status="NOT RUN" start="2025-11-07T05:51:50.287447" elapsed="0.000213"/>
</branch>
<status status="FAIL" start="2025-11-07T05:50:47.072705" elapsed="63.214976">QWebElementNotFoundError: Unable to find element for locator //lightning-icon[contains(@class,'slds-icon-utility-setup slds-button__icon slds-global-header__icon forceIcon slds-icon_container')] in 60.0 sec</status>
</if>
<kw name="Launching Service Console" owner="common">
<status status="NOT RUN" start="2025-11-07T05:51:50.287807" elapsed="0.000018"/>
</kw>
<kw name="Reference Document Type" owner="common">
<arg>${salesorderID}</arg>
<status status="NOT RUN" start="2025-11-07T05:51:50.287933" elapsed="0.000016"/>
</kw>
<kw name="Create Complaint" owner="common">
<arg>${Contact}</arg>
<status status="NOT RUN" start="2025-11-07T05:51:50.288109" elapsed="0.000017"/>
</kw>
<if>
<branch type="IF" condition="'${CreditAndebitString}' in '${TEST_NAME}'">
<kw name="Create a request for Credit and Debit" owner="common">
<status status="NOT RUN" start="2025-11-07T05:51:50.288298" elapsed="0.000016"/>
</kw>
<status status="NOT RUN" start="2025-11-07T05:51:50.288188" elapsed="0.000144"/>
</branch>
<branch type="ELSE">
<kw name="Create Request" owner="common">
<arg>${Value}</arg>
<status status="NOT RUN" start="2025-11-07T05:51:50.288452" elapsed="0.000017"/>
</kw>
<status status="NOT RUN" start="2025-11-07T05:51:50.288349" elapsed="0.000141"/>
</branch>
<status status="NOT RUN" start="2025-11-07T05:51:50.288174" elapsed="0.000331"/>
</if>
<kw name="Submit Approval Request" owner="common">
<arg>${user}</arg>
<status status="NOT RUN" start="2025-11-07T05:51:50.288629" elapsed="0.000019"/>
</kw>
<arg>${TEST_NAME}</arg>
<status status="FAIL" start="2025-11-07T05:50:39.536453" elapsed="70.752275">QWebElementNotFoundError: Unable to find element for locator //lightning-icon[contains(@class,'slds-icon-utility-setup slds-button__icon slds-global-header__icon forceIcon slds-icon_container')] in 60.0 sec</status>
</kw>
<kw name="Approval Approve" owner="common">
<status status="NOT RUN" start="2025-11-07T05:51:50.288851" elapsed="0.000021"/>
</kw>
<kw name="Close Browser" owner="QWeb">
<tag>Browser</tag>
<tag>Interaction</tag>
<doc>Close current browser.</doc>
<status status="NOT RUN" start="2025-11-07T05:51:50.288945" elapsed="0.000015"/>
</kw>
<kw name="Close All Browsers" owner="QWeb" type="TEARDOWN">
<msg time="2025-11-07T05:51:50.379165" level="INFO">${BROWSER_REUSE} = False</msg>
<tag>Browser</tag>
<tag>Interaction</tag>
<doc>Close all opened browsers.</doc>
<status status="PASS" start="2025-11-07T05:51:50.289148" elapsed="0.090129"/>
</kw>
<doc>Approving the complaint of Credit Memo Request</doc>
<tag>PS-CSS User</tag>
<status status="FAIL" start="2025-11-07T05:50:39.227337" elapsed="71.152012">QWebElementNotFoundError: Unable to find element for locator //lightning-icon[contains(@class,'slds-icon-utility-setup slds-button__icon slds-global-header__icon forceIcon slds-icon_container')] in 60.0 sec</status>
</test>
<status status="FAIL" start="2025-11-07T05:50:38.570019" elapsed="71.809931"/>
</suite>
<statistics>
<total>
<stat pass="0" fail="1" skip="0">All Tests</stat>
</total>
<tag>
<stat pass="0" fail="1" skip="0">PS-CSS User</stat>
</tag>
<suite>
<stat name="INT PS-CSSUser CreditMemoRequest" id="s1" pass="0" fail="1" skip="0">INT PS-CSSUser CreditMemoRequest</stat>
</suite>
</statistics>
<errors>
</errors>
</robot>
