<?xml version="1.0" encoding="UTF-8"?>
<robot generator="Robot 7.3.2 (Python 3.11.14 on linux)" generated="2025-11-07T05:42:59.505177" rpa="false" schemaversion="5">
<suite id="s1" name="INT PS-CSSUser CreditMemoRequest" source="/home/runner/work/Copado-Test/Copado-Test/test/PS-CSSUser/INT_PS-CSSUser_CreditMemoRequest.robot">
<test id="s1-t1" name="INT_PS-CSSUser_Approve_Credit Memo Request(T18)" line="7">
<kw name="Test startup" owner="common" type="SETUP">
<kw name="Open Browser" owner="QWeb">
<msg time="2025-11-07T05:43:00.149796" level="INFO">QWeb version number: 3.6.1</msg>
<msg time="2025-11-07T05:43:00.410569" level="INFO">Browser: chrome</msg>
<msg time="2025-11-07T05:43:00.410651" level="INFO">Browser version: 142.0.7444.134</msg>
<msg time="2025-11-07T05:43:00.410691" level="INFO">Chromedriver version: 142.0.7444.59 (4b8153ab58d3c3f4c9f7e4baad9616ecf80db5fa-refs/branch-heads/7444_52@{#4})</msg>
<arg>about:blank</arg>
<arg>chrome</arg>
<arg>headless=True</arg>
<tag>Browser</tag>
<tag>Interaction</tag>
<doc>Open new browser to given url.</doc>
<status status="PASS" start="2025-11-07T05:43:00.148083" elapsed="0.283430"/>
</kw>
<kw name="Set Config" owner="QWeb">
<arg>LineBreak</arg>
<arg>${EMPTY}</arg>
<tag>Config</tag>
<doc>Set configuration parameter to given value. Return previous value.</doc>
<status status="PASS" start="2025-11-07T05:43:00.431974" elapsed="0.001016"/>
</kw>
<kw name="Set Config" owner="QWeb">
<arg>DefaultTimeout</arg>
<arg>60s</arg>
<tag>Config</tag>
<doc>Set configuration parameter to given value. Return previous value.</doc>
<status status="PASS" start="2025-11-07T05:43:00.433285" elapsed="0.000461"/>
</kw>
<kw name="Set Variables" owner="common">
<kw name="Get Current Date" owner="DateTime">
<msg time="2025-11-07T05:43:00.434780" level="INFO">${current_date} = 2025-11-07 05:43:00</msg>
<var>${current_date}</var>
<arg>exclude_millis=True</arg>
<doc>Returns current local or UTC time with an optional increment.</doc>
<status status="PASS" start="2025-11-07T05:43:00.434422" elapsed="0.000400"/>
</kw>
<kw name="Set Suite Variable" owner="BuiltIn">
<msg time="2025-11-07T05:43:00.435243" level="INFO">${current_date} = 2025-11-07 05:43:00</msg>
<arg>${current_date}</arg>
<doc>Makes a variable available everywhere within the scope of the current suite.</doc>
<status status="PASS" start="2025-11-07T05:43:00.434982" elapsed="0.000312"/>
</kw>
<doc>Set dynamic suite variables</doc>
<status status="PASS" start="2025-11-07T05:43:00.434042" elapsed="0.001336"/>
</kw>
<status status="PASS" start="2025-11-07T05:43:00.147138" elapsed="0.288321"/>
</kw>
<kw name="Profile User Common Steps" owner="common">
<kw name="Fetching TestData" owner="common">
<kw name="Log" owner="BuiltIn">
<msg time="2025-11-07T05:43:00.437290" level="INFO">INT_PS-CSSUser_Approve_Credit Memo Request(T18)</msg>
<arg>${TEST_NAME}</arg>
<doc>Logs the given message with the given level.</doc>
<status status="PASS" start="2025-11-07T05:43:00.436975" elapsed="0.000363"/>
</kw>
<kw name="Get File" owner="OperatingSystem">
<msg time="2025-11-07T05:43:00.437626" level="INFO" html="true">Getting file '&lt;a href="file:///home/runner/work/Copado-Test/Copado-Test/test/TestData/TestData.csv"&gt;/home/runner/work/Copado-Test/Copado-Test/test/TestData/TestData.csv&lt;/a&gt;'.</msg>
<msg time="2025-11-07T05:43:00.437817" level="INFO">${File_Content} = TestCaseName;Profileuser;Contact;salesorderID;ApprovalStatus;Value;user
INT_PS-CSSUser_Approve_Replacement-FOC(T10);itas_r2r_PS-CSS User;Dinesh Ramakrishn;3000009077;Approve;Replacement - FOC;itas_r2r...</msg>
<var>${File_Content}</var>
<arg>${FileName}</arg>
<doc>Returns the contents of a specified file.</doc>
<status status="PASS" start="2025-11-07T05:43:00.437454" elapsed="0.000390"/>
</kw>
<kw name="Convert To String" owner="BuiltIn">
<msg time="2025-11-07T05:43:00.438274" level="INFO">${File_String} = TestCaseName;Profileuser;Contact;salesorderID;ApprovalStatus;Value;user
INT_PS-CSSUser_Approve_Replacement-FOC(T10);itas_r2r_PS-CSS User;Dinesh Ramakrishn;3000009077;Approve;Replacement - FOC;itas_r2r...</msg>
<var>${File_String}</var>
<arg>${File_Content}</arg>
<doc>Converts the given item to a Unicode string.</doc>
<status status="PASS" start="2025-11-07T05:43:00.438030" elapsed="0.000280"/>
</kw>
<kw name="Split String" owner="String">
<msg time="2025-11-07T05:43:00.438731" level="INFO">@{File_Lines} = [ TestCaseName;Profileuser;Contact;salesorderID;ApprovalStatus;Value;user | INT_PS-CSSUser_Approve_Replacement-FOC(T10);itas_r2r_PS-CSS User;Dinesh Ramakrishn;3000009077;Approve;Replacement - FOC;itas...</msg>
<var>@{File_Lines}</var>
<arg>${File_String}</arg>
<arg>separator=\n</arg>
<doc>Splits the ``string`` using ``separator`` as a delimiter string.</doc>
<status status="PASS" start="2025-11-07T05:43:00.438454" elapsed="0.000309"/>
</kw>
<for flavor="IN">
<iter>
<kw name="Split String" owner="String">
<msg time="2025-11-07T05:43:00.439477" level="INFO">@{ROWS} = [ TestCaseName | Profileuser | Contact | salesorderID | ApprovalStatus | Value | user ]</msg>
<var>@{ROWS}</var>
<arg>${Lines}</arg>
<arg>separator=;</arg>
<doc>Splits the ``string`` using ``separator`` as a delimiter string.</doc>
<status status="PASS" start="2025-11-07T05:43:00.439232" elapsed="0.000280"/>
</kw>
<kw name="Get From List" owner="Collections">
<msg time="2025-11-07T05:43:00.439906" level="INFO">${TCName} = TestCaseName</msg>
<var>${TCName}</var>
<arg>${ROWS}</arg>
<arg>0</arg>
<doc>Returns the value specified with an ``index`` from ``list``.</doc>
<status status="PASS" start="2025-11-07T05:43:00.439639" elapsed="0.000294"/>
</kw>
<if>
<branch type="IF" condition="'${TCName}' == '${TEST_NAME}'">
<kw name="Get From List" owner="Collections">
<var>${Profileuser}</var>
<arg>${ROWS}</arg>
<arg>1</arg>
<doc>Returns the value specified with an ``index`` from ``list``.</doc>
<status status="NOT RUN" start="2025-11-07T05:43:00.440208" elapsed="0.000017"/>
</kw>
<kw name="Get From List" owner="Collections">
<var>${Contact}</var>
<arg>${ROWS}</arg>
<arg>2</arg>
<doc>Returns the value specified with an ``index`` from ``list``.</doc>
<status status="NOT RUN" start="2025-11-07T05:43:00.440314" elapsed="0.000018"/>
</kw>
<kw name="Get From List" owner="Collections">
<var>${salesorderID}</var>
<arg>${ROWS}</arg>
<arg>3</arg>
<doc>Returns the value specified with an ``index`` from ``list``.</doc>
<status status="NOT RUN" start="2025-11-07T05:43:00.440411" elapsed="0.000014"/>
</kw>
<kw name="Get From List" owner="Collections">
<var>${ApprovalStatus}</var>
<arg>${ROWS}</arg>
<arg>4</arg>
<doc>Returns the value specified with an ``index`` from ``list``.</doc>
<status status="NOT RUN" start="2025-11-07T05:43:00.440500" elapsed="0.000014"/>
</kw>
<kw name="Get From List" owner="Collections">
<var>${Value}</var>
<arg>${ROWS}</arg>
<arg>5</arg>
<doc>Returns the value specified with an ``index`` from ``list``.</doc>
<status status="NOT RUN" start="2025-11-07T05:43:00.440588" elapsed="0.000013"/>
</kw>
<kw name="Get From List" owner="Collections">
<var>${user}</var>
<arg>${ROWS}</arg>
<arg>6</arg>
<doc>Returns the value specified with an ``index`` from ``list``.</doc>
<status status="NOT RUN" start="2025-11-07T05:43:00.440679" elapsed="0.000015"/>
</kw>
<kw name="Append To List" owner="Collections">
<arg>${TestdataList}</arg>
<arg>${Profileuser}</arg>
<doc>Adds ``values`` to the end of ``list``.</doc>
<status status="NOT RUN" start="2025-11-07T05:43:00.440767" elapsed="0.000015"/>
</kw>
<kw name="Append To List" owner="Collections">
<arg>${TestdataList}</arg>
<arg>${Contact}</arg>
<doc>Adds ``values`` to the end of ``list``.</doc>
<status status="NOT RUN" start="2025-11-07T05:43:00.440900" elapsed="0.000022"/>
</kw>
<kw name="Append To List" owner="Collections">
<arg>${TestdataList}</arg>
<arg>${salesorderID}</arg>
<doc>Adds ``values`` to the end of ``list``.</doc>
<status status="NOT RUN" start="2025-11-07T05:43:00.441016" elapsed="0.000015"/>
</kw>
<kw name="Append To List" owner="Collections">
<arg>${TestdataList}</arg>
<arg>${ApprovalStatus}</arg>
<doc>Adds ``values`` to the end of ``list``.</doc>
<status status="NOT RUN" start="2025-11-07T05:43:00.441103" elapsed="0.000014"/>
</kw>
<kw name="Append To List" owner="Collections">
<arg>${TestdataList}</arg>
<arg>${Value}</arg>
<doc>Adds ``values`` to the end of ``list``.</doc>
<status status="NOT RUN" start="2025-11-07T05:43:00.441239" elapsed="0.000016"/>
</kw>
<kw name="Append To List" owner="Collections">
<arg>${TestdataList}</arg>
<arg>${user}</arg>
<doc>Adds ``values`` to the end of ``list``.</doc>
<status status="NOT RUN" start="2025-11-07T05:43:00.441328" elapsed="0.000014"/>
</kw>
<status status="NOT RUN" start="2025-11-07T05:43:00.440011" elapsed="0.001355"/>
</branch>
<status status="PASS" start="2025-11-07T05:43:00.439988" elapsed="0.001405"/>
</if>
<var name="${Lines}">TestCaseName;Profileuser;Contact;salesorderID;ApprovalStatus;Value;user</var>
<status status="PASS" start="2025-11-07T05:43:00.439149" elapsed="0.002267"/>
</iter>
<iter>
<kw name="Split String" owner="String">
<msg time="2025-11-07T05:43:00.441789" level="INFO">@{ROWS} = [ INT_PS-CSSUser_Approve_Replacement-FOC(T10) | itas_r2r_PS-CSS User | Dinesh Ramakrishn | 3000009077 | Approve | Replacement - FOC | itas_r2r_PS-CSS ]</msg>
<var>@{ROWS}</var>
<arg>${Lines}</arg>
<arg>separator=;</arg>
<doc>Splits the ``string`` using ``separator`` as a delimiter string.</doc>
<status status="PASS" start="2025-11-07T05:43:00.441630" elapsed="0.000181"/>
</kw>
<kw name="Get From List" owner="Collections">
<msg time="2025-11-07T05:43:00.442053" level="INFO">${TCName} = INT_PS-CSSUser_Approve_Replacement-FOC(T10)</msg>
<var>${TCName}</var>
<arg>${ROWS}</arg>
<arg>0</arg>
<doc>Returns the value specified with an ``index`` from ``list``.</doc>
<status status="PASS" start="2025-11-07T05:43:00.441923" elapsed="0.000151"/>
</kw>
<if>
<branch type="IF" condition="'${TCName}' == '${TEST_NAME}'">
<kw name="Get From List" owner="Collections">
<var>${Profileuser}</var>
<arg>${ROWS}</arg>
<arg>1</arg>
<doc>Returns the value specified with an ``index`` from ``list``.</doc>
<status status="NOT RUN" start="2025-11-07T05:43:00.442301" elapsed="0.000015"/>
</kw>
<kw name="Get From List" owner="Collections">
<var>${Contact}</var>
<arg>${ROWS}</arg>
<arg>2</arg>
<doc>Returns the value specified with an ``index`` from ``list``.</doc>
<status status="NOT RUN" start="2025-11-07T05:43:00.442394" elapsed="0.000014"/>
</kw>
<kw name="Get From List" owner="Collections">
<var>${salesorderID}</var>
<arg>${ROWS}</arg>
<arg>3</arg>
<doc>Returns the value specified with an ``index`` from ``list``.</doc>
<status status="NOT RUN" start="2025-11-07T05:43:00.442482" elapsed="0.000013"/>
</kw>
<kw name="Get From List" owner="Collections">
<var>${ApprovalStatus}</var>
<arg>${ROWS}</arg>
<arg>4</arg>
<doc>Returns the value specified with an ``index`` from ``list``.</doc>
<status status="NOT RUN" start="2025-11-07T05:43:00.442567" elapsed="0.000013"/>
</kw>
<kw name="Get From List" owner="Collections">
<var>${Value}</var>
<arg>${ROWS}</arg>
<arg>5</arg>
<doc>Returns the value specified with an ``index`` from ``list``.</doc>
<status status="NOT RUN" start="2025-11-07T05:43:00.442654" elapsed="0.000013"/>
</kw>
<kw name="Get From List" owner="Collections">
<var>${user}</var>
<arg>${ROWS}</arg>
<arg>6</arg>
<doc>Returns the value specified with an ``index`` from ``list``.</doc>
<status status="NOT RUN" start="2025-11-07T05:43:00.442738" elapsed="0.000014"/>
</kw>
<kw name="Append To List" owner="Collections">
<arg>${TestdataList}</arg>
<arg>${Profileuser}</arg>
<doc>Adds ``values`` to the end of ``list``.</doc>
<status status="NOT RUN" start="2025-11-07T05:43:00.442829" elapsed="0.000015"/>
</kw>
<kw name="Append To List" owner="Collections">
<arg>${TestdataList}</arg>
<arg>${Contact}</arg>
<doc>Adds ``values`` to the end of ``list``.</doc>
<status status="NOT RUN" start="2025-11-07T05:43:00.442933" elapsed="0.000014"/>
</kw>
<kw name="Append To List" owner="Collections">
<arg>${TestdataList}</arg>
<arg>${salesorderID}</arg>
<doc>Adds ``values`` to the end of ``list``.</doc>
<status status="NOT RUN" start="2025-11-07T05:43:00.443018" elapsed="0.000013"/>
</kw>
<kw name="Append To List" owner="Collections">
<arg>${TestdataList}</arg>
<arg>${ApprovalStatus}</arg>
<doc>Adds ``values`` to the end of ``list``.</doc>
<status status="NOT RUN" start="2025-11-07T05:43:00.443100" elapsed="0.000017"/>
</kw>
<kw name="Append To List" owner="Collections">
<arg>${TestdataList}</arg>
<arg>${Value}</arg>
<doc>Adds ``values`` to the end of ``list``.</doc>
<status status="NOT RUN" start="2025-11-07T05:43:00.443188" elapsed="0.000021"/>
</kw>
<kw name="Append To List" owner="Collections">
<arg>${TestdataList}</arg>
<arg>${user}</arg>
<doc>Adds ``values`` to the end of ``list``.</doc>
<status status="NOT RUN" start="2025-11-07T05:43:00.443277" elapsed="0.000014"/>
</kw>
<status status="NOT RUN" start="2025-11-07T05:43:00.442134" elapsed="0.001180"/>
</branch>
<status status="PASS" start="2025-11-07T05:43:00.442117" elapsed="0.001217"/>
</if>
<var name="${Lines}">INT_PS-CSSUser_Approve_Replacement-FOC(T10);itas_r2r_PS-CSS User;Dinesh Ramakrishn;3000009077;Approve;Replacement - FOC;itas_r2r_PS-CSS</var>
<status status="PASS" start="2025-11-07T05:43:00.441562" elapsed="0.001791"/>
</iter>
<iter>
<kw name="Split String" owner="String">
<msg time="2025-11-07T05:43:00.443730" level="INFO">@{ROWS} = [ INT_PS-CSSUser_Reject_Replacement-FOC(T10) | itas_r2r_PS-CSS User | Dinesh Ramakrishn | 3000009077 | Approve | Replacement - FOC | itas_r2r_PS-CSS ]</msg>
<var>@{ROWS}</var>
<arg>${Lines}</arg>
<arg>separator=;</arg>
<doc>Splits the ``string`` using ``separator`` as a delimiter string.</doc>
<status status="PASS" start="2025-11-07T05:43:00.443570" elapsed="0.000181"/>
</kw>
<kw name="Get From List" owner="Collections">
<msg time="2025-11-07T05:43:00.443982" level="INFO">${TCName} = INT_PS-CSSUser_Reject_Replacement-FOC(T10)</msg>
<var>${TCName}</var>
<arg>${ROWS}</arg>
<arg>0</arg>
<doc>Returns the value specified with an ``index`` from ``list``.</doc>
<status status="PASS" start="2025-11-07T05:43:00.443838" elapsed="0.000164"/>
</kw>
<if>
<branch type="IF" condition="'${TCName}' == '${TEST_NAME}'">
<kw name="Get From List" owner="Collections">
<var>${Profileuser}</var>
<arg>${ROWS}</arg>
<arg>1</arg>
<doc>Returns the value specified with an ``index`` from ``list``.</doc>
<status status="NOT RUN" start="2025-11-07T05:43:00.444212" elapsed="0.000015"/>
</kw>
<kw name="Get From List" owner="Collections">
<var>${Contact}</var>
<arg>${ROWS}</arg>
<arg>2</arg>
<doc>Returns the value specified with an ``index`` from ``list``.</doc>
<status status="NOT RUN" start="2025-11-07T05:43:00.444324" elapsed="0.000014"/>
</kw>
<kw name="Get From List" owner="Collections">
<var>${salesorderID}</var>
<arg>${ROWS}</arg>
<arg>3</arg>
<doc>Returns the value specified with an ``index`` from ``list``.</doc>
<status status="NOT RUN" start="2025-11-07T05:43:00.444411" elapsed="0.000013"/>
</kw>
<kw name="Get From List" owner="Collections">
<var>${ApprovalStatus}</var>
<arg>${ROWS}</arg>
<arg>4</arg>
<doc>Returns the value specified with an ``index`` from ``list``.</doc>
<status status="NOT RUN" start="2025-11-07T05:43:00.444496" elapsed="0.000014"/>
</kw>
<kw name="Get From List" owner="Collections">
<var>${Value}</var>
<arg>${ROWS}</arg>
<arg>5</arg>
<doc>Returns the value specified with an ``index`` from ``list``.</doc>
<status status="NOT RUN" start="2025-11-07T05:43:00.444583" elapsed="0.000013"/>
</kw>
<kw name="Get From List" owner="Collections">
<var>${user}</var>
<arg>${ROWS}</arg>
<arg>6</arg>
<doc>Returns the value specified with an ``index`` from ``list``.</doc>
<status status="NOT RUN" start="2025-11-07T05:43:00.444669" elapsed="0.000014"/>
</kw>
<kw name="Append To List" owner="Collections">
<arg>${TestdataList}</arg>
<arg>${Profileuser}</arg>
<doc>Adds ``values`` to the end of ``list``.</doc>
<status status="NOT RUN" start="2025-11-07T05:43:00.444771" elapsed="0.000014"/>
</kw>
<kw name="Append To List" owner="Collections">
<arg>${TestdataList}</arg>
<arg>${Contact}</arg>
<doc>Adds ``values`` to the end of ``list``.</doc>
<status status="NOT RUN" start="2025-11-07T05:43:00.444868" elapsed="0.000016"/>
</kw>
<kw name="Append To List" owner="Collections">
<arg>${TestdataList}</arg>
<arg>${salesorderID}</arg>
<doc>Adds ``values`` to the end of ``list``.</doc>
<status status="NOT RUN" start="2025-11-07T05:43:00.444954" elapsed="0.000014"/>
</kw>
<kw name="Append To List" owner="Collections">
<arg>${TestdataList}</arg>
<arg>${ApprovalStatus}</arg>
<doc>Adds ``values`` to the end of ``list``.</doc>
<status status="NOT RUN" start="2025-11-07T05:43:00.445133" elapsed="0.000028"/>
</kw>
<kw name="Append To List" owner="Collections">
<arg>${TestdataList}</arg>
<arg>${Value}</arg>
<doc>Adds ``values`` to the end of ``list``.</doc>
<status status="NOT RUN" start="2025-11-07T05:43:00.445243" elapsed="0.000015"/>
</kw>
<kw name="Append To List" owner="Collections">
<arg>${TestdataList}</arg>
<arg>${user}</arg>
<doc>Adds ``values`` to the end of ``list``.</doc>
<status status="NOT RUN" start="2025-11-07T05:43:00.445339" elapsed="0.000026"/>
</kw>
<status status="NOT RUN" start="2025-11-07T05:43:00.444058" elapsed="0.001343"/>
</branch>
<status status="PASS" start="2025-11-07T05:43:00.444042" elapsed="0.001382"/>
</if>
<var name="${Lines}">INT_PS-CSSUser_Reject_Replacement-FOC(T10);itas_r2r_PS-CSS User;Dinesh Ramakrishn;3000009077;Approve;Replacement - FOC;itas_r2r_PS-CSS</var>
<status status="PASS" start="2025-11-07T05:43:00.443494" elapsed="0.001965"/>
</iter>
<iter>
<kw name="Split String" owner="String">
<msg time="2025-11-07T05:43:00.445904" level="INFO">@{ROWS} = [ INT_PS-CSSUser_Approve_Debit Memo Request(T11) | itas_r2r_PS-CSS User | Dinesh Ramakrishn | 3000009077 | Approve | Debit Memo Request | itas_r2r_PS-CSS ]</msg>
<var>@{ROWS}</var>
<arg>${Lines}</arg>
<arg>separator=;</arg>
<doc>Splits the ``string`` using ``separator`` as a delimiter string.</doc>
<status status="PASS" start="2025-11-07T05:43:00.445709" elapsed="0.000220"/>
</kw>
<kw name="Get From List" owner="Collections">
<msg time="2025-11-07T05:43:00.446134" level="INFO">${TCName} = INT_PS-CSSUser_Approve_Debit Memo Request(T11)</msg>
<var>${TCName}</var>
<arg>${ROWS}</arg>
<arg>0</arg>
<doc>Returns the value specified with an ``index`` from ``list``.</doc>
<status status="PASS" start="2025-11-07T05:43:00.446013" elapsed="0.000142"/>
</kw>
<if>
<branch type="IF" condition="'${TCName}' == '${TEST_NAME}'">
<kw name="Get From List" owner="Collections">
<var>${Profileuser}</var>
<arg>${ROWS}</arg>
<arg>1</arg>
<doc>Returns the value specified with an ``index`` from ``list``.</doc>
<status status="NOT RUN" start="2025-11-07T05:43:00.446366" elapsed="0.000015"/>
</kw>
<kw name="Get From List" owner="Collections">
<var>${Contact}</var>
<arg>${ROWS}</arg>
<arg>2</arg>
<doc>Returns the value specified with an ``index`` from ``list``.</doc>
<status status="NOT RUN" start="2025-11-07T05:43:00.446457" elapsed="0.000014"/>
</kw>
<kw name="Get From List" owner="Collections">
<var>${salesorderID}</var>
<arg>${ROWS}</arg>
<arg>3</arg>
<doc>Returns the value specified with an ``index`` from ``list``.</doc>
<status status="NOT RUN" start="2025-11-07T05:43:00.446548" elapsed="0.000015"/>
</kw>
<kw name="Get From List" owner="Collections">
<var>${ApprovalStatus}</var>
<arg>${ROWS}</arg>
<arg>4</arg>
<doc>Returns the value specified with an ``index`` from ``list``.</doc>
<status status="NOT RUN" start="2025-11-07T05:43:00.446635" elapsed="0.000014"/>
</kw>
<kw name="Get From List" owner="Collections">
<var>${Value}</var>
<arg>${ROWS}</arg>
<arg>5</arg>
<doc>Returns the value specified with an ``index`` from ``list``.</doc>
<status status="NOT RUN" start="2025-11-07T05:43:00.446723" elapsed="0.000014"/>
</kw>
<kw name="Get From List" owner="Collections">
<var>${user}</var>
<arg>${ROWS}</arg>
<arg>6</arg>
<doc>Returns the value specified with an ``index`` from ``list``.</doc>
<status status="NOT RUN" start="2025-11-07T05:43:00.446809" elapsed="0.000013"/>
</kw>
<kw name="Append To List" owner="Collections">
<arg>${TestdataList}</arg>
<arg>${Profileuser}</arg>
<doc>Adds ``values`` to the end of ``list``.</doc>
<status status="NOT RUN" start="2025-11-07T05:43:00.446923" elapsed="0.000016"/>
</kw>
<kw name="Append To List" owner="Collections">
<arg>${TestdataList}</arg>
<arg>${Contact}</arg>
<doc>Adds ``values`` to the end of ``list``.</doc>
<status status="NOT RUN" start="2025-11-07T05:43:00.447012" elapsed="0.000015"/>
</kw>
<kw name="Append To List" owner="Collections">
<arg>${TestdataList}</arg>
<arg>${salesorderID}</arg>
<doc>Adds ``values`` to the end of ``list``.</doc>
<status status="NOT RUN" start="2025-11-07T05:43:00.447094" elapsed="0.000013"/>
</kw>
<kw name="Append To List" owner="Collections">
<arg>${TestdataList}</arg>
<arg>${ApprovalStatus}</arg>
<doc>Adds ``values`` to the end of ``list``.</doc>
<status status="NOT RUN" start="2025-11-07T05:43:00.447174" elapsed="0.000014"/>
</kw>
<kw name="Append To List" owner="Collections">
<arg>${TestdataList}</arg>
<arg>${Value}</arg>
<doc>Adds ``values`` to the end of ``list``.</doc>
<status status="NOT RUN" start="2025-11-07T05:43:00.447255" elapsed="0.000013"/>
</kw>
<kw name="Append To List" owner="Collections">
<arg>${TestdataList}</arg>
<arg>${user}</arg>
<doc>Adds ``values`` to the end of ``list``.</doc>
<status status="NOT RUN" start="2025-11-07T05:43:00.447335" elapsed="0.000014"/>
</kw>
<status status="NOT RUN" start="2025-11-07T05:43:00.446211" elapsed="0.001161"/>
</branch>
<status status="PASS" start="2025-11-07T05:43:00.446196" elapsed="0.001197"/>
</if>
<var name="${Lines}">INT_PS-CSSUser_Approve_Debit Memo Request(T11);itas_r2r_PS-CSS User;Dinesh Ramakrishn;3000009077;Approve;Debit Memo Request;itas_r2r_PS-CSS</var>
<status status="PASS" start="2025-11-07T05:43:00.445640" elapsed="0.001772"/>
</iter>
<iter>
<kw name="Split String" owner="String">
<msg time="2025-11-07T05:43:00.447879" level="INFO">@{ROWS} = [ INT_PS-CSSUser_Reject_Debit Memo Request(T11) | itas_r2r_PS-CSS User | Dinesh Ramakrishn | 3000009077 | Approve | Debit Memo Request | itas_r2r_PS-CSS ]</msg>
<var>@{ROWS}</var>
<arg>${Lines}</arg>
<arg>separator=;</arg>
<doc>Splits the ``string`` using ``separator`` as a delimiter string.</doc>
<status status="PASS" start="2025-11-07T05:43:00.447709" elapsed="0.000193"/>
</kw>
<kw name="Get From List" owner="Collections">
<msg time="2025-11-07T05:43:00.448116" level="INFO">${TCName} = INT_PS-CSSUser_Reject_Debit Memo Request(T11)</msg>
<var>${TCName}</var>
<arg>${ROWS}</arg>
<arg>0</arg>
<doc>Returns the value specified with an ``index`` from ``list``.</doc>
<status status="PASS" start="2025-11-07T05:43:00.448001" elapsed="0.000135"/>
</kw>
<if>
<branch type="IF" condition="'${TCName}' == '${TEST_NAME}'">
<kw name="Get From List" owner="Collections">
<var>${Profileuser}</var>
<arg>${ROWS}</arg>
<arg>1</arg>
<doc>Returns the value specified with an ``index`` from ``list``.</doc>
<status status="NOT RUN" start="2025-11-07T05:43:00.448339" elapsed="0.000015"/>
</kw>
<kw name="Get From List" owner="Collections">
<var>${Contact}</var>
<arg>${ROWS}</arg>
<arg>2</arg>
<doc>Returns the value specified with an ``index`` from ``list``.</doc>
<status status="NOT RUN" start="2025-11-07T05:43:00.448431" elapsed="0.000014"/>
</kw>
<kw name="Get From List" owner="Collections">
<var>${salesorderID}</var>
<arg>${ROWS}</arg>
<arg>3</arg>
<doc>Returns the value specified with an ``index`` from ``list``.</doc>
<status status="NOT RUN" start="2025-11-07T05:43:00.448532" elapsed="0.000023"/>
</kw>
<kw name="Get From List" owner="Collections">
<var>${ApprovalStatus}</var>
<arg>${ROWS}</arg>
<arg>4</arg>
<doc>Returns the value specified with an ``index`` from ``list``.</doc>
<status status="NOT RUN" start="2025-11-07T05:43:00.448637" elapsed="0.000015"/>
</kw>
<kw name="Get From List" owner="Collections">
<var>${Value}</var>
<arg>${ROWS}</arg>
<arg>5</arg>
<doc>Returns the value specified with an ``index`` from ``list``.</doc>
<status status="NOT RUN" start="2025-11-07T05:43:00.448730" elapsed="0.000015"/>
</kw>
<kw name="Get From List" owner="Collections">
<var>${user}</var>
<arg>${ROWS}</arg>
<arg>6</arg>
<doc>Returns the value specified with an ``index`` from ``list``.</doc>
<status status="NOT RUN" start="2025-11-07T05:43:00.448881" elapsed="0.000024"/>
</kw>
<kw name="Append To List" owner="Collections">
<arg>${TestdataList}</arg>
<arg>${Profileuser}</arg>
<doc>Adds ``values`` to the end of ``list``.</doc>
<status status="NOT RUN" start="2025-11-07T05:43:00.449034" elapsed="0.000024"/>
</kw>
<kw name="Append To List" owner="Collections">
<arg>${TestdataList}</arg>
<arg>${Contact}</arg>
<doc>Adds ``values`` to the end of ``list``.</doc>
<status status="NOT RUN" start="2025-11-07T05:43:00.449230" elapsed="0.000025"/>
</kw>
<kw name="Append To List" owner="Collections">
<arg>${TestdataList}</arg>
<arg>${salesorderID}</arg>
<doc>Adds ``values`` to the end of ``list``.</doc>
<status status="NOT RUN" start="2025-11-07T05:43:00.449374" elapsed="0.000025"/>
</kw>
<kw name="Append To List" owner="Collections">
<arg>${TestdataList}</arg>
<arg>${ApprovalStatus}</arg>
<doc>Adds ``values`` to the end of ``list``.</doc>
<status status="NOT RUN" start="2025-11-07T05:43:00.449504" elapsed="0.000018"/>
</kw>
<kw name="Append To List" owner="Collections">
<arg>${TestdataList}</arg>
<arg>${Value}</arg>
<doc>Adds ``values`` to the end of ``list``.</doc>
<status status="NOT RUN" start="2025-11-07T05:43:00.449620" elapsed="0.000021"/>
</kw>
<kw name="Append To List" owner="Collections">
<arg>${TestdataList}</arg>
<arg>${user}</arg>
<doc>Adds ``values`` to the end of ``list``.</doc>
<status status="NOT RUN" start="2025-11-07T05:43:00.449761" elapsed="0.000022"/>
</kw>
<status status="NOT RUN" start="2025-11-07T05:43:00.448190" elapsed="0.001638"/>
</branch>
<status status="PASS" start="2025-11-07T05:43:00.448175" elapsed="0.001697"/>
</if>
<var name="${Lines}">INT_PS-CSSUser_Reject_Debit Memo Request(T11);itas_r2r_PS-CSS User;Dinesh Ramakrishn;3000009077;Approve;Debit Memo Request;itas_r2r_PS-CSS</var>
<status status="PASS" start="2025-11-07T05:43:00.447643" elapsed="0.002265"/>
</iter>
<iter>
<kw name="Split String" owner="String">
<msg time="2025-11-07T05:43:00.450282" level="INFO">@{ROWS} = [ INT_PS-CSSUser_Approve_Returns-Credit(T12) | itas_r2r_PS-CSS User | Dinesh Ramakrishn | 3000009077 | Approve | Returns - Credit | itas_r2r_PS-CSS ]</msg>
<var>@{ROWS}</var>
<arg>${Lines}</arg>
<arg>separator=;</arg>
<doc>Splits the ``string`` using ``separator`` as a delimiter string.</doc>
<status status="PASS" start="2025-11-07T05:43:00.450120" elapsed="0.000183"/>
</kw>
<kw name="Get From List" owner="Collections">
<msg time="2025-11-07T05:43:00.450498" level="INFO">${TCName} = INT_PS-CSSUser_Approve_Returns-Credit(T12)</msg>
<var>${TCName}</var>
<arg>${ROWS}</arg>
<arg>0</arg>
<doc>Returns the value specified with an ``index`` from ``list``.</doc>
<status status="PASS" start="2025-11-07T05:43:00.450383" elapsed="0.000134"/>
</kw>
<if>
<branch type="IF" condition="'${TCName}' == '${TEST_NAME}'">
<kw name="Get From List" owner="Collections">
<var>${Profileuser}</var>
<arg>${ROWS}</arg>
<arg>1</arg>
<doc>Returns the value specified with an ``index`` from ``list``.</doc>
<status status="NOT RUN" start="2025-11-07T05:43:00.450726" elapsed="0.000015"/>
</kw>
<kw name="Get From List" owner="Collections">
<var>${Contact}</var>
<arg>${ROWS}</arg>
<arg>2</arg>
<doc>Returns the value specified with an ``index`` from ``list``.</doc>
<status status="NOT RUN" start="2025-11-07T05:43:00.450817" elapsed="0.000014"/>
</kw>
<kw name="Get From List" owner="Collections">
<var>${salesorderID}</var>
<arg>${ROWS}</arg>
<arg>3</arg>
<doc>Returns the value specified with an ``index`` from ``list``.</doc>
<status status="NOT RUN" start="2025-11-07T05:43:00.450949" elapsed="0.000015"/>
</kw>
<kw name="Get From List" owner="Collections">
<var>${ApprovalStatus}</var>
<arg>${ROWS}</arg>
<arg>4</arg>
<doc>Returns the value specified with an ``index`` from ``list``.</doc>
<status status="NOT RUN" start="2025-11-07T05:43:00.451038" elapsed="0.000013"/>
</kw>
<kw name="Get From List" owner="Collections">
<var>${Value}</var>
<arg>${ROWS}</arg>
<arg>5</arg>
<doc>Returns the value specified with an ``index`` from ``list``.</doc>
<status status="NOT RUN" start="2025-11-07T05:43:00.451121" elapsed="0.000013"/>
</kw>
<kw name="Get From List" owner="Collections">
<var>${user}</var>
<arg>${ROWS}</arg>
<arg>6</arg>
<doc>Returns the value specified with an ``index`` from ``list``.</doc>
<status status="NOT RUN" start="2025-11-07T05:43:00.451204" elapsed="0.000013"/>
</kw>
<kw name="Append To List" owner="Collections">
<arg>${TestdataList}</arg>
<arg>${Profileuser}</arg>
<doc>Adds ``values`` to the end of ``list``.</doc>
<status status="NOT RUN" start="2025-11-07T05:43:00.451286" elapsed="0.000013"/>
</kw>
<kw name="Append To List" owner="Collections">
<arg>${TestdataList}</arg>
<arg>${Contact}</arg>
<doc>Adds ``values`` to the end of ``list``.</doc>
<status status="NOT RUN" start="2025-11-07T05:43:00.451365" elapsed="0.000013"/>
</kw>
<kw name="Append To List" owner="Collections">
<arg>${TestdataList}</arg>
<arg>${salesorderID}</arg>
<doc>Adds ``values`` to the end of ``list``.</doc>
<status status="NOT RUN" start="2025-11-07T05:43:00.451443" elapsed="0.000013"/>
</kw>
<kw name="Append To List" owner="Collections">
<arg>${TestdataList}</arg>
<arg>${ApprovalStatus}</arg>
<doc>Adds ``values`` to the end of ``list``.</doc>
<status status="NOT RUN" start="2025-11-07T05:43:00.451521" elapsed="0.000013"/>
</kw>
<kw name="Append To List" owner="Collections">
<arg>${TestdataList}</arg>
<arg>${Value}</arg>
<doc>Adds ``values`` to the end of ``list``.</doc>
<status status="NOT RUN" start="2025-11-07T05:43:00.451599" elapsed="0.000013"/>
</kw>
<kw name="Append To List" owner="Collections">
<arg>${TestdataList}</arg>
<arg>${user}</arg>
<doc>Adds ``values`` to the end of ``list``.</doc>
<status status="NOT RUN" start="2025-11-07T05:43:00.451677" elapsed="0.000013"/>
</kw>
<status status="NOT RUN" start="2025-11-07T05:43:00.450572" elapsed="0.001140"/>
</branch>
<status status="PASS" start="2025-11-07T05:43:00.450557" elapsed="0.001174"/>
</if>
<var name="${Lines}">INT_PS-CSSUser_Approve_Returns-Credit(T12);itas_r2r_PS-CSS User;Dinesh Ramakrishn;3000009077;Approve;Returns - Credit;itas_r2r_PS-CSS</var>
<status status="PASS" start="2025-11-07T05:43:00.450051" elapsed="0.001698"/>
</iter>
<iter>
<kw name="Split String" owner="String">
<msg time="2025-11-07T05:43:00.452156" level="INFO">@{ROWS} = [ INT_PS-CSSUser_Reject_Returns-Credit(T12) | itas_r2r_PS-CSS User | Dinesh Ramakrishn | 3000009077 | Approve | Returns - Credit | itas_r2r_PS-CSS ]</msg>
<var>@{ROWS}</var>
<arg>${Lines}</arg>
<arg>separator=;</arg>
<doc>Splits the ``string`` using ``separator`` as a delimiter string.</doc>
<status status="PASS" start="2025-11-07T05:43:00.451996" elapsed="0.000191"/>
</kw>
<kw name="Get From List" owner="Collections">
<msg time="2025-11-07T05:43:00.452390" level="INFO">${TCName} = INT_PS-CSSUser_Reject_Returns-Credit(T12)</msg>
<var>${TCName}</var>
<arg>${ROWS}</arg>
<arg>0</arg>
<doc>Returns the value specified with an ``index`` from ``list``.</doc>
<status status="PASS" start="2025-11-07T05:43:00.452268" elapsed="0.000142"/>
</kw>
<if>
<branch type="IF" condition="'${TCName}' == '${TEST_NAME}'">
<kw name="Get From List" owner="Collections">
<var>${Profileuser}</var>
<arg>${ROWS}</arg>
<arg>1</arg>
<doc>Returns the value specified with an ``index`` from ``list``.</doc>
<status status="NOT RUN" start="2025-11-07T05:43:00.452613" elapsed="0.000014"/>
</kw>
<kw name="Get From List" owner="Collections">
<var>${Contact}</var>
<arg>${ROWS}</arg>
<arg>2</arg>
<doc>Returns the value specified with an ``index`` from ``list``.</doc>
<status status="NOT RUN" start="2025-11-07T05:43:00.452734" elapsed="0.000017"/>
</kw>
<kw name="Get From List" owner="Collections">
<var>${salesorderID}</var>
<arg>${ROWS}</arg>
<arg>3</arg>
<doc>Returns the value specified with an ``index`` from ``list``.</doc>
<status status="NOT RUN" start="2025-11-07T05:43:00.452887" elapsed="0.000021"/>
</kw>
<kw name="Get From List" owner="Collections">
<var>${ApprovalStatus}</var>
<arg>${ROWS}</arg>
<arg>4</arg>
<doc>Returns the value specified with an ``index`` from ``list``.</doc>
<status status="NOT RUN" start="2025-11-07T05:43:00.453012" elapsed="0.000020"/>
</kw>
<kw name="Get From List" owner="Collections">
<var>${Value}</var>
<arg>${ROWS}</arg>
<arg>5</arg>
<doc>Returns the value specified with an ``index`` from ``list``.</doc>
<status status="NOT RUN" start="2025-11-07T05:43:00.453128" elapsed="0.000016"/>
</kw>
<kw name="Get From List" owner="Collections">
<var>${user}</var>
<arg>${ROWS}</arg>
<arg>6</arg>
<doc>Returns the value specified with an ``index`` from ``list``.</doc>
<status status="NOT RUN" start="2025-11-07T05:43:00.453249" elapsed="0.000014"/>
</kw>
<kw name="Append To List" owner="Collections">
<arg>${TestdataList}</arg>
<arg>${Profileuser}</arg>
<doc>Adds ``values`` to the end of ``list``.</doc>
<status status="NOT RUN" start="2025-11-07T05:43:00.453334" elapsed="0.000013"/>
</kw>
<kw name="Append To List" owner="Collections">
<arg>${TestdataList}</arg>
<arg>${Contact}</arg>
<doc>Adds ``values`` to the end of ``list``.</doc>
<status status="NOT RUN" start="2025-11-07T05:43:00.453414" elapsed="0.000013"/>
</kw>
<kw name="Append To List" owner="Collections">
<arg>${TestdataList}</arg>
<arg>${salesorderID}</arg>
<doc>Adds ``values`` to the end of ``list``.</doc>
<status status="NOT RUN" start="2025-11-07T05:43:00.453493" elapsed="0.000017"/>
</kw>
<kw name="Append To List" owner="Collections">
<arg>${TestdataList}</arg>
<arg>${ApprovalStatus}</arg>
<doc>Adds ``values`` to the end of ``list``.</doc>
<status status="NOT RUN" start="2025-11-07T05:43:00.453579" elapsed="0.000013"/>
</kw>
<kw name="Append To List" owner="Collections">
<arg>${TestdataList}</arg>
<arg>${Value}</arg>
<doc>Adds ``values`` to the end of ``list``.</doc>
<status status="NOT RUN" start="2025-11-07T05:43:00.453659" elapsed="0.000013"/>
</kw>
<kw name="Append To List" owner="Collections">
<arg>${TestdataList}</arg>
<arg>${user}</arg>
<doc>Adds ``values`` to the end of ``list``.</doc>
<status status="NOT RUN" start="2025-11-07T05:43:00.453738" elapsed="0.000013"/>
</kw>
<status status="NOT RUN" start="2025-11-07T05:43:00.452464" elapsed="0.001309"/>
</branch>
<status status="PASS" start="2025-11-07T05:43:00.452449" elapsed="0.001344"/>
</if>
<var name="${Lines}">INT_PS-CSSUser_Reject_Returns-Credit(T12);itas_r2r_PS-CSS User;Dinesh Ramakrishn;3000009077;Approve;Returns - Credit;itas_r2r_PS-CSS</var>
<status status="PASS" start="2025-11-07T05:43:00.451929" elapsed="0.001883"/>
</iter>
<iter>
<kw name="Split String" owner="String">
<msg time="2025-11-07T05:43:00.454231" level="INFO">@{ROWS} = [ INT_PS-CSSUser_Approve_Returns-No Credit(T13) | itas_r2r_PS-CSS User | Dinesh Ramakrishn | 3000009077 | Approve | Return - No Credit | itas_r2r_PS-CSS ]</msg>
<var>@{ROWS}</var>
<arg>${Lines}</arg>
<arg>separator=;</arg>
<doc>Splits the ``string`` using ``separator`` as a delimiter string.</doc>
<status status="PASS" start="2025-11-07T05:43:00.454055" elapsed="0.000211"/>
</kw>
<kw name="Get From List" owner="Collections">
<msg time="2025-11-07T05:43:00.454474" level="INFO">${TCName} = INT_PS-CSSUser_Approve_Returns-No Credit(T13)</msg>
<var>${TCName}</var>
<arg>${ROWS}</arg>
<arg>0</arg>
<doc>Returns the value specified with an ``index`` from ``list``.</doc>
<status status="PASS" start="2025-11-07T05:43:00.454353" elapsed="0.000140"/>
</kw>
<if>
<branch type="IF" condition="'${TCName}' == '${TEST_NAME}'">
<kw name="Get From List" owner="Collections">
<var>${Profileuser}</var>
<arg>${ROWS}</arg>
<arg>1</arg>
<doc>Returns the value specified with an ``index`` from ``list``.</doc>
<status status="NOT RUN" start="2025-11-07T05:43:00.454791" elapsed="0.000019"/>
</kw>
<kw name="Get From List" owner="Collections">
<var>${Contact}</var>
<arg>${ROWS}</arg>
<arg>2</arg>
<doc>Returns the value specified with an ``index`` from ``list``.</doc>
<status status="NOT RUN" start="2025-11-07T05:43:00.454938" elapsed="0.000026"/>
</kw>
<kw name="Get From List" owner="Collections">
<var>${salesorderID}</var>
<arg>${ROWS}</arg>
<arg>3</arg>
<doc>Returns the value specified with an ``index`` from ``list``.</doc>
<status status="NOT RUN" start="2025-11-07T05:43:00.455103" elapsed="0.000022"/>
</kw>
<kw name="Get From List" owner="Collections">
<var>${ApprovalStatus}</var>
<arg>${ROWS}</arg>
<arg>4</arg>
<doc>Returns the value specified with an ``index`` from ``list``.</doc>
<status status="NOT RUN" start="2025-11-07T05:43:00.455207" elapsed="0.000014"/>
</kw>
<kw name="Get From List" owner="Collections">
<var>${Value}</var>
<arg>${ROWS}</arg>
<arg>5</arg>
<doc>Returns the value specified with an ``index`` from ``list``.</doc>
<status status="NOT RUN" start="2025-11-07T05:43:00.455299" elapsed="0.000013"/>
</kw>
<kw name="Get From List" owner="Collections">
<var>${user}</var>
<arg>${ROWS}</arg>
<arg>6</arg>
<doc>Returns the value specified with an ``index`` from ``list``.</doc>
<status status="NOT RUN" start="2025-11-07T05:43:00.455385" elapsed="0.000014"/>
</kw>
<kw name="Append To List" owner="Collections">
<arg>${TestdataList}</arg>
<arg>${Profileuser}</arg>
<doc>Adds ``values`` to the end of ``list``.</doc>
<status status="NOT RUN" start="2025-11-07T05:43:00.455470" elapsed="0.000015"/>
</kw>
<kw name="Append To List" owner="Collections">
<arg>${TestdataList}</arg>
<arg>${Contact}</arg>
<doc>Adds ``values`` to the end of ``list``.</doc>
<status status="NOT RUN" start="2025-11-07T05:43:00.455554" elapsed="0.000013"/>
</kw>
<kw name="Append To List" owner="Collections">
<arg>${TestdataList}</arg>
<arg>${salesorderID}</arg>
<doc>Adds ``values`` to the end of ``list``.</doc>
<status status="NOT RUN" start="2025-11-07T05:43:00.455635" elapsed="0.000013"/>
</kw>
<kw name="Append To List" owner="Collections">
<arg>${TestdataList}</arg>
<arg>${ApprovalStatus}</arg>
<doc>Adds ``values`` to the end of ``list``.</doc>
<status status="NOT RUN" start="2025-11-07T05:43:00.455714" elapsed="0.000013"/>
</kw>
<kw name="Append To List" owner="Collections">
<arg>${TestdataList}</arg>
<arg>${Value}</arg>
<doc>Adds ``values`` to the end of ``list``.</doc>
<status status="NOT RUN" start="2025-11-07T05:43:00.455800" elapsed="0.000013"/>
</kw>
<kw name="Append To List" owner="Collections">
<arg>${TestdataList}</arg>
<arg>${user}</arg>
<doc>Adds ``values`` to the end of ``list``.</doc>
<status status="NOT RUN" start="2025-11-07T05:43:00.455911" elapsed="0.000016"/>
</kw>
<status status="NOT RUN" start="2025-11-07T05:43:00.454550" elapsed="0.001403"/>
</branch>
<status status="PASS" start="2025-11-07T05:43:00.454533" elapsed="0.001441"/>
</if>
<var name="${Lines}">INT_PS-CSSUser_Approve_Returns-No Credit(T13);itas_r2r_PS-CSS User;Dinesh Ramakrishn;3000009077;Approve;Return - No Credit;itas_r2r_PS-CSS</var>
<status status="PASS" start="2025-11-07T05:43:00.453987" elapsed="0.002006"/>
</iter>
<iter>
<kw name="Split String" owner="String">
<msg time="2025-11-07T05:43:00.456345" level="INFO">@{ROWS} = [ INT_PS-CSSUser_Reject_Returns-No Credit(T13) | itas_r2r_PS-CSS User | Dinesh Ramakrishn | 3000009077 | Approve | Return - No Credit | itas_r2r_PS-CSS ]</msg>
<var>@{ROWS}</var>
<arg>${Lines}</arg>
<arg>separator=;</arg>
<doc>Splits the ``string`` using ``separator`` as a delimiter string.</doc>
<status status="PASS" start="2025-11-07T05:43:00.456197" elapsed="0.000169"/>
</kw>
<kw name="Get From List" owner="Collections">
<msg time="2025-11-07T05:43:00.456560" level="INFO">${TCName} = INT_PS-CSSUser_Reject_Returns-No Credit(T13)</msg>
<var>${TCName}</var>
<arg>${ROWS}</arg>
<arg>0</arg>
<doc>Returns the value specified with an ``index`` from ``list``.</doc>
<status status="PASS" start="2025-11-07T05:43:00.456444" elapsed="0.000136"/>
</kw>
<if>
<branch type="IF" condition="'${TCName}' == '${TEST_NAME}'">
<kw name="Get From List" owner="Collections">
<var>${Profileuser}</var>
<arg>${ROWS}</arg>
<arg>1</arg>
<doc>Returns the value specified with an ``index`` from ``list``.</doc>
<status status="NOT RUN" start="2025-11-07T05:43:00.456780" elapsed="0.000015"/>
</kw>
<kw name="Get From List" owner="Collections">
<var>${Contact}</var>
<arg>${ROWS}</arg>
<arg>2</arg>
<doc>Returns the value specified with an ``index`` from ``list``.</doc>
<status status="NOT RUN" start="2025-11-07T05:43:00.456898" elapsed="0.000015"/>
</kw>
<kw name="Get From List" owner="Collections">
<var>${salesorderID}</var>
<arg>${ROWS}</arg>
<arg>3</arg>
<doc>Returns the value specified with an ``index`` from ``list``.</doc>
<status status="NOT RUN" start="2025-11-07T05:43:00.456989" elapsed="0.000018"/>
</kw>
<kw name="Get From List" owner="Collections">
<var>${ApprovalStatus}</var>
<arg>${ROWS}</arg>
<arg>4</arg>
<doc>Returns the value specified with an ``index`` from ``list``.</doc>
<status status="NOT RUN" start="2025-11-07T05:43:00.457108" elapsed="0.000019"/>
</kw>
<kw name="Get From List" owner="Collections">
<var>${Value}</var>
<arg>${ROWS}</arg>
<arg>5</arg>
<doc>Returns the value specified with an ``index`` from ``list``.</doc>
<status status="NOT RUN" start="2025-11-07T05:43:00.457203" elapsed="0.000014"/>
</kw>
<kw name="Get From List" owner="Collections">
<var>${user}</var>
<arg>${ROWS}</arg>
<arg>6</arg>
<doc>Returns the value specified with an ``index`` from ``list``.</doc>
<status status="NOT RUN" start="2025-11-07T05:43:00.457289" elapsed="0.000013"/>
</kw>
<kw name="Append To List" owner="Collections">
<arg>${TestdataList}</arg>
<arg>${Profileuser}</arg>
<doc>Adds ``values`` to the end of ``list``.</doc>
<status status="NOT RUN" start="2025-11-07T05:43:00.457372" elapsed="0.000013"/>
</kw>
<kw name="Append To List" owner="Collections">
<arg>${TestdataList}</arg>
<arg>${Contact}</arg>
<doc>Adds ``values`` to the end of ``list``.</doc>
<status status="NOT RUN" start="2025-11-07T05:43:00.457453" elapsed="0.000013"/>
</kw>
<kw name="Append To List" owner="Collections">
<arg>${TestdataList}</arg>
<arg>${salesorderID}</arg>
<doc>Adds ``values`` to the end of ``list``.</doc>
<status status="NOT RUN" start="2025-11-07T05:43:00.457533" elapsed="0.000013"/>
</kw>
<kw name="Append To List" owner="Collections">
<arg>${TestdataList}</arg>
<arg>${ApprovalStatus}</arg>
<doc>Adds ``values`` to the end of ``list``.</doc>
<status status="NOT RUN" start="2025-11-07T05:43:00.457613" elapsed="0.000013"/>
</kw>
<kw name="Append To List" owner="Collections">
<arg>${TestdataList}</arg>
<arg>${Value}</arg>
<doc>Adds ``values`` to the end of ``list``.</doc>
<status status="NOT RUN" start="2025-11-07T05:43:00.457692" elapsed="0.000013"/>
</kw>
<kw name="Append To List" owner="Collections">
<arg>${TestdataList}</arg>
<arg>${user}</arg>
<doc>Adds ``values`` to the end of ``list``.</doc>
<status status="NOT RUN" start="2025-11-07T05:43:00.457777" elapsed="0.000013"/>
</kw>
<status status="NOT RUN" start="2025-11-07T05:43:00.456631" elapsed="0.001182"/>
</branch>
<status status="PASS" start="2025-11-07T05:43:00.456617" elapsed="0.001214"/>
</if>
<var name="${Lines}">INT_PS-CSSUser_Reject_Returns-No Credit(T13);itas_r2r_PS-CSS User;Dinesh Ramakrishn;3000009077;Approve;Return - No Credit;itas_r2r_PS-CSS</var>
<status status="PASS" start="2025-11-07T05:43:00.456132" elapsed="0.001716"/>
</iter>
<iter>
<kw name="Split String" owner="String">
<msg time="2025-11-07T05:43:00.459728" level="INFO">@{ROWS} = [ INT_PS-CSSUser_Approve_Replacement-Charge(T14) | itas_r2r_PS-CSS User | Dinesh Ramakrishn | 3000009077 | Approve | Replacement - Charge | itas_r2r_PS-CSS ]</msg>
<var>@{ROWS}</var>
<arg>${Lines}</arg>
<arg>separator=;</arg>
<doc>Splits the ``string`` using ``separator`` as a delimiter string.</doc>
<status status="PASS" start="2025-11-07T05:43:00.459490" elapsed="0.000273"/>
</kw>
<kw name="Get From List" owner="Collections">
<msg time="2025-11-07T05:43:00.460132" level="INFO">${TCName} = INT_PS-CSSUser_Approve_Replacement-Charge(T14)</msg>
<var>${TCName}</var>
<arg>${ROWS}</arg>
<arg>0</arg>
<doc>Returns the value specified with an ``index`` from ``list``.</doc>
<status status="PASS" start="2025-11-07T05:43:00.459924" elapsed="0.000241"/>
</kw>
<if>
<branch type="IF" condition="'${TCName}' == '${TEST_NAME}'">
<kw name="Get From List" owner="Collections">
<var>${Profileuser}</var>
<arg>${ROWS}</arg>
<arg>1</arg>
<doc>Returns the value specified with an ``index`` from ``list``.</doc>
<status status="NOT RUN" start="2025-11-07T05:43:00.460502" elapsed="0.000027"/>
</kw>
<kw name="Get From List" owner="Collections">
<var>${Contact}</var>
<arg>${ROWS}</arg>
<arg>2</arg>
<doc>Returns the value specified with an ``index`` from ``list``.</doc>
<status status="NOT RUN" start="2025-11-07T05:43:00.460660" elapsed="0.000023"/>
</kw>
<kw name="Get From List" owner="Collections">
<var>${salesorderID}</var>
<arg>${ROWS}</arg>
<arg>3</arg>
<doc>Returns the value specified with an ``index`` from ``list``.</doc>
<status status="NOT RUN" start="2025-11-07T05:43:00.460801" elapsed="0.000023"/>
</kw>
<kw name="Get From List" owner="Collections">
<var>${ApprovalStatus}</var>
<arg>${ROWS}</arg>
<arg>4</arg>
<doc>Returns the value specified with an ``index`` from ``list``.</doc>
<status status="NOT RUN" start="2025-11-07T05:43:00.460976" elapsed="0.000024"/>
</kw>
<kw name="Get From List" owner="Collections">
<var>${Value}</var>
<arg>${ROWS}</arg>
<arg>5</arg>
<doc>Returns the value specified with an ``index`` from ``list``.</doc>
<status status="NOT RUN" start="2025-11-07T05:43:00.461125" elapsed="0.000022"/>
</kw>
<kw name="Get From List" owner="Collections">
<var>${user}</var>
<arg>${ROWS}</arg>
<arg>6</arg>
<doc>Returns the value specified with an ``index`` from ``list``.</doc>
<status status="NOT RUN" start="2025-11-07T05:43:00.461287" elapsed="0.000024"/>
</kw>
<kw name="Append To List" owner="Collections">
<arg>${TestdataList}</arg>
<arg>${Profileuser}</arg>
<doc>Adds ``values`` to the end of ``list``.</doc>
<status status="NOT RUN" start="2025-11-07T05:43:00.461445" elapsed="0.000026"/>
</kw>
<kw name="Append To List" owner="Collections">
<arg>${TestdataList}</arg>
<arg>${Contact}</arg>
<doc>Adds ``values`` to the end of ``list``.</doc>
<status status="NOT RUN" start="2025-11-07T05:43:00.461594" elapsed="0.000026"/>
</kw>
<kw name="Append To List" owner="Collections">
<arg>${TestdataList}</arg>
<arg>${salesorderID}</arg>
<doc>Adds ``values`` to the end of ``list``.</doc>
<status status="NOT RUN" start="2025-11-07T05:43:00.461739" elapsed="0.000022"/>
</kw>
<kw name="Append To List" owner="Collections">
<arg>${TestdataList}</arg>
<arg>${ApprovalStatus}</arg>
<doc>Adds ``values`` to the end of ``list``.</doc>
<status status="NOT RUN" start="2025-11-07T05:43:00.461902" elapsed="0.000025"/>
</kw>
<kw name="Append To List" owner="Collections">
<arg>${TestdataList}</arg>
<arg>${Value}</arg>
<doc>Adds ``values`` to the end of ``list``.</doc>
<status status="NOT RUN" start="2025-11-07T05:43:00.462049" elapsed="0.000022"/>
</kw>
<kw name="Append To List" owner="Collections">
<arg>${TestdataList}</arg>
<arg>${user}</arg>
<doc>Adds ``values`` to the end of ``list``.</doc>
<status status="NOT RUN" start="2025-11-07T05:43:00.462184" elapsed="0.000022"/>
</kw>
<status status="NOT RUN" start="2025-11-07T05:43:00.460248" elapsed="0.002000"/>
</branch>
<status status="PASS" start="2025-11-07T05:43:00.460227" elapsed="0.002054"/>
</if>
<var name="${Lines}">INT_PS-CSSUser_Approve_Replacement-Charge(T14);itas_r2r_PS-CSS User;Dinesh Ramakrishn;3000009077;Approve;Replacement - Charge;itas_r2r_PS-CSS</var>
<status status="PASS" start="2025-11-07T05:43:00.459380" elapsed="0.002936"/>
</iter>
<iter>
<kw name="Split String" owner="String">
<msg time="2025-11-07T05:43:00.462915" level="INFO">@{ROWS} = [ INT_PS-CSSUser_Reject_Replacement-Charge(T14) | itas_r2r_PS-CSS User | Dinesh Ramakrishn | 3000009077 | Approve | Replacement - Charge | itas_r2r_PS-CSS ]</msg>
<var>@{ROWS}</var>
<arg>${Lines}</arg>
<arg>separator=;</arg>
<doc>Splits the ``string`` using ``separator`` as a delimiter string.</doc>
<status status="PASS" start="2025-11-07T05:43:00.462631" elapsed="0.000319"/>
</kw>
<kw name="Get From List" owner="Collections">
<msg time="2025-11-07T05:43:00.463265" level="INFO">${TCName} = INT_PS-CSSUser_Reject_Replacement-Charge(T14)</msg>
<var>${TCName}</var>
<arg>${ROWS}</arg>
<arg>0</arg>
<doc>Returns the value specified with an ``index`` from ``list``.</doc>
<status status="PASS" start="2025-11-07T05:43:00.463085" elapsed="0.000210"/>
</kw>
<if>
<branch type="IF" condition="'${TCName}' == '${TEST_NAME}'">
<kw name="Get From List" owner="Collections">
<var>${Profileuser}</var>
<arg>${ROWS}</arg>
<arg>1</arg>
<doc>Returns the value specified with an ``index`` from ``list``.</doc>
<status status="NOT RUN" start="2025-11-07T05:43:00.463618" elapsed="0.000023"/>
</kw>
<kw name="Get From List" owner="Collections">
<var>${Contact}</var>
<arg>${ROWS}</arg>
<arg>2</arg>
<doc>Returns the value specified with an ``index`` from ``list``.</doc>
<status status="NOT RUN" start="2025-11-07T05:43:00.463789" elapsed="0.000061"/>
</kw>
<kw name="Get From List" owner="Collections">
<var>${salesorderID}</var>
<arg>${ROWS}</arg>
<arg>3</arg>
<doc>Returns the value specified with an ``index`` from ``list``.</doc>
<status status="NOT RUN" start="2025-11-07T05:43:00.464013" elapsed="0.000024"/>
</kw>
<kw name="Get From List" owner="Collections">
<var>${ApprovalStatus}</var>
<arg>${ROWS}</arg>
<arg>4</arg>
<doc>Returns the value specified with an ``index`` from ``list``.</doc>
<status status="NOT RUN" start="2025-11-07T05:43:00.464161" elapsed="0.000022"/>
</kw>
<kw name="Get From List" owner="Collections">
<var>${Value}</var>
<arg>${ROWS}</arg>
<arg>5</arg>
<doc>Returns the value specified with an ``index`` from ``list``.</doc>
<status status="NOT RUN" start="2025-11-07T05:43:00.464305" elapsed="0.000022"/>
</kw>
<kw name="Get From List" owner="Collections">
<var>${user}</var>
<arg>${ROWS}</arg>
<arg>6</arg>
<doc>Returns the value specified with an ``index`` from ``list``.</doc>
<status status="NOT RUN" start="2025-11-07T05:43:00.464454" elapsed="0.000022"/>
</kw>
<kw name="Append To List" owner="Collections">
<arg>${TestdataList}</arg>
<arg>${Profileuser}</arg>
<doc>Adds ``values`` to the end of ``list``.</doc>
<status status="NOT RUN" start="2025-11-07T05:43:00.464588" elapsed="0.000022"/>
</kw>
<kw name="Append To List" owner="Collections">
<arg>${TestdataList}</arg>
<arg>${Contact}</arg>
<doc>Adds ``values`` to the end of ``list``.</doc>
<status status="NOT RUN" start="2025-11-07T05:43:00.464735" elapsed="0.000023"/>
</kw>
<kw name="Append To List" owner="Collections">
<arg>${TestdataList}</arg>
<arg>${salesorderID}</arg>
<doc>Adds ``values`` to the end of ``list``.</doc>
<status status="NOT RUN" start="2025-11-07T05:43:00.464895" elapsed="0.000023"/>
</kw>
<kw name="Append To List" owner="Collections">
<arg>${TestdataList}</arg>
<arg>${ApprovalStatus}</arg>
<doc>Adds ``values`` to the end of ``list``.</doc>
<status status="NOT RUN" start="2025-11-07T05:43:00.465039" elapsed="0.000022"/>
</kw>
<kw name="Append To List" owner="Collections">
<arg>${TestdataList}</arg>
<arg>${Value}</arg>
<doc>Adds ``values`` to the end of ``list``.</doc>
<status status="NOT RUN" start="2025-11-07T05:43:00.465178" elapsed="0.000022"/>
</kw>
<kw name="Append To List" owner="Collections">
<arg>${TestdataList}</arg>
<arg>${user}</arg>
<doc>Adds ``values`` to the end of ``list``.</doc>
<status status="NOT RUN" start="2025-11-07T05:43:00.465313" elapsed="0.000023"/>
</kw>
<status status="NOT RUN" start="2025-11-07T05:43:00.463384" elapsed="0.001991"/>
</branch>
<status status="PASS" start="2025-11-07T05:43:00.463357" elapsed="0.002050"/>
</if>
<var name="${Lines}">INT_PS-CSSUser_Reject_Replacement-Charge(T14);itas_r2r_PS-CSS User;Dinesh Ramakrishn;3000009077;Approve;Replacement - Charge;itas_r2r_PS-CSS</var>
<status status="PASS" start="2025-11-07T05:43:00.462529" elapsed="0.002909"/>
</iter>
<iter>
<kw name="Split String" owner="String">
<msg time="2025-11-07T05:43:00.466017" level="INFO">@{ROWS} = [ INT_PS-CSSUser_Approve_Partial Credit Memo Request(T15) | itas_r2r_PS-CSS User | Dinesh Ramakrishn | 3000009077 | Approve | Partial Credit Memo Request | itas_r2r_PS-CSS ]</msg>
<var>@{ROWS}</var>
<arg>${Lines}</arg>
<arg>separator=;</arg>
<doc>Splits the ``string`` using ``separator`` as a delimiter string.</doc>
<status status="PASS" start="2025-11-07T05:43:00.465763" elapsed="0.000288"/>
</kw>
<kw name="Get From List" owner="Collections">
<msg time="2025-11-07T05:43:00.466363" level="INFO">${TCName} = INT_PS-CSSUser_Approve_Partial Credit Memo Request(T15)</msg>
<var>${TCName}</var>
<arg>${ROWS}</arg>
<arg>0</arg>
<doc>Returns the value specified with an ``index`` from ``list``.</doc>
<status status="PASS" start="2025-11-07T05:43:00.466181" elapsed="0.000212"/>
</kw>
<if>
<branch type="IF" condition="'${TCName}' == '${TEST_NAME}'">
<kw name="Get From List" owner="Collections">
<var>${Profileuser}</var>
<arg>${ROWS}</arg>
<arg>1</arg>
<doc>Returns the value specified with an ``index`` from ``list``.</doc>
<status status="NOT RUN" start="2025-11-07T05:43:00.466711" elapsed="0.000024"/>
</kw>
<kw name="Get From List" owner="Collections">
<var>${Contact}</var>
<arg>${ROWS}</arg>
<arg>2</arg>
<doc>Returns the value specified with an ``index`` from ``list``.</doc>
<status status="NOT RUN" start="2025-11-07T05:43:00.466879" elapsed="0.000022"/>
</kw>
<kw name="Get From List" owner="Collections">
<var>${salesorderID}</var>
<arg>${ROWS}</arg>
<arg>3</arg>
<doc>Returns the value specified with an ``index`` from ``list``.</doc>
<status status="NOT RUN" start="2025-11-07T05:43:00.467029" elapsed="0.000022"/>
</kw>
<kw name="Get From List" owner="Collections">
<var>${ApprovalStatus}</var>
<arg>${ROWS}</arg>
<arg>4</arg>
<doc>Returns the value specified with an ``index`` from ``list``.</doc>
<status status="NOT RUN" start="2025-11-07T05:43:00.467170" elapsed="0.000021"/>
</kw>
<kw name="Get From List" owner="Collections">
<var>${Value}</var>
<arg>${ROWS}</arg>
<arg>5</arg>
<doc>Returns the value specified with an ``index`` from ``list``.</doc>
<status status="NOT RUN" start="2025-11-07T05:43:00.467316" elapsed="0.000024"/>
</kw>
<kw name="Get From List" owner="Collections">
<var>${user}</var>
<arg>${ROWS}</arg>
<arg>6</arg>
<doc>Returns the value specified with an ``index`` from ``list``.</doc>
<status status="NOT RUN" start="2025-11-07T05:43:00.467462" elapsed="0.000028"/>
</kw>
<kw name="Append To List" owner="Collections">
<arg>${TestdataList}</arg>
<arg>${Profileuser}</arg>
<doc>Adds ``values`` to the end of ``list``.</doc>
<status status="NOT RUN" start="2025-11-07T05:43:00.467609" elapsed="0.000021"/>
</kw>
<kw name="Append To List" owner="Collections">
<arg>${TestdataList}</arg>
<arg>${Contact}</arg>
<doc>Adds ``values`` to the end of ``list``.</doc>
<status status="NOT RUN" start="2025-11-07T05:43:00.467744" elapsed="0.000027"/>
</kw>
<kw name="Append To List" owner="Collections">
<arg>${TestdataList}</arg>
<arg>${salesorderID}</arg>
<doc>Adds ``values`` to the end of ``list``.</doc>
<status status="NOT RUN" start="2025-11-07T05:43:00.467919" elapsed="0.000023"/>
</kw>
<kw name="Append To List" owner="Collections">
<arg>${TestdataList}</arg>
<arg>${ApprovalStatus}</arg>
<doc>Adds ``values`` to the end of ``list``.</doc>
<status status="NOT RUN" start="2025-11-07T05:43:00.468059" elapsed="0.000022"/>
</kw>
<kw name="Append To List" owner="Collections">
<arg>${TestdataList}</arg>
<arg>${Value}</arg>
<doc>Adds ``values`` to the end of ``list``.</doc>
<status status="NOT RUN" start="2025-11-07T05:43:00.468195" elapsed="0.000021"/>
</kw>
<kw name="Append To List" owner="Collections">
<arg>${TestdataList}</arg>
<arg>${user}</arg>
<doc>Adds ``values`` to the end of ``list``.</doc>
<status status="NOT RUN" start="2025-11-07T05:43:00.468338" elapsed="0.000022"/>
</kw>
<status status="NOT RUN" start="2025-11-07T05:43:00.466476" elapsed="0.001925"/>
</branch>
<status status="PASS" start="2025-11-07T05:43:00.466455" elapsed="0.001977"/>
</if>
<var name="${Lines}">INT_PS-CSSUser_Approve_Partial Credit Memo Request(T15);itas_r2r_PS-CSS User;Dinesh Ramakrishn;3000009077;Approve;Partial Credit Memo Request;itas_r2r_PS-CSS</var>
<status status="PASS" start="2025-11-07T05:43:00.465660" elapsed="0.002803"/>
</iter>
<iter>
<kw name="Split String" owner="String">
<msg time="2025-11-07T05:43:00.469044" level="INFO">@{ROWS} = [ INT_PS-CSSUser_Reject_Partial Credit Memo Request(T15) | itas_r2r_PS-CSS User | Dinesh Ramakrishn | 3000009077 | Approve | Partial Credit Memo Request | itas_r2r_PS-CSS ]</msg>
<var>@{ROWS}</var>
<arg>${Lines}</arg>
<arg>separator=;</arg>
<doc>Splits the ``string`` using ``separator`` as a delimiter string.</doc>
<status status="PASS" start="2025-11-07T05:43:00.468783" elapsed="0.000294"/>
</kw>
<kw name="Get From List" owner="Collections">
<msg time="2025-11-07T05:43:00.469399" level="INFO">${TCName} = INT_PS-CSSUser_Reject_Partial Credit Memo Request(T15)</msg>
<var>${TCName}</var>
<arg>${ROWS}</arg>
<arg>0</arg>
<doc>Returns the value specified with an ``index`` from ``list``.</doc>
<status status="PASS" start="2025-11-07T05:43:00.469215" elapsed="0.000216"/>
</kw>
<if>
<branch type="IF" condition="'${TCName}' == '${TEST_NAME}'">
<kw name="Get From List" owner="Collections">
<var>${Profileuser}</var>
<arg>${ROWS}</arg>
<arg>1</arg>
<doc>Returns the value specified with an ``index`` from ``list``.</doc>
<status status="NOT RUN" start="2025-11-07T05:43:00.469790" elapsed="0.000025"/>
</kw>
<kw name="Get From List" owner="Collections">
<var>${Contact}</var>
<arg>${ROWS}</arg>
<arg>2</arg>
<doc>Returns the value specified with an ``index`` from ``list``.</doc>
<status status="NOT RUN" start="2025-11-07T05:43:00.469969" elapsed="0.000023"/>
</kw>
<kw name="Get From List" owner="Collections">
<var>${salesorderID}</var>
<arg>${ROWS}</arg>
<arg>3</arg>
<doc>Returns the value specified with an ``index`` from ``list``.</doc>
<status status="NOT RUN" start="2025-11-07T05:43:00.470115" elapsed="0.000019"/>
</kw>
<kw name="Get From List" owner="Collections">
<var>${ApprovalStatus}</var>
<arg>${ROWS}</arg>
<arg>4</arg>
<doc>Returns the value specified with an ``index`` from ``list``.</doc>
<status status="NOT RUN" start="2025-11-07T05:43:00.470240" elapsed="0.000019"/>
</kw>
<kw name="Get From List" owner="Collections">
<var>${Value}</var>
<arg>${ROWS}</arg>
<arg>5</arg>
<doc>Returns the value specified with an ``index`` from ``list``.</doc>
<status status="NOT RUN" start="2025-11-07T05:43:00.470367" elapsed="0.000021"/>
</kw>
<kw name="Get From List" owner="Collections">
<var>${user}</var>
<arg>${ROWS}</arg>
<arg>6</arg>
<doc>Returns the value specified with an ``index`` from ``list``.</doc>
<status status="NOT RUN" start="2025-11-07T05:43:00.470504" elapsed="0.000024"/>
</kw>
<kw name="Append To List" owner="Collections">
<arg>${TestdataList}</arg>
<arg>${Profileuser}</arg>
<doc>Adds ``values`` to the end of ``list``.</doc>
<status status="NOT RUN" start="2025-11-07T05:43:00.470659" elapsed="0.000024"/>
</kw>
<kw name="Append To List" owner="Collections">
<arg>${TestdataList}</arg>
<arg>${Contact}</arg>
<doc>Adds ``values`` to the end of ``list``.</doc>
<status status="NOT RUN" start="2025-11-07T05:43:00.470816" elapsed="0.000021"/>
</kw>
<kw name="Append To List" owner="Collections">
<arg>${TestdataList}</arg>
<arg>${salesorderID}</arg>
<doc>Adds ``values`` to the end of ``list``.</doc>
<status status="NOT RUN" start="2025-11-07T05:43:00.470987" elapsed="0.000025"/>
</kw>
<kw name="Append To List" owner="Collections">
<arg>${TestdataList}</arg>
<arg>${ApprovalStatus}</arg>
<doc>Adds ``values`` to the end of ``list``.</doc>
<status status="NOT RUN" start="2025-11-07T05:43:00.471138" elapsed="0.000024"/>
</kw>
<kw name="Append To List" owner="Collections">
<arg>${TestdataList}</arg>
<arg>${Value}</arg>
<doc>Adds ``values`` to the end of ``list``.</doc>
<status status="NOT RUN" start="2025-11-07T05:43:00.471286" elapsed="0.000025"/>
</kw>
<kw name="Append To List" owner="Collections">
<arg>${TestdataList}</arg>
<arg>${user}</arg>
<doc>Adds ``values`` to the end of ``list``.</doc>
<status status="NOT RUN" start="2025-11-07T05:43:00.471440" elapsed="0.000024"/>
</kw>
<status status="NOT RUN" start="2025-11-07T05:43:00.469552" elapsed="0.001955"/>
</branch>
<status status="PASS" start="2025-11-07T05:43:00.469529" elapsed="0.002013"/>
</if>
<var name="${Lines}">INT_PS-CSSUser_Reject_Partial Credit Memo Request(T15);itas_r2r_PS-CSS User;Dinesh Ramakrishn;3000009077;Approve;Partial Credit Memo Request;itas_r2r_PS-CSS</var>
<status status="PASS" start="2025-11-07T05:43:00.468677" elapsed="0.002905"/>
</iter>
<iter>
<kw name="Split String" owner="String">
<msg time="2025-11-07T05:43:00.472228" level="INFO">@{ROWS} = [ INT_PS-CSSUser_Approve_Credit and Debit(T16) | itas_r2r_PS-CSS User | Dinesh Ramakrishn | 3000009077 | Approve |  | itas_r2r_PS-CSS ]</msg>
<var>@{ROWS}</var>
<arg>${Lines}</arg>
<arg>separator=;</arg>
<doc>Splits the ``string`` using ``separator`` as a delimiter string.</doc>
<status status="PASS" start="2025-11-07T05:43:00.471978" elapsed="0.000286"/>
</kw>
<kw name="Get From List" owner="Collections">
<msg time="2025-11-07T05:43:00.472603" level="INFO">${TCName} = INT_PS-CSSUser_Approve_Credit and Debit(T16)</msg>
<var>${TCName}</var>
<arg>${ROWS}</arg>
<arg>0</arg>
<doc>Returns the value specified with an ``index`` from ``list``.</doc>
<status status="PASS" start="2025-11-07T05:43:00.472403" elapsed="0.000236"/>
</kw>
<if>
<branch type="IF" condition="'${TCName}' == '${TEST_NAME}'">
<kw name="Get From List" owner="Collections">
<var>${Profileuser}</var>
<arg>${ROWS}</arg>
<arg>1</arg>
<doc>Returns the value specified with an ``index`` from ``list``.</doc>
<status status="NOT RUN" start="2025-11-07T05:43:00.473002" elapsed="0.000025"/>
</kw>
<kw name="Get From List" owner="Collections">
<var>${Contact}</var>
<arg>${ROWS}</arg>
<arg>2</arg>
<doc>Returns the value specified with an ``index`` from ``list``.</doc>
<status status="NOT RUN" start="2025-11-07T05:43:00.473176" elapsed="0.000027"/>
</kw>
<kw name="Get From List" owner="Collections">
<var>${salesorderID}</var>
<arg>${ROWS}</arg>
<arg>3</arg>
<doc>Returns the value specified with an ``index`` from ``list``.</doc>
<status status="NOT RUN" start="2025-11-07T05:43:00.473338" elapsed="0.000029"/>
</kw>
<kw name="Get From List" owner="Collections">
<var>${ApprovalStatus}</var>
<arg>${ROWS}</arg>
<arg>4</arg>
<doc>Returns the value specified with an ``index`` from ``list``.</doc>
<status status="NOT RUN" start="2025-11-07T05:43:00.473499" elapsed="0.000024"/>
</kw>
<kw name="Get From List" owner="Collections">
<var>${Value}</var>
<arg>${ROWS}</arg>
<arg>5</arg>
<doc>Returns the value specified with an ``index`` from ``list``.</doc>
<status status="NOT RUN" start="2025-11-07T05:43:00.473649" elapsed="0.000028"/>
</kw>
<kw name="Get From List" owner="Collections">
<var>${user}</var>
<arg>${ROWS}</arg>
<arg>6</arg>
<doc>Returns the value specified with an ``index`` from ``list``.</doc>
<status status="NOT RUN" start="2025-11-07T05:43:00.473810" elapsed="0.000025"/>
</kw>
<kw name="Append To List" owner="Collections">
<arg>${TestdataList}</arg>
<arg>${Profileuser}</arg>
<doc>Adds ``values`` to the end of ``list``.</doc>
<status status="NOT RUN" start="2025-11-07T05:43:00.474008" elapsed="0.000027"/>
</kw>
<kw name="Append To List" owner="Collections">
<arg>${TestdataList}</arg>
<arg>${Contact}</arg>
<doc>Adds ``values`` to the end of ``list``.</doc>
<status status="NOT RUN" start="2025-11-07T05:43:00.474156" elapsed="0.000023"/>
</kw>
<kw name="Append To List" owner="Collections">
<arg>${TestdataList}</arg>
<arg>${salesorderID}</arg>
<doc>Adds ``values`` to the end of ``list``.</doc>
<status status="NOT RUN" start="2025-11-07T05:43:00.474305" elapsed="0.000026"/>
</kw>
<kw name="Append To List" owner="Collections">
<arg>${TestdataList}</arg>
<arg>${ApprovalStatus}</arg>
<doc>Adds ``values`` to the end of ``list``.</doc>
<status status="NOT RUN" start="2025-11-07T05:43:00.474480" elapsed="0.000025"/>
</kw>
<kw name="Append To List" owner="Collections">
<arg>${TestdataList}</arg>
<arg>${Value}</arg>
<doc>Adds ``values`` to the end of ``list``.</doc>
<status status="NOT RUN" start="2025-11-07T05:43:00.474622" elapsed="0.000027"/>
</kw>
<kw name="Append To List" owner="Collections">
<arg>${TestdataList}</arg>
<arg>${user}</arg>
<doc>Adds ``values`` to the end of ``list``.</doc>
<status status="NOT RUN" start="2025-11-07T05:43:00.474770" elapsed="0.000024"/>
</kw>
<status status="NOT RUN" start="2025-11-07T05:43:00.472728" elapsed="0.002111"/>
</branch>
<status status="PASS" start="2025-11-07T05:43:00.472704" elapsed="0.002198"/>
</if>
<var name="${Lines}">INT_PS-CSSUser_Approve_Credit and Debit(T16);itas_r2r_PS-CSS User;Dinesh Ramakrishn;3000009077;Approve;;itas_r2r_PS-CSS</var>
<status status="PASS" start="2025-11-07T05:43:00.471816" elapsed="0.003122"/>
</iter>
<iter>
<kw name="Split String" owner="String">
<msg time="2025-11-07T05:43:00.475428" level="INFO">@{ROWS} = [ INT_PS-CSSUser_Reject_Credit and Debit(T16) | itas_r2r_PS-CSS User | Dinesh Ramakrishn | 3000009077 | Approve |  | itas_r2r_PS-CSS ]</msg>
<var>@{ROWS}</var>
<arg>${Lines}</arg>
<arg>separator=;</arg>
<doc>Splits the ``string`` using ``separator`` as a delimiter string.</doc>
<status status="PASS" start="2025-11-07T05:43:00.475270" elapsed="0.000207"/>
</kw>
<kw name="Get From List" owner="Collections">
<msg time="2025-11-07T05:43:00.475685" level="INFO">${TCName} = INT_PS-CSSUser_Reject_Credit and Debit(T16)</msg>
<var>${TCName}</var>
<arg>${ROWS}</arg>
<arg>0</arg>
<doc>Returns the value specified with an ``index`` from ``list``.</doc>
<status status="PASS" start="2025-11-07T05:43:00.475566" elapsed="0.000139"/>
</kw>
<if>
<branch type="IF" condition="'${TCName}' == '${TEST_NAME}'">
<kw name="Get From List" owner="Collections">
<var>${Profileuser}</var>
<arg>${ROWS}</arg>
<arg>1</arg>
<doc>Returns the value specified with an ``index`` from ``list``.</doc>
<status status="NOT RUN" start="2025-11-07T05:43:00.475948" elapsed="0.000016"/>
</kw>
<kw name="Get From List" owner="Collections">
<var>${Contact}</var>
<arg>${ROWS}</arg>
<arg>2</arg>
<doc>Returns the value specified with an ``index`` from ``list``.</doc>
<status status="NOT RUN" start="2025-11-07T05:43:00.476044" elapsed="0.000015"/>
</kw>
<kw name="Get From List" owner="Collections">
<var>${salesorderID}</var>
<arg>${ROWS}</arg>
<arg>3</arg>
<doc>Returns the value specified with an ``index`` from ``list``.</doc>
<status status="NOT RUN" start="2025-11-07T05:43:00.476132" elapsed="0.000013"/>
</kw>
<kw name="Get From List" owner="Collections">
<var>${ApprovalStatus}</var>
<arg>${ROWS}</arg>
<arg>4</arg>
<doc>Returns the value specified with an ``index`` from ``list``.</doc>
<status status="NOT RUN" start="2025-11-07T05:43:00.476217" elapsed="0.000014"/>
</kw>
<kw name="Get From List" owner="Collections">
<var>${Value}</var>
<arg>${ROWS}</arg>
<arg>5</arg>
<doc>Returns the value specified with an ``index`` from ``list``.</doc>
<status status="NOT RUN" start="2025-11-07T05:43:00.476302" elapsed="0.000013"/>
</kw>
<kw name="Get From List" owner="Collections">
<var>${user}</var>
<arg>${ROWS}</arg>
<arg>6</arg>
<doc>Returns the value specified with an ``index`` from ``list``.</doc>
<status status="NOT RUN" start="2025-11-07T05:43:00.476385" elapsed="0.000013"/>
</kw>
<kw name="Append To List" owner="Collections">
<arg>${TestdataList}</arg>
<arg>${Profileuser}</arg>
<doc>Adds ``values`` to the end of ``list``.</doc>
<status status="NOT RUN" start="2025-11-07T05:43:00.476468" elapsed="0.000013"/>
</kw>
<kw name="Append To List" owner="Collections">
<arg>${TestdataList}</arg>
<arg>${Contact}</arg>
<doc>Adds ``values`` to the end of ``list``.</doc>
<status status="NOT RUN" start="2025-11-07T05:43:00.476548" elapsed="0.000013"/>
</kw>
<kw name="Append To List" owner="Collections">
<arg>${TestdataList}</arg>
<arg>${salesorderID}</arg>
<doc>Adds ``values`` to the end of ``list``.</doc>
<status status="NOT RUN" start="2025-11-07T05:43:00.476627" elapsed="0.000013"/>
</kw>
<kw name="Append To List" owner="Collections">
<arg>${TestdataList}</arg>
<arg>${ApprovalStatus}</arg>
<doc>Adds ``values`` to the end of ``list``.</doc>
<status status="NOT RUN" start="2025-11-07T05:43:00.476707" elapsed="0.000013"/>
</kw>
<kw name="Append To List" owner="Collections">
<arg>${TestdataList}</arg>
<arg>${Value}</arg>
<doc>Adds ``values`` to the end of ``list``.</doc>
<status status="NOT RUN" start="2025-11-07T05:43:00.476787" elapsed="0.000012"/>
</kw>
<kw name="Append To List" owner="Collections">
<arg>${TestdataList}</arg>
<arg>${user}</arg>
<doc>Adds ``values`` to the end of ``list``.</doc>
<status status="NOT RUN" start="2025-11-07T05:43:00.476884" elapsed="0.000019"/>
</kw>
<status status="NOT RUN" start="2025-11-07T05:43:00.475760" elapsed="0.001168"/>
</branch>
<status status="PASS" start="2025-11-07T05:43:00.475745" elapsed="0.001202"/>
</if>
<var name="${Lines}">INT_PS-CSSUser_Reject_Credit and Debit(T16);itas_r2r_PS-CSS User;Dinesh Ramakrishn;3000009077;Approve;;itas_r2r_PS-CSS</var>
<status status="PASS" start="2025-11-07T05:43:00.475197" elapsed="0.001769"/>
</iter>
<iter>
<kw name="Split String" owner="String">
<msg time="2025-11-07T05:43:00.477318" level="INFO">@{ROWS} = [ INT_PS-CSSUser_Approve_Partial Debit Memo Request(T17) | itas_r2r_PS-CSS User | Dinesh Ramakrishn | 3000009077 | Approve | Partial Debit Memo Request | itas_r2r_PS-CSS ]</msg>
<var>@{ROWS}</var>
<arg>${Lines}</arg>
<arg>separator=;</arg>
<doc>Splits the ``string`` using ``separator`` as a delimiter string.</doc>
<status status="PASS" start="2025-11-07T05:43:00.477168" elapsed="0.000171"/>
</kw>
<kw name="Get From List" owner="Collections">
<msg time="2025-11-07T05:43:00.477533" level="INFO">${TCName} = INT_PS-CSSUser_Approve_Partial Debit Memo Request(T17)</msg>
<var>${TCName}</var>
<arg>${ROWS}</arg>
<arg>0</arg>
<doc>Returns the value specified with an ``index`` from ``list``.</doc>
<status status="PASS" start="2025-11-07T05:43:00.477419" elapsed="0.000133"/>
</kw>
<if>
<branch type="IF" condition="'${TCName}' == '${TEST_NAME}'">
<kw name="Get From List" owner="Collections">
<var>${Profileuser}</var>
<arg>${ROWS}</arg>
<arg>1</arg>
<doc>Returns the value specified with an ``index`` from ``list``.</doc>
<status status="NOT RUN" start="2025-11-07T05:43:00.477750" elapsed="0.000015"/>
</kw>
<kw name="Get From List" owner="Collections">
<var>${Contact}</var>
<arg>${ROWS}</arg>
<arg>2</arg>
<doc>Returns the value specified with an ``index`` from ``list``.</doc>
<status status="NOT RUN" start="2025-11-07T05:43:00.477840" elapsed="0.000031"/>
</kw>
<kw name="Get From List" owner="Collections">
<var>${salesorderID}</var>
<arg>${ROWS}</arg>
<arg>3</arg>
<doc>Returns the value specified with an ``index`` from ``list``.</doc>
<status status="NOT RUN" start="2025-11-07T05:43:00.477948" elapsed="0.000013"/>
</kw>
<kw name="Get From List" owner="Collections">
<var>${ApprovalStatus}</var>
<arg>${ROWS}</arg>
<arg>4</arg>
<doc>Returns the value specified with an ``index`` from ``list``.</doc>
<status status="NOT RUN" start="2025-11-07T05:43:00.478037" elapsed="0.000013"/>
</kw>
<kw name="Get From List" owner="Collections">
<var>${Value}</var>
<arg>${ROWS}</arg>
<arg>5</arg>
<doc>Returns the value specified with an ``index`` from ``list``.</doc>
<status status="NOT RUN" start="2025-11-07T05:43:00.478122" elapsed="0.000013"/>
</kw>
<kw name="Get From List" owner="Collections">
<var>${user}</var>
<arg>${ROWS}</arg>
<arg>6</arg>
<doc>Returns the value specified with an ``index`` from ``list``.</doc>
<status status="NOT RUN" start="2025-11-07T05:43:00.478205" elapsed="0.000013"/>
</kw>
<kw name="Append To List" owner="Collections">
<arg>${TestdataList}</arg>
<arg>${Profileuser}</arg>
<doc>Adds ``values`` to the end of ``list``.</doc>
<status status="NOT RUN" start="2025-11-07T05:43:00.478288" elapsed="0.000013"/>
</kw>
<kw name="Append To List" owner="Collections">
<arg>${TestdataList}</arg>
<arg>${Contact}</arg>
<doc>Adds ``values`` to the end of ``list``.</doc>
<status status="NOT RUN" start="2025-11-07T05:43:00.478406" elapsed="0.000019"/>
</kw>
<kw name="Append To List" owner="Collections">
<arg>${TestdataList}</arg>
<arg>${salesorderID}</arg>
<doc>Adds ``values`` to the end of ``list``.</doc>
<status status="NOT RUN" start="2025-11-07T05:43:00.478509" elapsed="0.000014"/>
</kw>
<kw name="Append To List" owner="Collections">
<arg>${TestdataList}</arg>
<arg>${ApprovalStatus}</arg>
<doc>Adds ``values`` to the end of ``list``.</doc>
<status status="NOT RUN" start="2025-11-07T05:43:00.478593" elapsed="0.000013"/>
</kw>
<kw name="Append To List" owner="Collections">
<arg>${TestdataList}</arg>
<arg>${Value}</arg>
<doc>Adds ``values`` to the end of ``list``.</doc>
<status status="NOT RUN" start="2025-11-07T05:43:00.478672" elapsed="0.000013"/>
</kw>
<kw name="Append To List" owner="Collections">
<arg>${TestdataList}</arg>
<arg>${user}</arg>
<doc>Adds ``values`` to the end of ``list``.</doc>
<status status="NOT RUN" start="2025-11-07T05:43:00.478755" elapsed="0.000013"/>
</kw>
<status status="NOT RUN" start="2025-11-07T05:43:00.477604" elapsed="0.001187"/>
</branch>
<status status="PASS" start="2025-11-07T05:43:00.477590" elapsed="0.001219"/>
</if>
<var name="${Lines}">INT_PS-CSSUser_Approve_Partial Debit Memo Request(T17);itas_r2r_PS-CSS User;Dinesh Ramakrishn;3000009077;Approve;Partial Debit Memo Request;itas_r2r_PS-CSS</var>
<status status="PASS" start="2025-11-07T05:43:00.477101" elapsed="0.001726"/>
</iter>
<iter>
<kw name="Split String" owner="String">
<msg time="2025-11-07T05:43:00.479237" level="INFO">@{ROWS} = [ INT_PS-CSSUser_Reject_Partial Debit Memo Request(T17) | itas_r2r_PS-CSS User | Dinesh Ramakrishn | 3000009077 | Approve | Partial Debit Memo Request | itas_r2r_PS-CSS ]</msg>
<var>@{ROWS}</var>
<arg>${Lines}</arg>
<arg>separator=;</arg>
<doc>Splits the ``string`` using ``separator`` as a delimiter string.</doc>
<status status="PASS" start="2025-11-07T05:43:00.479084" elapsed="0.000174"/>
</kw>
<kw name="Get From List" owner="Collections">
<msg time="2025-11-07T05:43:00.479476" level="INFO">${TCName} = INT_PS-CSSUser_Reject_Partial Debit Memo Request(T17)</msg>
<var>${TCName}</var>
<arg>${ROWS}</arg>
<arg>0</arg>
<doc>Returns the value specified with an ``index`` from ``list``.</doc>
<status status="PASS" start="2025-11-07T05:43:00.479361" elapsed="0.000134"/>
</kw>
<if>
<branch type="IF" condition="'${TCName}' == '${TEST_NAME}'">
<kw name="Get From List" owner="Collections">
<var>${Profileuser}</var>
<arg>${ROWS}</arg>
<arg>1</arg>
<doc>Returns the value specified with an ``index`` from ``list``.</doc>
<status status="NOT RUN" start="2025-11-07T05:43:00.479696" elapsed="0.000015"/>
</kw>
<kw name="Get From List" owner="Collections">
<var>${Contact}</var>
<arg>${ROWS}</arg>
<arg>2</arg>
<doc>Returns the value specified with an ``index`` from ``list``.</doc>
<status status="NOT RUN" start="2025-11-07T05:43:00.479787" elapsed="0.000014"/>
</kw>
<kw name="Get From List" owner="Collections">
<var>${salesorderID}</var>
<arg>${ROWS}</arg>
<arg>3</arg>
<doc>Returns the value specified with an ``index`` from ``list``.</doc>
<status status="NOT RUN" start="2025-11-07T05:43:00.479909" elapsed="0.000016"/>
</kw>
<kw name="Get From List" owner="Collections">
<var>${ApprovalStatus}</var>
<arg>${ROWS}</arg>
<arg>4</arg>
<doc>Returns the value specified with an ``index`` from ``list``.</doc>
<status status="NOT RUN" start="2025-11-07T05:43:00.480002" elapsed="0.000014"/>
</kw>
<kw name="Get From List" owner="Collections">
<var>${Value}</var>
<arg>${ROWS}</arg>
<arg>5</arg>
<doc>Returns the value specified with an ``index`` from ``list``.</doc>
<status status="NOT RUN" start="2025-11-07T05:43:00.480086" elapsed="0.000013"/>
</kw>
<kw name="Get From List" owner="Collections">
<var>${user}</var>
<arg>${ROWS}</arg>
<arg>6</arg>
<doc>Returns the value specified with an ``index`` from ``list``.</doc>
<status status="NOT RUN" start="2025-11-07T05:43:00.480170" elapsed="0.000014"/>
</kw>
<kw name="Append To List" owner="Collections">
<arg>${TestdataList}</arg>
<arg>${Profileuser}</arg>
<doc>Adds ``values`` to the end of ``list``.</doc>
<status status="NOT RUN" start="2025-11-07T05:43:00.480252" elapsed="0.000021"/>
</kw>
<kw name="Append To List" owner="Collections">
<arg>${TestdataList}</arg>
<arg>${Contact}</arg>
<doc>Adds ``values`` to the end of ``list``.</doc>
<status status="NOT RUN" start="2025-11-07T05:43:00.480342" elapsed="0.000014"/>
</kw>
<kw name="Append To List" owner="Collections">
<arg>${TestdataList}</arg>
<arg>${salesorderID}</arg>
<doc>Adds ``values`` to the end of ``list``.</doc>
<status status="NOT RUN" start="2025-11-07T05:43:00.480421" elapsed="0.000013"/>
</kw>
<kw name="Append To List" owner="Collections">
<arg>${TestdataList}</arg>
<arg>${ApprovalStatus}</arg>
<doc>Adds ``values`` to the end of ``list``.</doc>
<status status="NOT RUN" start="2025-11-07T05:43:00.480501" elapsed="0.000013"/>
</kw>
<kw name="Append To List" owner="Collections">
<arg>${TestdataList}</arg>
<arg>${Value}</arg>
<doc>Adds ``values`` to the end of ``list``.</doc>
<status status="NOT RUN" start="2025-11-07T05:43:00.480580" elapsed="0.000013"/>
</kw>
<kw name="Append To List" owner="Collections">
<arg>${TestdataList}</arg>
<arg>${user}</arg>
<doc>Adds ``values`` to the end of ``list``.</doc>
<status status="NOT RUN" start="2025-11-07T05:43:00.480659" elapsed="0.000013"/>
</kw>
<status status="NOT RUN" start="2025-11-07T05:43:00.479548" elapsed="0.001147"/>
</branch>
<status status="PASS" start="2025-11-07T05:43:00.479535" elapsed="0.001179"/>
</if>
<var name="${Lines}">INT_PS-CSSUser_Reject_Partial Debit Memo Request(T17);itas_r2r_PS-CSS User;Dinesh Ramakrishn;3000009077;Approve;Partial Debit Memo Request;itas_r2r_PS-CSS</var>
<status status="PASS" start="2025-11-07T05:43:00.479017" elapsed="0.001715"/>
</iter>
<iter>
<kw name="Split String" owner="String">
<msg time="2025-11-07T05:43:00.481095" level="INFO">@{ROWS} = [ INT_PS-CSSUser_Approve_Credit Memo Request(T18) | itas_r2r_PS-CSS User | Dinesh Ramakrishn | 3000009077 | Approve | Credit Memo Request | itas_r2r_PS-CSS ]</msg>
<var>@{ROWS}</var>
<arg>${Lines}</arg>
<arg>separator=;</arg>
<doc>Splits the ``string`` using ``separator`` as a delimiter string.</doc>
<status status="PASS" start="2025-11-07T05:43:00.480949" elapsed="0.000172"/>
</kw>
<kw name="Get From List" owner="Collections">
<msg time="2025-11-07T05:43:00.481312" level="INFO">${TCName} = INT_PS-CSSUser_Approve_Credit Memo Request(T18)</msg>
<var>${TCName}</var>
<arg>${ROWS}</arg>
<arg>0</arg>
<doc>Returns the value specified with an ``index`` from ``list``.</doc>
<status status="PASS" start="2025-11-07T05:43:00.481200" elapsed="0.000131"/>
</kw>
<if>
<branch type="IF" condition="'${TCName}' == '${TEST_NAME}'">
<kw name="Get From List" owner="Collections">
<msg time="2025-11-07T05:43:00.481657" level="INFO">${Profileuser} = itas_r2r_PS-CSS User</msg>
<var>${Profileuser}</var>
<arg>${ROWS}</arg>
<arg>1</arg>
<doc>Returns the value specified with an ``index`` from ``list``.</doc>
<status status="PASS" start="2025-11-07T05:43:00.481542" elapsed="0.000134"/>
</kw>
<kw name="Get From List" owner="Collections">
<msg time="2025-11-07T05:43:00.481880" level="INFO">${Contact} = Dinesh Ramakrishn</msg>
<var>${Contact}</var>
<arg>${ROWS}</arg>
<arg>2</arg>
[...]
<msg time="2025-11-07T05:43:00.684607" level="INFO">@{ROWS} = [ INT_Research EMEA - Sales_Reject_Credit Memo Request(T18) | itas_r2r_EMEA Research - Sales | Dinesh Ramakrishn | 3000009077 | Approve | Credit Memo Request | itas_r2r_EMEAResearchSales ]</msg>
<var>@{ROWS}</var>
<arg>${Lines}</arg>
<arg>separator=;</arg>
<doc>Splits the ``string`` using ``separator`` as a delimiter string.</doc>
<status status="PASS" start="2025-11-07T05:43:00.684470" elapsed="0.000161"/>
</kw>
<kw name="Get From List" owner="Collections">
<msg time="2025-11-07T05:43:00.684827" level="INFO">${TCName} = INT_Research EMEA - Sales_Reject_Credit Memo Request(T18)</msg>
<var>${TCName}</var>
<arg>${ROWS}</arg>
<arg>0</arg>
<doc>Returns the value specified with an ``index`` from ``list``.</doc>
<status status="PASS" start="2025-11-07T05:43:00.684707" elapsed="0.000139"/>
</kw>
<if>
<branch type="IF" condition="'${TCName}' == '${TEST_NAME}'">
<kw name="Get From List" owner="Collections">
<var>${Profileuser}</var>
<arg>${ROWS}</arg>
<arg>1</arg>
<doc>Returns the value specified with an ``index`` from ``list``.</doc>
<status status="NOT RUN" start="2025-11-07T05:43:00.685058" elapsed="0.000015"/>
</kw>
<kw name="Get From List" owner="Collections">
<var>${Contact}</var>
<arg>${ROWS}</arg>
<arg>2</arg>
<doc>Returns the value specified with an ``index`` from ``list``.</doc>
<status status="NOT RUN" start="2025-11-07T05:43:00.685147" elapsed="0.000013"/>
</kw>
<kw name="Get From List" owner="Collections">
<var>${salesorderID}</var>
<arg>${ROWS}</arg>
<arg>3</arg>
<doc>Returns the value specified with an ``index`` from ``list``.</doc>
<status status="NOT RUN" start="2025-11-07T05:43:00.685230" elapsed="0.000013"/>
</kw>
<kw name="Get From List" owner="Collections">
<var>${ApprovalStatus}</var>
<arg>${ROWS}</arg>
<arg>4</arg>
<doc>Returns the value specified with an ``index`` from ``list``.</doc>
<status status="NOT RUN" start="2025-11-07T05:43:00.685312" elapsed="0.000012"/>
</kw>
<kw name="Get From List" owner="Collections">
<var>${Value}</var>
<arg>${ROWS}</arg>
<arg>5</arg>
<doc>Returns the value specified with an ``index`` from ``list``.</doc>
<status status="NOT RUN" start="2025-11-07T05:43:00.685398" elapsed="0.000013"/>
</kw>
<kw name="Get From List" owner="Collections">
<var>${user}</var>
<arg>${ROWS}</arg>
<arg>6</arg>
<doc>Returns the value specified with an ``index`` from ``list``.</doc>
<status status="NOT RUN" start="2025-11-07T05:43:00.685480" elapsed="0.000013"/>
</kw>
<kw name="Append To List" owner="Collections">
<arg>${TestdataList}</arg>
<arg>${Profileuser}</arg>
<doc>Adds ``values`` to the end of ``list``.</doc>
<status status="NOT RUN" start="2025-11-07T05:43:00.685561" elapsed="0.000012"/>
</kw>
<kw name="Append To List" owner="Collections">
<arg>${TestdataList}</arg>
<arg>${Contact}</arg>
<doc>Adds ``values`` to the end of ``list``.</doc>
<status status="NOT RUN" start="2025-11-07T05:43:00.685638" elapsed="0.000016"/>
</kw>
<kw name="Append To List" owner="Collections">
<arg>${TestdataList}</arg>
<arg>${salesorderID}</arg>
<doc>Adds ``values`` to the end of ``list``.</doc>
<status status="NOT RUN" start="2025-11-07T05:43:00.685720" elapsed="0.000013"/>
</kw>
<kw name="Append To List" owner="Collections">
<arg>${TestdataList}</arg>
<arg>${ApprovalStatus}</arg>
<doc>Adds ``values`` to the end of ``list``.</doc>
<status status="NOT RUN" start="2025-11-07T05:43:00.685831" elapsed="0.000041"/>
</kw>
<kw name="Append To List" owner="Collections">
<arg>${TestdataList}</arg>
<arg>${Value}</arg>
<doc>Adds ``values`` to the end of ``list``.</doc>
<status status="NOT RUN" start="2025-11-07T05:43:00.685945" elapsed="0.000014"/>
</kw>
<kw name="Append To List" owner="Collections">
<arg>${TestdataList}</arg>
<arg>${user}</arg>
<doc>Adds ``values`` to the end of ``list``.</doc>
<status status="NOT RUN" start="2025-11-07T05:43:00.686027" elapsed="0.000012"/>
</kw>
<status status="NOT RUN" start="2025-11-07T05:43:00.684916" elapsed="0.001146"/>
</branch>
<status status="PASS" start="2025-11-07T05:43:00.684901" elapsed="0.001178"/>
</if>
<var name="${Lines}">INT_Research EMEA - Sales_Reject_Credit Memo Request(T18);itas_r2r_EMEA Research - Sales;Dinesh Ramakrishn;3000009077;Approve;Credit Memo Request;itas_r2r_EMEAResearchSales</var>
<status status="PASS" start="2025-11-07T05:43:00.684408" elapsed="0.001688"/>
</iter>
<var>${Lines}</var>
<value>@{File_Lines}</value>
<status status="PASS" start="2025-11-07T05:43:00.438842" elapsed="0.247276"/>
</for>
<return>
<value>${TestdataList}</value>
<status status="PASS" start="2025-11-07T05:43:00.686161" elapsed="0.000043"/>
</return>
<var>${OutputValue}</var>
<arg>${TEST_NAME}</arg>
<status status="PASS" start="2025-11-07T05:43:00.436619" elapsed="0.249710"/>
</kw>
<kw name="Set Variable" owner="BuiltIn">
<msg time="2025-11-07T05:43:00.686546" level="INFO">${Profileuser} = itas_r2r_PS-CSS User</msg>
<var>${Profileuser}</var>
<arg>${OutputValue}[0]</arg>
<doc>Returns the given values which can then be assigned to a variables.</doc>
<status status="PASS" start="2025-11-07T05:43:00.686418" elapsed="0.000146"/>
</kw>
<kw name="Set Variable" owner="BuiltIn">
<msg time="2025-11-07T05:43:00.686750" level="INFO">${Contact} = Dinesh Ramakrishn</msg>
<var>${Contact}</var>
<arg>${OutputValue}[1]</arg>
<doc>Returns the given values which can then be assigned to a variables.</doc>
<status status="PASS" start="2025-11-07T05:43:00.686640" elapsed="0.000129"/>
</kw>
<kw name="Set Variable" owner="BuiltIn">
<msg time="2025-11-07T05:43:00.686972" level="INFO">${salesorderID} = 3000009077</msg>
<var>${salesorderID}</var>
<arg>${OutputValue}[2]</arg>
<doc>Returns the given values which can then be assigned to a variables.</doc>
<status status="PASS" start="2025-11-07T05:43:00.686843" elapsed="0.000147"/>
</kw>
<kw name="Set Variable" owner="BuiltIn">
<msg time="2025-11-07T05:43:00.687175" level="INFO">${Value} = Credit Memo Request</msg>
<var>${Value}</var>
<arg>${OutputValue}[4]</arg>
<doc>Returns the given values which can then be assigned to a variables.</doc>
<status status="PASS" start="2025-11-07T05:43:00.687067" elapsed="0.000126"/>
</kw>
<kw name="Set Variable" owner="BuiltIn">
<msg time="2025-11-07T05:43:00.687378" level="INFO">${user} = itas_r2r_PS-CSS</msg>
<var>${user}</var>
<arg>${OutputValue}[5]</arg>
<doc>Returns the given values which can then be assigned to a variables.</doc>
<status status="PASS" start="2025-11-07T05:43:00.687266" elapsed="0.000131"/>
</kw>
<kw name="LoginToSalesforce" owner="common">
<kw name="Go To" owner="QWeb">
<arg>${TestData_Uat.Url}</arg>
<tag>Browser</tag>
<tag>Interaction</tag>
<doc>Switch current page to given url.</doc>
<status status="PASS" start="2025-11-07T05:43:00.687703" elapsed="1.064768"/>
</kw>
<kw name="Click Text" owner="QWeb">
<arg>Log in with</arg>
<tag>Interaction</tag>
<tag>Text</tag>
<doc>Click text on web page.</doc>
<status status="PASS" start="2025-11-07T05:43:01.752678" elapsed="0.659490"/>
</kw>
<kw name="Sleep" owner="BuiltIn">
<msg time="2025-11-07T05:43:03.412809" level="INFO">Slept 1 second.</msg>
<arg>1s</arg>
<doc>Pauses the test executed for the given time.</doc>
<status status="PASS" start="2025-11-07T05:43:02.412430" elapsed="1.000523"/>
</kw>
<doc>Login to Salesforce instance</doc>
<status status="PASS" start="2025-11-07T05:43:00.687515" elapsed="2.725528"/>
</kw>
<if>
<branch type="IF" condition="'${CSSUser}' in '${TEST_NAME}'">
<kw name="Log into Profile" owner="common">
<kw name="Sleep" owner="BuiltIn">
<msg time="2025-11-07T05:43:06.414060" level="INFO">Slept 3 seconds.</msg>
<arg>3s</arg>
<doc>Pauses the test executed for the given time.</doc>
<status status="PASS" start="2025-11-07T05:43:03.413788" elapsed="3.000401"/>
</kw>
<kw name="Click Element" owner="QWeb">
<kw name="Log Screenshot" owner="QWeb">
<msg time="2025-11-07T05:44:07.338285" level="INFO">Saved screenshot to /home/runner/work/Copado-Test/Copado-Test/reports/screenshots/screenshot-INT_PS-CSSUser_Approve_Credit_Memo_Request(T18)-5e0d1b8c-1135-4a4d-9412-935748065d1b.png</msg>
<msg time="2025-11-07T05:44:07.341931" level="INFO">Current url is: https://fs.merckgroup.com/adfs/ls/?client-request-id=cc99d9d9-6ede-4eda-87e4-0744a64144fb&amp;username=&amp;wa=wsignin1.0&amp;wtrealm=urn%3afederation%3aMicrosoftOnline&amp;wctx=estsredirect%3d2%26estsrequest%3drQQIARAAlVE7b9NgALT7hIpWLb-BDX2J40eMK1Vgx3Wch2OnSfPwYtmxHceO33addGNA7QgSCx1BQoipYgExIdgqhkpM7YAYQKpY6FiJhXRl6-lOOulOt9wKtJmzkiSIN_N5VzXiJPIBSNUkF6uervmTnDud2bERm340MHID343urqyfnb34-t07bxz8XGZf0-zfI3jNNaKBM4z8NLguvYXzN1vNf4bfzCloiZ5BjpKSRAoCS2f_a5YytNfMeBuUfTHUgyotEh4QmxMsM_2qvE-MU5KhimyZH2UlO0gqHUlnVMBOt3nMoXqF8VBhHlSqfEnwGbQWmxVcB5orKZFCjuwQJYKRtsdi2BQoVp_adclyL6vTuEd3Xbo-GtVpxnE4OexLU5fD-mY6LQqBpYZdW1Em4o7a3a5JXCeuoMrQksVuC5dwCUSI1PdMI6xxvb4c6yIXNgKzG4FebGGRlnGlCdMgcLle5TPbE5o7nY6G4S2rJeqhle4TntgPHWMoZKnafJAV9srt5ikMX8Dw-dxiS3XH6NE8nH83f0_XyKKpERRQMZIEeAFFgDYgcEBQuqHqpI5RA-p04c7vhTnk1tUC_HJx9uPx4Zfk2a-LR49X4fftbzJ0spgXkVrDabdTXYta6X2iaQcuO9YFyyvadX4s0Y5NqBQZcDVmdwvdLDxdWj1Zgi6X4MNl6GgZ-nibvtnvD2N_C0FYSkCuUSbjTufTKnS19uTy-avDDwd_-ON16MeMG9DVBvQP0#</msg>
<msg time="2025-11-07T05:44:07.342056" level="INFO" html="true">&lt;a href="screenshots/screenshot-INT_PS-CSSUser_Approve_Credit_Memo_Request%28T18%29-5e0d1b8c-1135-4a4d-9412-935748065d1b.png"&gt;&lt;img src="screenshots/screenshot-INT_PS-CSSUser_Approve_Credit_Memo_Request%28T18%29-5e0d1b8c-1135-4a4d-9412-935748065d1b.png" width="800px"&gt;&lt;/a&gt;</msg>
<tag>Logging</tag>
<doc>Log screenshot to Robot Framework log.</doc>
<status status="PASS" start="2025-11-07T05:44:07.308839" elapsed="0.033274"/>
</kw>
<arg>//lightning-icon[contains(@class,'slds-icon-utility-setup slds-button__icon slds-global-header__icon forceIcon slds-icon_container')]</arg>
<arg>anchor=Notifications</arg>
<tag>Interaction</tag>
<doc>Click element specified by xpath.</doc>
<status status="FAIL" start="2025-11-07T05:43:06.414411" elapsed="60.929487">QWebElementNotFoundError: Unable to find element for locator //lightning-icon[contains(@class,'slds-icon-utility-setup slds-button__icon slds-global-header__icon forceIcon slds-icon_container')] in 60.0 sec</status>
</kw>
<kw name="Click Text" owner="QWeb">
<arg>Opens in a new tab</arg>
<tag>Interaction</tag>
<tag>Text</tag>
<doc>Click text on web page.</doc>
<status status="NOT RUN" start="2025-11-07T05:44:07.344058" elapsed="0.000022"/>
</kw>
<kw name="Switch Window" owner="QWeb">
<arg>NEW</arg>
<tag>Browser</tag>
<tag>Interaction</tag>
<tag>Window</tag>
<doc>Switch to another tab.</doc>
<status status="NOT RUN" start="2025-11-07T05:44:07.344172" elapsed="0.000015"/>
</kw>
<kw name="Switch Window" owner="QWeb">
<arg>2</arg>
<tag>Browser</tag>
<tag>Interaction</tag>
<tag>Window</tag>
<doc>Switch to another tab.</doc>
<status status="NOT RUN" start="2025-11-07T05:44:07.344259" elapsed="0.000013"/>
</kw>
<kw name="Click Text" owner="QWeb">
<arg>User</arg>
<tag>Interaction</tag>
<tag>Text</tag>
<doc>Click text on web page.</doc>
<status status="NOT RUN" start="2025-11-07T05:44:07.344347" elapsed="0.000013"/>
</kw>
<kw name="Type Text" owner="QWeb">
<arg>Search Setup</arg>
<arg>${Profileuser}</arg>
<tag>Input</tag>
<tag>Interaction</tag>
<doc>Type given text to a text field.</doc>
<status status="NOT RUN" start="2025-11-07T05:44:07.344438" elapsed="0.000014"/>
</kw>
<kw name="Sleep" owner="BuiltIn">
<arg>5s</arg>
<doc>Pauses the test executed for the given time.</doc>
<status status="NOT RUN" start="2025-11-07T05:44:07.344575" elapsed="0.000016"/>
</kw>
<kw name="Click Text" owner="QWeb">
<arg>in Setup</arg>
<tag>Interaction</tag>
<tag>Text</tag>
<doc>Click text on web page.</doc>
<status status="NOT RUN" start="2025-11-07T05:44:07.344669" elapsed="0.000014"/>
</kw>
<kw name="Sleep" owner="BuiltIn">
<arg>3s</arg>
<doc>Pauses the test executed for the given time.</doc>
<status status="NOT RUN" start="2025-11-07T05:44:07.344764" elapsed="0.000013"/>
</kw>
<kw name="Click Text" owner="QWeb">
<arg>Top Results</arg>
<tag>Interaction</tag>
<tag>Text</tag>
<doc>Click text on web page.</doc>
<status status="NOT RUN" start="2025-11-07T05:44:07.344846" elapsed="0.000038"/>
</kw>
<kw name="Sleep" owner="BuiltIn">
<arg>5s</arg>
<doc>Pauses the test executed for the given time.</doc>
<status status="NOT RUN" start="2025-11-07T05:44:07.344958" elapsed="0.000014"/>
</kw>
<kw name="Click Text" owner="QWeb">
<arg>//span[text()\='Users']</arg>
<arg>anchor=Top Results</arg>
<tag>Interaction</tag>
<tag>Text</tag>
<doc>Click text on web page.</doc>
<status status="NOT RUN" start="2025-11-07T05:44:07.345044" elapsed="0.000014"/>
</kw>
<kw name="Sleep" owner="BuiltIn">
<arg>4s</arg>
<doc>Pauses the test executed for the given time.</doc>
<status status="NOT RUN" start="2025-11-07T05:44:07.345138" elapsed="0.000012"/>
</kw>
<kw name="Use Table" owner="QWeb">
<arg>//table[@class\='slds-table slds-table_cell-buffer slds-table_bordered uiVirtualDataGrid--default uiVirtualDataGrid'][1]</arg>
<tag>Tables</tag>
<doc>Define table for all other table keywords.</doc>
<status status="NOT RUN" start="2025-11-07T05:44:07.345217" elapsed="0.000013"/>
</kw>
<kw name="Sleep" owner="BuiltIn">
<arg>3s</arg>
<doc>Pauses the test executed for the given time.</doc>
<status status="NOT RUN" start="2025-11-07T05:44:07.345296" elapsed="0.000013"/>
</kw>
<kw name="Click Text" owner="QWeb">
<arg>${Profileuser}</arg>
<tag>Interaction</tag>
<tag>Text</tag>
<doc>Click text on web page.</doc>
<status status="NOT RUN" start="2025-11-07T05:44:07.345377" elapsed="0.000013"/>
</kw>
<kw name="Sleep" owner="BuiltIn">
<arg>5s</arg>
<doc>Pauses the test executed for the given time.</doc>
<status status="NOT RUN" start="2025-11-07T05:44:07.345456" elapsed="0.000013"/>
</kw>
<kw name="Click Text" owner="QWeb">
<arg>Login</arg>
<tag>Interaction</tag>
<tag>Text</tag>
<doc>Click text on web page.</doc>
<status status="NOT RUN" start="2025-11-07T05:44:07.345543" elapsed="0.000013"/>
</kw>
<kw name="Sleep" owner="BuiltIn">
<arg>8s</arg>
<doc>Pauses the test executed for the given time.</doc>
<status status="NOT RUN" start="2025-11-07T05:44:07.345625" elapsed="0.000012"/>
</kw>
<arg>${Profileuser}</arg>
<status status="FAIL" start="2025-11-07T05:43:03.413497" elapsed="63.932239">QWebElementNotFoundError: Unable to find element for locator //lightning-icon[contains(@class,'slds-icon-utility-setup slds-button__icon slds-global-header__icon forceIcon slds-icon_container')] in 60.0 sec</status>
</kw>
<status status="FAIL" start="2025-11-07T05:43:03.413131" elapsed="63.932655">QWebElementNotFoundError: Unable to find element for locator //lightning-icon[contains(@class,'slds-icon-utility-setup slds-button__icon slds-global-header__icon forceIcon slds-icon_container')] in 60.0 sec</status>
</branch>
<branch type="ELSE IF" condition="'${Export}' in '${TEST_NAME}'">
<kw name="Log into Profile" owner="common">
<arg>${Profileuser}</arg>
<status status="NOT RUN" start="2025-11-07T05:44:07.346067" elapsed="0.000023"/>
</kw>
<status status="NOT RUN" start="2025-11-07T05:44:07.345825" elapsed="0.000289"/>
</branch>
<branch type="ELSE IF" condition="'${Commercial}' in '${TEST_NAME}'">
<kw name="Log into Profile" owner="common">
<arg>${Profileuser}</arg>
<status status="NOT RUN" start="2025-11-07T05:44:07.346440" elapsed="0.000021"/>
</kw>
<status status="NOT RUN" start="2025-11-07T05:44:07.346133" elapsed="0.000351"/>
</branch>
<branch type="ELSE IF" condition="'${Customer}' in '${TEST_NAME}'">
<kw name="Log into Profile" owner="common">
<arg>${Profileuser}</arg>
<status status="NOT RUN" start="2025-11-07T05:44:07.346641" elapsed="0.000017"/>
</kw>
<status status="NOT RUN" start="2025-11-07T05:44:07.346503" elapsed="0.000178"/>
</branch>
<branch type="ELSE IF" condition="'${SuperUser}' in '${TEST_NAME}'">
<kw name="Log into Profile" owner="common">
<arg>${Profileuser}</arg>
<status status="NOT RUN" start="2025-11-07T05:44:07.346898" elapsed="0.000022"/>
</kw>
<status status="NOT RUN" start="2025-11-07T05:44:07.346699" elapsed="0.000247"/>
</branch>
<branch type="ELSE IF" condition="'${SalesandService}' in '${TEST_NAME}'">
<kw name="Log into Profile" owner="common">
<arg>${Profileuser}</arg>
<status status="NOT RUN" start="2025-11-07T05:44:07.347106" elapsed="0.000017"/>
</kw>
<status status="NOT RUN" start="2025-11-07T05:44:07.346965" elapsed="0.000180"/>
</branch>
<branch type="ELSE IF" condition="'${Sales}' in '${TEST_NAME}'">
<kw name="Log into Profile" owner="common">
<arg>${Profileuser}</arg>
<status status="NOT RUN" start="2025-11-07T05:44:07.347298" elapsed="0.000017"/>
</kw>
<status status="NOT RUN" start="2025-11-07T05:44:07.347163" elapsed="0.000173"/>
</branch>
<status status="FAIL" start="2025-11-07T05:43:03.413102" elapsed="63.934253">QWebElementNotFoundError: Unable to find element for locator //lightning-icon[contains(@class,'slds-icon-utility-setup slds-button__icon slds-global-header__icon forceIcon slds-icon_container')] in 60.0 sec</status>
</if>
<kw name="Launching Service Console" owner="common">
<status status="NOT RUN" start="2025-11-07T05:44:07.347483" elapsed="0.000017"/>
</kw>
<kw name="Reference Document Type" owner="common">
<arg>${salesorderID}</arg>
<status status="NOT RUN" start="2025-11-07T05:44:07.347605" elapsed="0.000017"/>
</kw>
<kw name="Create Complaint" owner="common">
<arg>${Contact}</arg>
<status status="NOT RUN" start="2025-11-07T05:44:07.347770" elapsed="0.000017"/>
</kw>
<if>
<branch type="IF" condition="'${CreditAndebitString}' in '${TEST_NAME}'">
<kw name="Create a request for Credit and Debit" owner="common">
<status status="NOT RUN" start="2025-11-07T05:44:07.347995" elapsed="0.000018"/>
</kw>
<status status="NOT RUN" start="2025-11-07T05:44:07.347870" elapsed="0.000163"/>
</branch>
<branch type="ELSE">
<kw name="Create Request" owner="common">
<arg>${Value}</arg>
<status status="NOT RUN" start="2025-11-07T05:44:07.348176" elapsed="0.000018"/>
</kw>
<status status="NOT RUN" start="2025-11-07T05:44:07.348051" elapsed="0.000166"/>
</branch>
<status status="NOT RUN" start="2025-11-07T05:44:07.347831" elapsed="0.000402"/>
</if>
<kw name="Submit Approval Request" owner="common">
<arg>${user}</arg>
<status status="NOT RUN" start="2025-11-07T05:44:07.348322" elapsed="0.000016"/>
</kw>
<arg>${TEST_NAME}</arg>
<status status="FAIL" start="2025-11-07T05:43:00.436066" elapsed="66.912347">QWebElementNotFoundError: Unable to find element for locator //lightning-icon[contains(@class,'slds-icon-utility-setup slds-button__icon slds-global-header__icon forceIcon slds-icon_container')] in 60.0 sec</status>
</kw>
<kw name="Approval Approve" owner="common">
<status status="NOT RUN" start="2025-11-07T05:44:07.348538" elapsed="0.000019"/>
</kw>
<kw name="Close Browser" owner="QWeb">
<tag>Browser</tag>
<tag>Interaction</tag>
<doc>Close current browser.</doc>
<status status="NOT RUN" start="2025-11-07T05:44:07.348637" elapsed="0.000025"/>
</kw>
<kw name="Close All Browsers" owner="QWeb" type="TEARDOWN">
<msg time="2025-11-07T05:44:07.439023" level="INFO">${BROWSER_REUSE} = False</msg>
<tag>Browser</tag>
<tag>Interaction</tag>
<doc>Close all opened browsers.</doc>
<status status="PASS" start="2025-11-07T05:44:07.348896" elapsed="0.090232"/>
</kw>
<doc>Approving the complaint of Credit Memo Request</doc>
<tag>PS-CSS User</tag>
<status status="FAIL" start="2025-11-07T05:43:00.146381" elapsed="67.292816">QWebElementNotFoundError: Unable to find element for locator //lightning-icon[contains(@class,'slds-icon-utility-setup slds-button__icon slds-global-header__icon forceIcon slds-icon_container')] in 60.0 sec</status>
</test>
<status status="FAIL" start="2025-11-07T05:42:59.505963" elapsed="67.933730"/>
</suite>
<statistics>
<total>
<stat pass="0" fail="1" skip="0">All Tests</stat>
</total>
<tag>
<stat pass="0" fail="1" skip="0">PS-CSS User</stat>
</tag>
<suite>
<stat name="INT PS-CSSUser CreditMemoRequest" id="s1" pass="0" fail="1" skip="0">INT PS-CSSUser CreditMemoRequest</stat>
</suite>
</statistics>
<errors>
</errors>
</robot>
